[ 2017-02-10T10:21:42+08:00 ] 192.168.3.106 /shop/Application/Admin/Public/style/jquery.slimscroll.min.js.map
INFO: [ app_init ] --START--
INFO: Run Behavior\BuildLiteBehavior [ RunTime:0.000000s ]
INFO: [ app_init ] --END-- [ RunTime:0.001000s ]
ERR: 无法加载模块:Application

[ 2017-02-10T10:21:53+08:00 ] 192.168.3.106 /shop/Application/Admin/Public/style/jquery.slimscroll.min.js.map
INFO: [ app_init ] --START--
INFO: Run Behavior\BuildLiteBehavior [ RunTime:0.000000s ]
INFO: [ app_init ] --END-- [ RunTime:0.001000s ]
ERR: 无法加载模块:Application

[ 2017-02-10T10:22:10+08:00 ] 192.168.3.106 /shop/Application/Admin/Public/style/jquery.slimscroll.min.js.map
INFO: [ app_init ] --START--
INFO: Run Behavior\BuildLiteBehavior [ RunTime:0.000000s ]
INFO: [ app_init ] --END-- [ RunTime:0.001000s ]
ERR: 无法加载模块:Application

[ 2017-02-10T10:22:25+08:00 ] 192.168.3.106 /shop/Application/Admin/Public/style/jquery.slimscroll.min.js.map
INFO: [ app_init ] --START--
INFO: Run Behavior\BuildLiteBehavior [ RunTime:0.001000s ]
INFO: [ app_init ] --END-- [ RunTime:0.001000s ]
ERR: 无法加载模块:Application

[ 2017-02-10T10:22:48+08:00 ] 192.168.3.106 /shop/Application/Admin/Public/style/jquery.slimscroll.min.js.map
INFO: [ app_init ] --START--
INFO: Run Behavior\BuildLiteBehavior [ RunTime:0.001001s ]
INFO: [ app_init ] --END-- [ RunTime:0.001001s ]
ERR: 无法加载模块:Application

[ 2017-02-10T10:22:57+08:00 ] 192.168.3.106 /shop/Application/Admin/Public/style/jquery.slimscroll.min.js.map
INFO: [ app_init ] --START--
INFO: Run Behavior\BuildLiteBehavior [ RunTime:0.000000s ]
INFO: [ app_init ] --END-- [ RunTime:0.001000s ]
ERR: 无法加载模块:Application

[ 2017-02-10T10:23:16+08:00 ] 192.168.3.106 /shop/Application/Admin/Public/style/jquery.slimscroll.min.js.map
INFO: [ app_init ] --START--
INFO: Run Behavior\BuildLiteBehavior [ RunTime:0.000000s ]
INFO: [ app_init ] --END-- [ RunTime:0.000000s ]
ERR: 无法加载模块:Application

[ 2017-02-10T10:24:37+08:00 ] 192.168.3.106 /shop/Application/Admin/Public/style/jquery.slimscroll.min.js.map
INFO: [ app_init ] --START--
INFO: Run Behavior\BuildLiteBehavior [ RunTime:0.000000s ]
INFO: [ app_init ] --END-- [ RunTime:0.000000s ]
ERR: 无法加载模块:Application

[ 2017-02-10T10:24:50+08:00 ] 192.168.3.106 /shop/Application/Admin/Public/style/jquery.slimscroll.min.js.map
INFO: [ app_init ] --START--
INFO: Run Behavior\BuildLiteBehavior [ RunTime:0.000000s ]
INFO: [ app_init ] --END-- [ RunTime:0.000000s ]
ERR: 无法加载模块:Application

[ 2017-02-10T10:26:20+08:00 ] 192.168.3.106 /shop/Application/Admin/Public/style/jquery.slimscroll.min.js.map
INFO: [ app_init ] --START--
INFO: Run Behavior\BuildLiteBehavior [ RunTime:0.000000s ]
INFO: [ app_init ] --END-- [ RunTime:0.000000s ]
ERR: 无法加载模块:Application

[ 2017-02-10T10:26:38+08:00 ] 192.168.3.106 /shop/Application/Admin/Public/style/jquery.slimscroll.min.js.map
INFO: [ app_init ] --START--
INFO: Run Behavior\BuildLiteBehavior [ RunTime:0.001000s ]
INFO: [ app_init ] --END-- [ RunTime:0.001000s ]
ERR: 无法加载模块:Application

[ 2017-02-10T10:26:49+08:00 ] 192.168.3.106 /shop/Application/Admin/Public/style/jquery.slimscroll.min.js.map
INFO: [ app_init ] --START--
INFO: Run Behavior\BuildLiteBehavior [ RunTime:0.000000s ]
INFO: [ app_init ] --END-- [ RunTime:0.000000s ]
ERR: 无法加载模块:Application

[ 2017-02-10T10:27:04+08:00 ] 192.168.3.106 /shop/Application/Admin/Public/style/jquery.slimscroll.min.js.map
INFO: [ app_init ] --START--
INFO: Run Behavior\BuildLiteBehavior [ RunTime:0.000000s ]
INFO: [ app_init ] --END-- [ RunTime:0.000000s ]
ERR: 无法加载模块:Application

[ 2017-02-10T10:27:49+08:00 ] 192.168.3.106 /shop/Application/Admin/Public/style/jquery.slimscroll.min.js.map
INFO: [ app_init ] --START--
INFO: Run Behavior\BuildLiteBehavior [ RunTime:0.000000s ]
INFO: [ app_init ] --END-- [ RunTime:0.000000s ]
ERR: 无法加载模块:Application

[ 2017-02-10T10:29:11+08:00 ] 192.168.3.106 /shop/Application/Admin/Public/style/jquery.slimscroll.min.js.map
INFO: [ app_init ] --START--
INFO: Run Behavior\BuildLiteBehavior [ RunTime:0.000000s ]
INFO: [ app_init ] --END-- [ RunTime:0.001000s ]
ERR: 无法加载模块:Application

[ 2017-02-10T10:29:37+08:00 ] 192.168.3.106 /shop/Application/Admin/Public/style/jquery.slimscroll.min.js.map
INFO: [ app_init ] --START--
INFO: Run Behavior\BuildLiteBehavior [ RunTime:0.000000s ]
INFO: [ app_init ] --END-- [ RunTime:0.001000s ]
ERR: 无法加载模块:Application

[ 2017-02-10T10:29:45+08:00 ] 192.168.3.106 /shop/Application/Admin/Public/style/jquery.slimscroll.min.js.map
INFO: [ app_init ] --START--
INFO: Run Behavior\BuildLiteBehavior [ RunTime:0.000000s ]
INFO: [ app_init ] --END-- [ RunTime:0.001000s ]
ERR: 无法加载模块:Application

[ 2017-02-10T10:29:54+08:00 ] 192.168.3.106 /shop/Application/Admin/Public/style/jquery.slimscroll.min.js.map
INFO: [ app_init ] --START--
INFO: Run Behavior\BuildLiteBehavior [ RunTime:0.000000s ]
INFO: [ app_init ] --END-- [ RunTime:0.001000s ]
ERR: 无法加载模块:Application

[ 2017-02-10T10:31:01+08:00 ] 192.168.3.106 /shop/Application/Admin/Public/style/jquery.slimscroll.min.js.map
INFO: [ app_init ] --START--
INFO: Run Behavior\BuildLiteBehavior [ RunTime:0.000000s ]
INFO: [ app_init ] --END-- [ RunTime:0.001000s ]
ERR: 无法加载模块:Application

[ 2017-02-10T10:31:11+08:00 ] 192.168.3.106 /shop/Application/Admin/Public/style/jquery.slimscroll.min.js.map
INFO: [ app_init ] --START--
INFO: Run Behavior\BuildLiteBehavior [ RunTime:0.000000s ]
INFO: [ app_init ] --END-- [ RunTime:0.001000s ]
ERR: 无法加载模块:Application

[ 2017-02-10T10:33:36+08:00 ] 192.168.3.106 /shop/Application/Admin/Public/style/jquery.slimscroll.min.js.map
INFO: [ app_init ] --START--
INFO: Run Behavior\BuildLiteBehavior [ RunTime:0.000000s ]
INFO: [ app_init ] --END-- [ RunTime:0.001001s ]
ERR: 无法加载模块:Application

[ 2017-02-10T10:34:28+08:00 ] 192.168.3.106 /shop/Application/Admin/Public/style/jquery.slimscroll.min.js.map
INFO: [ app_init ] --START--
INFO: Run Behavior\BuildLiteBehavior [ RunTime:0.000000s ]
INFO: [ app_init ] --END-- [ RunTime:0.000000s ]
ERR: 无法加载模块:Application

[ 2017-02-10T10:34:37+08:00 ] 192.168.3.106 /shop/Application/Admin/Public/style/jquery.slimscroll.min.js.map
INFO: [ app_init ] --START--
INFO: Run Behavior\BuildLiteBehavior [ RunTime:0.000000s ]
INFO: [ app_init ] --END-- [ RunTime:0.001000s ]
ERR: 无法加载模块:Application

[ 2017-02-10T10:40:07+08:00 ] 192.168.3.106 /shop/Application/Admin/Public/style/jquery.slimscroll.min.js.map
INFO: [ app_init ] --START--
INFO: Run Behavior\BuildLiteBehavior [ RunTime:0.000000s ]
INFO: [ app_init ] --END-- [ RunTime:0.000000s ]
ERR: 无法加载模块:Application

[ 2017-02-10T10:40:10+08:00 ] 192.168.3.106 /shop/Application/Admin/Public/style/jquery.slimscroll.min.js.map
INFO: [ app_init ] --START--
INFO: Run Behavior\BuildLiteBehavior [ RunTime:0.000000s ]
INFO: [ app_init ] --END-- [ RunTime:0.001000s ]
ERR: 无法加载模块:Application

[ 2017-02-10T10:40:34+08:00 ] 192.168.3.106 /shop/Application/Admin/Public/style/jquery.slimscroll.min.js.map
INFO: [ app_init ] --START--
INFO: Run Behavior\BuildLiteBehavior [ RunTime:0.000000s ]
INFO: [ app_init ] --END-- [ RunTime:0.000000s ]
ERR: 无法加载模块:Application

[ 2017-02-10T10:46:20+08:00 ] 192.168.3.106 /shop/Application/Admin/Public/style/jquery.slimscroll.min.js.map
INFO: [ app_init ] --START--
INFO: Run Behavior\BuildLiteBehavior [ RunTime:0.000000s ]
INFO: [ app_init ] --END-- [ RunTime:0.000000s ]
ERR: 无法加载模块:Application

[ 2017-02-10T10:59:38+08:00 ] 192.168.3.106 /shop/Application/Admin/Public/style/jquery.slimscroll.min.js.map
INFO: [ app_init ] --START--
INFO: Run Behavior\BuildLiteBehavior [ RunTime:0.000000s ]
INFO: [ app_init ] --END-- [ RunTime:0.000000s ]
ERR: 无法加载模块:Application

[ 2017-02-10T11:16:50+08:00 ] 192.168.3.106 /shop/Application/Admin/Public/style/jquery.slimscroll.min.js.map
INFO: [ app_init ] --START--
INFO: Run Behavior\BuildLiteBehavior [ RunTime:0.000000s ]
INFO: [ app_init ] --END-- [ RunTime:0.000000s ]
ERR: 无法加载模块:Application

[ 2017-02-10T11:17:07+08:00 ] 192.168.3.106 /shop/Application/Admin/Public/style/jquery.slimscroll.min.js.map
INFO: [ app_init ] --START--
INFO: Run Behavior\BuildLiteBehavior [ RunTime:0.000000s ]
INFO: [ app_init ] --END-- [ RunTime:0.001000s ]
ERR: 无法加载模块:Application

[ 2017-02-10T11:17:29+08:00 ] 192.168.3.106 /shop/Application/Admin/Public/style/jquery.slimscroll.min.js.map
INFO: [ app_init ] --START--
INFO: Run Behavior\BuildLiteBehavior [ RunTime:0.000000s ]
INFO: [ app_init ] --END-- [ RunTime:0.000000s ]
ERR: 无法加载模块:Application

[ 2017-02-10T11:17:38+08:00 ] 192.168.3.106 /shop/Application/Admin/Public/style/jquery.slimscroll.min.js.map
INFO: [ app_init ] --START--
INFO: Run Behavior\BuildLiteBehavior [ RunTime:0.000000s ]
INFO: [ app_init ] --END-- [ RunTime:0.000000s ]
ERR: 无法加载模块:Application

[ 2017-02-10T11:17:50+08:00 ] 192.168.3.106 /shop/Application/Admin/Public/style/jquery.slimscroll.min.js.map
INFO: [ app_init ] --START--
INFO: Run Behavior\BuildLiteBehavior [ RunTime:0.000000s ]
INFO: [ app_init ] --END-- [ RunTime:0.001000s ]
ERR: 无法加载模块:Application

[ 2017-02-10T11:18:11+08:00 ] 192.168.3.106 /shop/Application/Admin/Public/style/jquery.slimscroll.min.js.map
INFO: [ app_init ] --START--
INFO: Run Behavior\BuildLiteBehavior [ RunTime:0.000000s ]
INFO: [ app_init ] --END-- [ RunTime:0.001000s ]
ERR: 无法加载模块:Application

[ 2017-02-10T11:18:20+08:00 ] 192.168.3.106 /shop/Application/Admin/Public/style/jquery.slimscroll.min.js.map
INFO: [ app_init ] --START--
INFO: Run Behavior\BuildLiteBehavior [ RunTime:0.000000s ]
INFO: [ app_init ] --END-- [ RunTime:0.001000s ]
ERR: 无法加载模块:Application

[ 2017-02-10T11:18:29+08:00 ] 192.168.3.106 /shop/Application/Admin/Public/style/jquery.slimscroll.min.js.map
INFO: [ app_init ] --START--
INFO: Run Behavior\BuildLiteBehavior [ RunTime:0.000000s ]
INFO: [ app_init ] --END-- [ RunTime:0.000000s ]
ERR: 无法加载模块:Application

[ 2017-02-10T11:19:50+08:00 ] 192.168.3.106 /shop/Application/Admin/Public/style/jquery.slimscroll.min.js.map
INFO: [ app_init ] --START--
INFO: Run Behavior\BuildLiteBehavior [ RunTime:0.000000s ]
INFO: [ app_init ] --END-- [ RunTime:0.000000s ]
ERR: 无法加载模块:Application

[ 2017-02-10T11:19:56+08:00 ] 192.168.3.106 /shop/Application/Admin/Public/style/jquery.slimscroll.min.js.map
INFO: [ app_init ] --START--
INFO: Run Behavior\BuildLiteBehavior [ RunTime:0.000000s ]
INFO: [ app_init ] --END-- [ RunTime:0.000000s ]
ERR: 无法加载模块:Application

[ 2017-02-10T11:20:02+08:00 ] 192.168.3.106 /shop/Application/Admin/Public/style/jquery.slimscroll.min.js.map
INFO: [ app_init ] --START--
INFO: Run Behavior\BuildLiteBehavior [ RunTime:0.000000s ]
INFO: [ app_init ] --END-- [ RunTime:0.000000s ]
ERR: 无法加载模块:Application

[ 2017-02-10T11:20:10+08:00 ] 192.168.3.106 /shop/Application/Admin/Public/style/jquery.slimscroll.min.js.map
INFO: [ app_init ] --START--
INFO: Run Behavior\BuildLiteBehavior [ RunTime:0.000000s ]
INFO: [ app_init ] --END-- [ RunTime:0.001000s ]
ERR: 无法加载模块:Application

[ 2017-02-10T11:20:16+08:00 ] 192.168.3.106 /shop/Application/Admin/Public/style/jquery.slimscroll.min.js.map
INFO: [ app_init ] --START--
INFO: Run Behavior\BuildLiteBehavior [ RunTime:0.000000s ]
INFO: [ app_init ] --END-- [ RunTime:0.001000s ]
ERR: 无法加载模块:Application

[ 2017-02-10T11:20:24+08:00 ] 192.168.3.106 /shop/Application/Admin/Public/style/jquery.slimscroll.min.js.map
INFO: [ app_init ] --START--
INFO: Run Behavior\BuildLiteBehavior [ RunTime:0.000000s ]
INFO: [ app_init ] --END-- [ RunTime:0.001000s ]
ERR: 无法加载模块:Application

[ 2017-02-10T11:20:32+08:00 ] 192.168.3.106 /shop/Application/Admin/Public/style/jquery.slimscroll.min.js.map
INFO: [ app_init ] --START--
INFO: Run Behavior\BuildLiteBehavior [ RunTime:0.000000s ]
INFO: [ app_init ] --END-- [ RunTime:0.000000s ]
ERR: 无法加载模块:Application

[ 2017-02-10T11:20:37+08:00 ] 192.168.3.106 /shop/Application/Admin/Public/style/jquery.slimscroll.min.js.map
INFO: [ app_init ] --START--
INFO: Run Behavior\BuildLiteBehavior [ RunTime:0.000000s ]
INFO: [ app_init ] --END-- [ RunTime:0.000000s ]
ERR: 无法加载模块:Application

[ 2017-02-10T11:20:42+08:00 ] 192.168.3.106 /shop/Application/Admin/Public/style/jquery.slimscroll.min.js.map
INFO: [ app_init ] --START--
INFO: Run Behavior\BuildLiteBehavior [ RunTime:0.000000s ]
INFO: [ app_init ] --END-- [ RunTime:0.000000s ]
ERR: 无法加载模块:Application

[ 2017-02-10T11:20:54+08:00 ] 192.168.3.106 /shop/Application/Admin/Public/style/jquery.slimscroll.min.js.map
INFO: [ app_init ] --START--
INFO: Run Behavior\BuildLiteBehavior [ RunTime:0.001000s ]
INFO: [ app_init ] --END-- [ RunTime:0.001000s ]
ERR: 无法加载模块:Application

[ 2017-02-10T11:21:01+08:00 ] 192.168.3.106 /shop/Application/Admin/Public/style/jquery.slimscroll.min.js.map
INFO: [ app_init ] --START--
INFO: Run Behavior\BuildLiteBehavior [ RunTime:0.000000s ]
INFO: [ app_init ] --END-- [ RunTime:0.000000s ]
ERR: 无法加载模块:Application

[ 2017-02-10T11:21:07+08:00 ] 192.168.3.106 /shop/Application/Admin/Public/style/jquery.slimscroll.min.js.map
INFO: [ app_init ] --START--
INFO: Run Behavior\BuildLiteBehavior [ RunTime:0.000000s ]
INFO: [ app_init ] --END-- [ RunTime:0.000000s ]
ERR: 无法加载模块:Application

[ 2017-02-10T11:21:15+08:00 ] 192.168.3.106 /shop/Application/Admin/Public/style/jquery.slimscroll.min.js.map
INFO: [ app_init ] --START--
INFO: Run Behavior\BuildLiteBehavior [ RunTime:0.000000s ]
INFO: [ app_init ] --END-- [ RunTime:0.000000s ]
ERR: 无法加载模块:Application

[ 2017-02-10T11:21:25+08:00 ] 192.168.3.106 /shop/Application/Admin/Public/style/jquery.slimscroll.min.js.map
INFO: [ app_init ] --START--
INFO: Run Behavior\BuildLiteBehavior [ RunTime:0.000000s ]
INFO: [ app_init ] --END-- [ RunTime:0.001000s ]
ERR: 无法加载模块:Application

[ 2017-02-10T11:21:31+08:00 ] 192.168.3.106 /shop/Application/Admin/Public/style/jquery.slimscroll.min.js.map
INFO: [ app_init ] --START--
INFO: Run Behavior\BuildLiteBehavior [ RunTime:0.000000s ]
INFO: [ app_init ] --END-- [ RunTime:0.001000s ]
ERR: 无法加载模块:Application

[ 2017-02-10T11:21:38+08:00 ] 192.168.3.106 /shop/Application/Admin/Public/style/jquery.slimscroll.min.js.map
INFO: [ app_init ] --START--
INFO: Run Behavior\BuildLiteBehavior [ RunTime:0.000000s ]
INFO: [ app_init ] --END-- [ RunTime:0.001001s ]
ERR: 无法加载模块:Application

