[ 2017-02-14T09:16:39+08:00 ] 127.0.0.1 /shop/index.php/Admin/Cate/add
INFO: [ app_init ] --START--
INFO: Run Behavior\BuildLiteBehavior [ RunTime:0.000000s ]
INFO: [ app_init ] --END-- [ RunTime:0.000000s ]
INFO: [ app_begin ] --START--
INFO: Run Behavior\ReadHtmlCacheBehavior [ RunTime:0.001000s ]
INFO: [ app_begin ] --END-- [ RunTime:0.001000s ]
INFO: [ view_parse ] --START--
INFO: [ template_filter ] --START--
INFO: Run Behavior\ContentReplaceBehavior [ RunTime:0.000000s ]
INFO: [ template_filter ] --END-- [ RunTime:0.000000s ]
INFO: Run Behavior\ParseTemplateBehavior [ RunTime:0.006000s ]
INFO: [ view_parse ] --END-- [ RunTime:0.006000s ]
INFO: [ view_filter ] --START--
INFO: Run Behavior\WriteHtmlCacheBehavior [ RunTime:0.001000s ]
INFO: [ view_filter ] --END-- [ RunTime:0.001000s ]

[ 2017-02-14T09:16:43+08:00 ] 127.0.0.1 /shop/index.php/Admin/Login/login.html
INFO: [ app_init ] --START--
INFO: Run Behavior\BuildLiteBehavior [ RunTime:0.000000s ]
INFO: [ app_init ] --END-- [ RunTime:0.001000s ]
INFO: [ app_begin ] --START--
INFO: Run Behavior\ReadHtmlCacheBehavior [ RunTime:0.001000s ]
INFO: [ app_begin ] --END-- [ RunTime:0.001000s ]
INFO: [ view_parse ] --START--
INFO: [ template_filter ] --START--
INFO: Run Behavior\ContentReplaceBehavior [ RunTime:0.001000s ]
INFO: [ template_filter ] --END-- [ RunTime:0.001000s ]
INFO: Run Behavior\ParseTemplateBehavior [ RunTime:0.030002s ]
INFO: [ view_parse ] --END-- [ RunTime:0.031002s ]
INFO: [ view_filter ] --START--
INFO: Run Behavior\WriteHtmlCacheBehavior [ RunTime:0.000000s ]
INFO: [ view_filter ] --END-- [ RunTime:0.000000s ]
INFO: [ app_end ] --START--
INFO: Run Behavior\ShowPageTraceBehavior [ RunTime:0.001000s ]
INFO: [ app_end ] --END-- [ RunTime:0.001000s ]

[ 2017-02-14T09:16:44+08:00 ] 127.0.0.1 /shop/index.php/Admin/Login/verify
INFO: [ app_init ] --START--
INFO: Run Behavior\BuildLiteBehavior [ RunTime:0.000000s ]
INFO: [ app_init ] --END-- [ RunTime:0.000000s ]
INFO: [ app_begin ] --START--
INFO: Run Behavior\ReadHtmlCacheBehavior [ RunTime:0.000000s ]
INFO: [ app_begin ] --END-- [ RunTime:0.000000s ]
INFO: [ app_end ] --START--
INFO: Run Behavior\ShowPageTraceBehavior [ RunTime:0.002000s ]
INFO: [ app_end ] --END-- [ RunTime:0.003000s ]

[ 2017-02-14T09:16:50+08:00 ] 127.0.0.1 /shop/index.php/Admin/Login/login.html
INFO: [ app_init ] --START--
INFO: Run Behavior\BuildLiteBehavior [ RunTime:0.000000s ]
INFO: [ app_init ] --END-- [ RunTime:0.001000s ]
INFO: [ app_begin ] --START--
INFO: Run Behavior\ReadHtmlCacheBehavior [ RunTime:0.001000s ]
INFO: [ app_begin ] --END-- [ RunTime:0.001000s ]
SQL: SHOW COLUMNS FROM `think_user` [ RunTime:0.0680s ]
SQL: SELECT * FROM `think_user` WHERE ( password='21232f297a57a5a743894a0e4a801fc3' and username='admin' )  [ RunTime:0.0010s ]
SQL: SELECT * FROM `think_user` WHERE ( username='admin' ) LIMIT 1   [ RunTime:0.0010s ]
INFO: [ view_parse ] --START--
INFO: [ template_filter ] --START--
INFO: Run Behavior\ContentReplaceBehavior [ RunTime:0.000000s ]
INFO: [ template_filter ] --END-- [ RunTime:0.002001s ]
INFO: Run Behavior\ParseTemplateBehavior [ RunTime:0.015001s ]
INFO: [ view_parse ] --END-- [ RunTime:0.016001s ]
INFO: [ view_filter ] --START--
INFO: Run Behavior\WriteHtmlCacheBehavior [ RunTime:0.001000s ]
INFO: [ view_filter ] --END-- [ RunTime:0.001000s ]
INFO: [ app_end ] --START--
INFO: Run Behavior\ShowPageTraceBehavior [ RunTime:0.001000s ]
INFO: [ app_end ] --END-- [ RunTime:0.001000s ]

[ 2017-02-14T09:16:52+08:00 ] 127.0.0.1 /shop/index.php/Admin/admin/lst.html
INFO: [ app_init ] --START--
INFO: Run Behavior\BuildLiteBehavior [ RunTime:0.000000s ]
INFO: [ app_init ] --END-- [ RunTime:0.001000s ]
INFO: [ app_begin ] --START--
INFO: Run Behavior\ReadHtmlCacheBehavior [ RunTime:0.000000s ]
INFO: [ app_begin ] --END-- [ RunTime:0.000000s ]
SQL: SHOW COLUMNS FROM `think_user` [ RunTime:0.0010s ]
SQL: SELECT COUNT(*) AS tp_count FROM `think_user` LIMIT 1   [ RunTime:0.0010s ]
SQL: SELECT * FROM `think_user` ORDER BY id LIMIT 0,5   [ RunTime:0.0000s ]
INFO: [ view_parse ] --START--
INFO: [ template_filter ] --START--
INFO: Run Behavior\ContentReplaceBehavior [ RunTime:0.000000s ]
INFO: [ template_filter ] --END-- [ RunTime:0.000000s ]
INFO: Run Behavior\ParseTemplateBehavior [ RunTime:0.009001s ]
INFO: [ view_parse ] --END-- [ RunTime:0.010001s ]
INFO: [ view_filter ] --START--
INFO: Run Behavior\WriteHtmlCacheBehavior [ RunTime:0.000000s ]
INFO: [ view_filter ] --END-- [ RunTime:0.000000s ]
INFO: [ app_end ] --START--
INFO: Run Behavior\ShowPageTraceBehavior [ RunTime:0.001000s ]
INFO: [ app_end ] --END-- [ RunTime:0.001000s ]

[ 2017-02-14T09:16:55+08:00 ] 127.0.0.1 /shop/index.php/Admin/Cate/add
INFO: [ app_init ] --START--
INFO: Run Behavior\BuildLiteBehavior [ RunTime:0.000000s ]
INFO: [ app_init ] --END-- [ RunTime:0.001000s ]
INFO: [ app_begin ] --START--
INFO: Run Behavior\ReadHtmlCacheBehavior [ RunTime:0.001000s ]
INFO: [ app_begin ] --END-- [ RunTime:0.001000s ]
SQL: SHOW COLUMNS FROM `think_cate` [ RunTime:0.0420s ]
SQL: SELECT * FROM `think_cate` WHERE ( pid = 0 )  [ RunTime:0.0010s ]
SQL: SELECT * FROM `think_cate` WHERE ( pid = 4 )  [ RunTime:0.0010s ]
SQL: SELECT * FROM `think_cate` WHERE ( pid = 7 )  [ RunTime:0.0000s ]
NOTIC: [8] Undefined offset: 0 D:\wamp64\www\shop\Application\Admin\Model\CateModel.class.php 第 36 行.
NOTIC: [8] Undefined offset: 0 D:\wamp64\www\shop\Application\Admin\Model\CateModel.class.php 第 37 行.
NOTIC: [8] Undefined offset: 0 D:\wamp64\www\shop\Application\Admin\Model\CateModel.class.php 第 38 行.
ERR: 1064:You have an error in your SQL syntax; check the manual that corresponds to your MySQL server version for the right syntax to use near ')' at line 1
 [ SQL语句 ] : SELECT * FROM `think_cate` WHERE ( pid =  ) 
ERR: 1064:You have an error in your SQL syntax; check the manual that corresponds to your MySQL server version for the right syntax to use near ')' at line 1
 [ SQL语句 ] : SELECT * FROM `think_cate` WHERE ( pid =  ) 

[ 2017-02-14T09:23:17+08:00 ] 127.0.0.1 /shop/index.php/Admin/Cate/add
INFO: [ app_init ] --START--
INFO: Run Behavior\BuildLiteBehavior [ RunTime:0.000000s ]
INFO: [ app_init ] --END-- [ RunTime:0.001000s ]
INFO: [ app_begin ] --START--
INFO: Run Behavior\ReadHtmlCacheBehavior [ RunTime:0.000000s ]
INFO: [ app_begin ] --END-- [ RunTime:0.001000s ]
SQL: SHOW COLUMNS FROM `think_cate` [ RunTime:0.0010s ]
SQL: SELECT * FROM `think_cate`  [ RunTime:0.0000s ]

[ 2017-02-14T09:31:16+08:00 ] 127.0.0.1 /shop/index.php/Admin/Cate/add
INFO: [ app_init ] --START--
INFO: Run Behavior\BuildLiteBehavior [ RunTime:0.000000s ]
INFO: [ app_init ] --END-- [ RunTime:0.001000s ]
INFO: [ app_begin ] --START--
INFO: Run Behavior\ReadHtmlCacheBehavior [ RunTime:0.000000s ]
INFO: [ app_begin ] --END-- [ RunTime:0.002000s ]
SQL: SHOW COLUMNS FROM `think_cate` [ RunTime:0.0010s ]
SQL: SELECT * FROM `think_cate`  [ RunTime:0.0000s ]

[ 2017-02-14T09:31:19+08:00 ] 127.0.0.1 /shop/index.php/Admin/Cate/add
INFO: [ app_init ] --START--
INFO: Run Behavior\BuildLiteBehavior [ RunTime:0.000000s ]
INFO: [ app_init ] --END-- [ RunTime:0.001000s ]
INFO: [ app_begin ] --START--
INFO: Run Behavior\ReadHtmlCacheBehavior [ RunTime:0.001000s ]
INFO: [ app_begin ] --END-- [ RunTime:0.001000s ]
SQL: SHOW COLUMNS FROM `think_cate` [ RunTime:0.0010s ]
SQL: SELECT * FROM `think_cate`  [ RunTime:0.0000s ]

[ 2017-02-14T09:31:53+08:00 ] 127.0.0.1 /shop/index.php/Admin/Cate/add
INFO: [ app_init ] --START--
INFO: Run Behavior\BuildLiteBehavior [ RunTime:0.000000s ]
INFO: [ app_init ] --END-- [ RunTime:0.000000s ]
INFO: [ app_begin ] --START--
INFO: Run Behavior\ReadHtmlCacheBehavior [ RunTime:0.001000s ]
INFO: [ app_begin ] --END-- [ RunTime:0.002000s ]
SQL: SHOW COLUMNS FROM `think_cate` [ RunTime:0.0010s ]
SQL: SELECT * FROM `think_cate`  [ RunTime:0.0010s ]

[ 2017-02-14T09:36:43+08:00 ] 127.0.0.1 /shop/index.php/Admin/Cate/add
INFO: [ app_init ] --START--
INFO: Run Behavior\BuildLiteBehavior [ RunTime:0.000000s ]
INFO: [ app_init ] --END-- [ RunTime:0.001000s ]
INFO: [ app_begin ] --START--
INFO: Run Behavior\ReadHtmlCacheBehavior [ RunTime:0.001000s ]
INFO: [ app_begin ] --END-- [ RunTime:0.002000s ]
SQL: SHOW COLUMNS FROM `think_cate` [ RunTime:0.0010s ]
SQL: SELECT * FROM `think_cate` ORDER BY id desc  [ RunTime:0.0010s ]

[ 2017-02-14T09:36:49+08:00 ] 127.0.0.1 /shop/index.php/Admin/Cate/add
INFO: [ app_init ] --START--
INFO: Run Behavior\BuildLiteBehavior [ RunTime:0.000000s ]
INFO: [ app_init ] --END-- [ RunTime:0.001000s ]
INFO: [ app_begin ] --START--
INFO: Run Behavior\ReadHtmlCacheBehavior [ RunTime:0.001000s ]
INFO: [ app_begin ] --END-- [ RunTime:0.001000s ]
SQL: SHOW COLUMNS FROM `think_cate` [ RunTime:0.0010s ]
SQL: SELECT * FROM `think_cate` ORDER BY id asc  [ RunTime:0.0000s ]

[ 2017-02-14T09:37:27+08:00 ] 127.0.0.1 /shop/index.php/Admin/Cate/add
INFO: [ app_init ] --START--
INFO: Run Behavior\BuildLiteBehavior [ RunTime:0.000000s ]
INFO: [ app_init ] --END-- [ RunTime:0.001000s ]
INFO: [ app_begin ] --START--
INFO: Run Behavior\ReadHtmlCacheBehavior [ RunTime:0.001000s ]
INFO: [ app_begin ] --END-- [ RunTime:0.001000s ]
SQL: SHOW COLUMNS FROM `think_cate` [ RunTime:0.0010s ]
SQL: SELECT * FROM `think_cate` ORDER BY id asc  [ RunTime:0.0000s ]

[ 2017-02-14T09:37:28+08:00 ] 127.0.0.1 /shop/index.php/Admin/Cate/add
INFO: [ app_init ] --START--
INFO: Run Behavior\BuildLiteBehavior [ RunTime:0.000000s ]
INFO: [ app_init ] --END-- [ RunTime:0.001000s ]
INFO: [ app_begin ] --START--
INFO: Run Behavior\ReadHtmlCacheBehavior [ RunTime:0.000000s ]
INFO: [ app_begin ] --END-- [ RunTime:0.001000s ]
SQL: SHOW COLUMNS FROM `think_cate` [ RunTime:0.0010s ]
SQL: SELECT * FROM `think_cate` ORDER BY id asc  [ RunTime:0.0010s ]

[ 2017-02-14T09:37:29+08:00 ] 127.0.0.1 /shop/index.php/Admin/Cate/add
INFO: [ app_init ] --START--
INFO: Run Behavior\BuildLiteBehavior [ RunTime:0.000000s ]
INFO: [ app_init ] --END-- [ RunTime:0.001000s ]
INFO: [ app_begin ] --START--
INFO: Run Behavior\ReadHtmlCacheBehavior [ RunTime:0.001000s ]
INFO: [ app_begin ] --END-- [ RunTime:0.001000s ]
SQL: SHOW COLUMNS FROM `think_cate` [ RunTime:0.0010s ]
SQL: SELECT * FROM `think_cate` ORDER BY id asc  [ RunTime:0.0000s ]

[ 2017-02-14T09:38:05+08:00 ] 127.0.0.1 /shop/index.php/Admin/Cate/add
INFO: [ app_init ] --START--
INFO: Run Behavior\BuildLiteBehavior [ RunTime:0.000000s ]
INFO: [ app_init ] --END-- [ RunTime:0.001000s ]
INFO: [ app_begin ] --START--
INFO: Run Behavior\ReadHtmlCacheBehavior [ RunTime:0.000000s ]
INFO: [ app_begin ] --END-- [ RunTime:0.001000s ]
SQL: SHOW COLUMNS FROM `think_cate` [ RunTime:0.0010s ]
SQL: SELECT * FROM `think_cate` ORDER BY id asc  [ RunTime:0.0000s ]

[ 2017-02-14T09:38:27+08:00 ] 127.0.0.1 /shop/index.php/Admin/Cate/add
INFO: [ app_init ] --START--
INFO: Run Behavior\BuildLiteBehavior [ RunTime:0.000000s ]
INFO: [ app_init ] --END-- [ RunTime:0.001000s ]
INFO: [ app_begin ] --START--
INFO: Run Behavior\ReadHtmlCacheBehavior [ RunTime:0.001000s ]
INFO: [ app_begin ] --END-- [ RunTime:0.002000s ]
SQL: SHOW COLUMNS FROM `think_cate` [ RunTime:0.0000s ]
SQL: SELECT * FROM `think_cate` ORDER BY id asc  [ RunTime:0.0000s ]

[ 2017-02-14T09:38:28+08:00 ] 127.0.0.1 /shop/index.php/Admin/Cate/add
INFO: [ app_init ] --START--
INFO: Run Behavior\BuildLiteBehavior [ RunTime:0.000000s ]
INFO: [ app_init ] --END-- [ RunTime:0.001000s ]
INFO: [ app_begin ] --START--
INFO: Run Behavior\ReadHtmlCacheBehavior [ RunTime:0.001000s ]
INFO: [ app_begin ] --END-- [ RunTime:0.001000s ]
SQL: SHOW COLUMNS FROM `think_cate` [ RunTime:0.0010s ]
SQL: SELECT * FROM `think_cate` ORDER BY id asc  [ RunTime:0.0000s ]

[ 2017-02-14T09:38:28+08:00 ] 127.0.0.1 /shop/index.php/Admin/Cate/add
INFO: [ app_init ] --START--
INFO: Run Behavior\BuildLiteBehavior [ RunTime:0.000000s ]
INFO: [ app_init ] --END-- [ RunTime:0.000000s ]
INFO: [ app_begin ] --START--
INFO: Run Behavior\ReadHtmlCacheBehavior [ RunTime:0.000000s ]
INFO: [ app_begin ] --END-- [ RunTime:0.000000s ]
SQL: SHOW COLUMNS FROM `think_cate` [ RunTime:0.0000s ]
SQL: SELECT * FROM `think_cate` ORDER BY id asc  [ RunTime:0.0000s ]

[ 2017-02-14T09:38:28+08:00 ] 127.0.0.1 /shop/index.php/Admin/Cate/add
INFO: [ app_init ] --START--
INFO: Run Behavior\BuildLiteBehavior [ RunTime:0.000000s ]
INFO: [ app_init ] --END-- [ RunTime:0.000000s ]
INFO: [ app_begin ] --START--
INFO: Run Behavior\ReadHtmlCacheBehavior [ RunTime:0.000000s ]
INFO: [ app_begin ] --END-- [ RunTime:0.001000s ]
SQL: SHOW COLUMNS FROM `think_cate` [ RunTime:0.0010s ]
SQL: SELECT * FROM `think_cate` ORDER BY id asc  [ RunTime:0.0010s ]

[ 2017-02-14T09:38:28+08:00 ] 127.0.0.1 /shop/index.php/Admin/Cate/add
INFO: [ app_init ] --START--
INFO: Run Behavior\BuildLiteBehavior [ RunTime:0.000000s ]
INFO: [ app_init ] --END-- [ RunTime:0.001001s ]
INFO: [ app_begin ] --START--
INFO: Run Behavior\ReadHtmlCacheBehavior [ RunTime:0.000000s ]
INFO: [ app_begin ] --END-- [ RunTime:0.000000s ]
SQL: SHOW COLUMNS FROM `think_cate` [ RunTime:0.0010s ]
SQL: SELECT * FROM `think_cate` ORDER BY id asc  [ RunTime:0.0010s ]

[ 2017-02-14T09:38:28+08:00 ] 127.0.0.1 /shop/index.php/Admin/Cate/add
INFO: [ app_init ] --START--
INFO: Run Behavior\BuildLiteBehavior [ RunTime:0.000000s ]
INFO: [ app_init ] --END-- [ RunTime:0.001000s ]
INFO: [ app_begin ] --START--
INFO: Run Behavior\ReadHtmlCacheBehavior [ RunTime:0.000000s ]
INFO: [ app_begin ] --END-- [ RunTime:0.002000s ]
SQL: SHOW COLUMNS FROM `think_cate` [ RunTime:0.0010s ]
SQL: SELECT * FROM `think_cate` ORDER BY id asc  [ RunTime:0.0010s ]

[ 2017-02-14T09:40:26+08:00 ] 127.0.0.1 /shop/index.php/Admin/Cate/add
INFO: [ app_init ] --START--
INFO: Run Behavior\BuildLiteBehavior [ RunTime:0.000000s ]
INFO: [ app_init ] --END-- [ RunTime:0.001000s ]
INFO: [ app_begin ] --START--
INFO: Run Behavior\ReadHtmlCacheBehavior [ RunTime:0.001000s ]
INFO: [ app_begin ] --END-- [ RunTime:0.001000s ]
SQL: SHOW COLUMNS FROM `think_cate` [ RunTime:0.0010s ]
SQL: SELECT * FROM `think_cate` ORDER BY id asc  [ RunTime:0.0010s ]

[ 2017-02-14T09:41:06+08:00 ] 127.0.0.1 /shop/index.php/Admin/Cate/add
INFO: [ app_init ] --START--
INFO: Run Behavior\BuildLiteBehavior [ RunTime:0.000000s ]
INFO: [ app_init ] --END-- [ RunTime:0.001000s ]
INFO: [ app_begin ] --START--
INFO: Run Behavior\ReadHtmlCacheBehavior [ RunTime:0.001000s ]
INFO: [ app_begin ] --END-- [ RunTime:0.001000s ]
SQL: SHOW COLUMNS FROM `think_cate` [ RunTime:0.0010s ]
SQL: SELECT * FROM `think_cate` ORDER BY id asc  [ RunTime:0.0010s ]

[ 2017-02-14T09:41:13+08:00 ] 127.0.0.1 /shop/index.php/Admin/Cate/add
INFO: [ app_init ] --START--
INFO: Run Behavior\BuildLiteBehavior [ RunTime:0.000000s ]
INFO: [ app_init ] --END-- [ RunTime:0.001000s ]
INFO: [ app_begin ] --START--
INFO: Run Behavior\ReadHtmlCacheBehavior [ RunTime:0.001000s ]
INFO: [ app_begin ] --END-- [ RunTime:0.001000s ]
SQL: SHOW COLUMNS FROM `think_cate` [ RunTime:0.0010s ]
SQL: SELECT * FROM `think_cate` ORDER BY id asc  [ RunTime:0.0000s ]

[ 2017-02-14T09:43:27+08:00 ] 127.0.0.1 /shop/index.php/Admin/Cate/add
INFO: [ app_init ] --START--
INFO: Run Behavior\BuildLiteBehavior [ RunTime:0.000000s ]
INFO: [ app_init ] --END-- [ RunTime:0.001000s ]
INFO: [ app_begin ] --START--
INFO: Run Behavior\ReadHtmlCacheBehavior [ RunTime:0.000000s ]
INFO: [ app_begin ] --END-- [ RunTime:0.001000s ]
SQL: SHOW COLUMNS FROM `think_cate` [ RunTime:0.0010s ]
SQL: SELECT * FROM `think_cate` ORDER BY id asc  [ RunTime:0.0000s ]

[ 2017-02-14T09:44:03+08:00 ] 127.0.0.1 /shop/index.php/Admin/Cate/add
INFO: [ app_init ] --START--
INFO: Run Behavior\BuildLiteBehavior [ RunTime:0.000000s ]
INFO: [ app_init ] --END-- [ RunTime:0.001000s ]
INFO: [ app_begin ] --START--
INFO: Run Behavior\ReadHtmlCacheBehavior [ RunTime:0.001000s ]
INFO: [ app_begin ] --END-- [ RunTime:0.001000s ]
SQL: SHOW COLUMNS FROM `think_cate` [ RunTime:0.0010s ]
SQL: SELECT * FROM `think_cate` ORDER BY id asc  [ RunTime:0.0000s ]

[ 2017-02-14T09:48:02+08:00 ] 127.0.0.1 /shop/index.php/Admin/Cate/add
INFO: [ app_init ] --START--
INFO: Run Behavior\BuildLiteBehavior [ RunTime:0.000000s ]
INFO: [ app_init ] --END-- [ RunTime:0.001000s ]
INFO: [ app_begin ] --START--
INFO: Run Behavior\ReadHtmlCacheBehavior [ RunTime:0.001001s ]
INFO: [ app_begin ] --END-- [ RunTime:0.001001s ]
SQL: SHOW COLUMNS FROM `think_cate` [ RunTime:0.0010s ]
SQL: SELECT * FROM `think_cate` ORDER BY id asc  [ RunTime:0.0000s ]
NOTIC: [8] Undefined offset: -1 D:\wamp64\www\shop\Application\Admin\Model\CateModel.class.php 第 36 行.
NOTIC: [8] Undefined offset: -1 D:\wamp64\www\shop\Application\Admin\Model\CateModel.class.php 第 36 行.
NOTIC: [8] Undefined offset: -1 D:\wamp64\www\shop\Application\Admin\Model\CateModel.class.php 第 36 行.
NOTIC: [8] Undefined offset: -1 D:\wamp64\www\shop\Application\Admin\Model\CateModel.class.php 第 36 行.

[ 2017-02-14T09:49:36+08:00 ] 127.0.0.1 /shop/index.php/Admin/Cate/add
INFO: [ app_init ] --START--
INFO: Run Behavior\BuildLiteBehavior [ RunTime:0.000000s ]
INFO: [ app_init ] --END-- [ RunTime:0.001000s ]
INFO: [ app_begin ] --START--
INFO: Run Behavior\ReadHtmlCacheBehavior [ RunTime:0.001000s ]
INFO: [ app_begin ] --END-- [ RunTime:0.001000s ]
SQL: SHOW COLUMNS FROM `think_cate` [ RunTime:0.0020s ]
SQL: SELECT * FROM `think_cate` ORDER BY id asc  [ RunTime:0.0010s ]

[ 2017-02-14T09:56:16+08:00 ] 127.0.0.1 /shop/index.php/Admin/Cate/add
INFO: [ app_init ] --START--
INFO: Run Behavior\BuildLiteBehavior [ RunTime:0.000000s ]
INFO: [ app_init ] --END-- [ RunTime:0.001000s ]
INFO: [ app_begin ] --START--
INFO: Run Behavior\ReadHtmlCacheBehavior [ RunTime:0.001000s ]
INFO: [ app_begin ] --END-- [ RunTime:0.001000s ]
SQL: SHOW COLUMNS FROM `think_cate` [ RunTime:0.0010s ]
SQL: SELECT * FROM `think_cate` ORDER BY id asc  [ RunTime:0.0010s ]

[ 2017-02-14T09:56:52+08:00 ] 127.0.0.1 /shop/index.php/Admin/Cate/add
INFO: [ app_init ] --START--
INFO: Run Behavior\BuildLiteBehavior [ RunTime:0.000000s ]
INFO: [ app_init ] --END-- [ RunTime:0.001000s ]
INFO: [ app_begin ] --START--
INFO: Run Behavior\ReadHtmlCacheBehavior [ RunTime:0.001000s ]
INFO: [ app_begin ] --END-- [ RunTime:0.001000s ]
SQL: SHOW COLUMNS FROM `think_cate` [ RunTime:0.0010s ]
SQL: SELECT * FROM `think_cate` ORDER BY id asc  [ RunTime:0.0000s ]

[ 2017-02-14T09:58:20+08:00 ] 127.0.0.1 /shop/index.php/Admin/Cate/add
INFO: [ app_init ] --START--
INFO: Run Behavior\BuildLiteBehavior [ RunTime:0.001000s ]
INFO: [ app_init ] --END-- [ RunTime:0.001000s ]
INFO: [ app_begin ] --START--
INFO: Run Behavior\ReadHtmlCacheBehavior [ RunTime:0.000000s ]
INFO: [ app_begin ] --END-- [ RunTime:0.000000s ]
SQL: SHOW COLUMNS FROM `think_cate` [ RunTime:0.0010s ]

[ 2017-02-14T09:59:41+08:00 ] 127.0.0.1 /shop/index.php/Admin/Cate/add
INFO: [ app_init ] --START--
INFO: Run Behavior\BuildLiteBehavior [ RunTime:0.000000s ]
INFO: [ app_init ] --END-- [ RunTime:0.001000s ]
INFO: [ app_begin ] --START--
INFO: Run Behavior\ReadHtmlCacheBehavior [ RunTime:0.001000s ]
INFO: [ app_begin ] --END-- [ RunTime:0.001000s ]
SQL: SHOW COLUMNS FROM `think_cate` [ RunTime:0.0010s ]
SQL: SELECT * FROM `think_cate` ORDER BY id asc  [ RunTime:0.0000s ]

[ 2017-02-14T10:08:29+08:00 ] 127.0.0.1 /shop/index.php/Admin/Cate/add
INFO: [ app_init ] --START--
INFO: Run Behavior\BuildLiteBehavior [ RunTime:0.001000s ]
INFO: [ app_init ] --END-- [ RunTime:0.001000s ]
INFO: [ app_begin ] --START--
INFO: Run Behavior\ReadHtmlCacheBehavior [ RunTime:0.001000s ]
INFO: [ app_begin ] --END-- [ RunTime:0.001000s ]
SQL: SHOW COLUMNS FROM `think_cate` [ RunTime:0.0010s ]
NOTIC: [2] Missing argument 1 for Admin\Model\CateModel::getTree(), called in D:\wamp64\www\shop\Application\Admin\Controller\CateController.class.php on line 17 and defined D:\wamp64\www\shop\Application\Admin\Model\CateModel.class.php 第 37 行.
NOTIC: [2] Missing argument 2 for Admin\Model\CateModel::getTree(), called in D:\wamp64\www\shop\Application\Admin\Controller\CateController.class.php on line 17 and defined D:\wamp64\www\shop\Application\Admin\Model\CateModel.class.php 第 37 行.
NOTIC: [2] Missing argument 3 for Admin\Model\CateModel::getTree(), called in D:\wamp64\www\shop\Application\Admin\Controller\CateController.class.php on line 17 and defined D:\wamp64\www\shop\Application\Admin\Model\CateModel.class.php 第 37 行.
NOTIC: [8] Undefined variable: arr D:\wamp64\www\shop\Application\Admin\Model\CateModel.class.php 第 39 行.
NOTIC: [2] Invalid argument supplied for foreach() D:\wamp64\www\shop\Application\Admin\Model\CateModel.class.php 第 39 行.

[ 2017-02-14T10:08:31+08:00 ] 127.0.0.1 /shop/index.php/Admin/Cate/add
INFO: [ app_init ] --START--
INFO: Run Behavior\BuildLiteBehavior [ RunTime:0.000000s ]
INFO: [ app_init ] --END-- [ RunTime:0.001000s ]
INFO: [ app_begin ] --START--
INFO: Run Behavior\ReadHtmlCacheBehavior [ RunTime:0.002000s ]
INFO: [ app_begin ] --END-- [ RunTime:0.002000s ]
SQL: SHOW COLUMNS FROM `think_cate` [ RunTime:0.0010s ]
NOTIC: [2] Missing argument 1 for Admin\Model\CateModel::getTree(), called in D:\wamp64\www\shop\Application\Admin\Controller\CateController.class.php on line 17 and defined D:\wamp64\www\shop\Application\Admin\Model\CateModel.class.php 第 37 行.
NOTIC: [2] Missing argument 2 for Admin\Model\CateModel::getTree(), called in D:\wamp64\www\shop\Application\Admin\Controller\CateController.class.php on line 17 and defined D:\wamp64\www\shop\Application\Admin\Model\CateModel.class.php 第 37 行.
NOTIC: [2] Missing argument 3 for Admin\Model\CateModel::getTree(), called in D:\wamp64\www\shop\Application\Admin\Controller\CateController.class.php on line 17 and defined D:\wamp64\www\shop\Application\Admin\Model\CateModel.class.php 第 37 行.
NOTIC: [8] Undefined variable: arr D:\wamp64\www\shop\Application\Admin\Model\CateModel.class.php 第 39 行.
NOTIC: [2] Invalid argument supplied for foreach() D:\wamp64\www\shop\Application\Admin\Model\CateModel.class.php 第 39 行.

[ 2017-02-14T10:08:31+08:00 ] 127.0.0.1 /shop/index.php/Admin/Cate/add
INFO: [ app_init ] --START--
INFO: Run Behavior\BuildLiteBehavior [ RunTime:0.000000s ]
INFO: [ app_init ] --END-- [ RunTime:0.001000s ]
INFO: [ app_begin ] --START--
INFO: Run Behavior\ReadHtmlCacheBehavior [ RunTime:0.001000s ]
INFO: [ app_begin ] --END-- [ RunTime:0.001000s ]
SQL: SHOW COLUMNS FROM `think_cate` [ RunTime:0.0000s ]
NOTIC: [2] Missing argument 1 for Admin\Model\CateModel::getTree(), called in D:\wamp64\www\shop\Application\Admin\Controller\CateController.class.php on line 17 and defined D:\wamp64\www\shop\Application\Admin\Model\CateModel.class.php 第 37 行.
NOTIC: [2] Missing argument 2 for Admin\Model\CateModel::getTree(), called in D:\wamp64\www\shop\Application\Admin\Controller\CateController.class.php on line 17 and defined D:\wamp64\www\shop\Application\Admin\Model\CateModel.class.php 第 37 行.
NOTIC: [2] Missing argument 3 for Admin\Model\CateModel::getTree(), called in D:\wamp64\www\shop\Application\Admin\Controller\CateController.class.php on line 17 and defined D:\wamp64\www\shop\Application\Admin\Model\CateModel.class.php 第 37 行.
NOTIC: [8] Undefined variable: arr D:\wamp64\www\shop\Application\Admin\Model\CateModel.class.php 第 39 行.
NOTIC: [2] Invalid argument supplied for foreach() D:\wamp64\www\shop\Application\Admin\Model\CateModel.class.php 第 39 行.

[ 2017-02-14T10:08:31+08:00 ] 127.0.0.1 /shop/index.php/Admin/Cate/add
INFO: [ app_init ] --START--
INFO: Run Behavior\BuildLiteBehavior [ RunTime:0.000000s ]
INFO: [ app_init ] --END-- [ RunTime:0.001000s ]
INFO: [ app_begin ] --START--
INFO: Run Behavior\ReadHtmlCacheBehavior [ RunTime:0.000000s ]
INFO: [ app_begin ] --END-- [ RunTime:0.000000s ]
SQL: SHOW COLUMNS FROM `think_cate` [ RunTime:0.0000s ]
NOTIC: [2] Missing argument 1 for Admin\Model\CateModel::getTree(), called in D:\wamp64\www\shop\Application\Admin\Controller\CateController.class.php on line 17 and defined D:\wamp64\www\shop\Application\Admin\Model\CateModel.class.php 第 37 行.
NOTIC: [2] Missing argument 2 for Admin\Model\CateModel::getTree(), called in D:\wamp64\www\shop\Application\Admin\Controller\CateController.class.php on line 17 and defined D:\wamp64\www\shop\Application\Admin\Model\CateModel.class.php 第 37 行.
NOTIC: [2] Missing argument 3 for Admin\Model\CateModel::getTree(), called in D:\wamp64\www\shop\Application\Admin\Controller\CateController.class.php on line 17 and defined D:\wamp64\www\shop\Application\Admin\Model\CateModel.class.php 第 37 行.
NOTIC: [8] Undefined variable: arr D:\wamp64\www\shop\Application\Admin\Model\CateModel.class.php 第 39 行.
NOTIC: [2] Invalid argument supplied for foreach() D:\wamp64\www\shop\Application\Admin\Model\CateModel.class.php 第 39 行.

[ 2017-02-14T10:08:42+08:00 ] 127.0.0.1 /shop/index.php/Admin/Cate/add
INFO: [ app_init ] --START--
INFO: Run Behavior\BuildLiteBehavior [ RunTime:0.000000s ]
INFO: [ app_init ] --END-- [ RunTime:0.001000s ]
INFO: [ app_begin ] --START--
INFO: Run Behavior\ReadHtmlCacheBehavior [ RunTime:0.001000s ]
INFO: [ app_begin ] --END-- [ RunTime:0.001000s ]
SQL: SHOW COLUMNS FROM `think_cate` [ RunTime:0.0010s ]
SQL: SELECT * FROM `think_cate` ORDER BY id asc  [ RunTime:0.0000s ]

[ 2017-02-14T10:09:11+08:00 ] 127.0.0.1 /shop/index.php/Admin/Cate/add
INFO: [ app_init ] --START--
INFO: Run Behavior\BuildLiteBehavior [ RunTime:0.000000s ]
INFO: [ app_init ] --END-- [ RunTime:0.001000s ]
INFO: [ app_begin ] --START--
INFO: Run Behavior\ReadHtmlCacheBehavior [ RunTime:0.001000s ]
INFO: [ app_begin ] --END-- [ RunTime:0.002000s ]
SQL: SHOW COLUMNS FROM `think_cate` [ RunTime:0.0010s ]
SQL: SELECT * FROM `think_cate` ORDER BY id asc  [ RunTime:0.0000s ]

[ 2017-02-14T10:09:11+08:00 ] 127.0.0.1 /shop/index.php/Admin/Cate/add
INFO: [ app_init ] --START--
INFO: Run Behavior\BuildLiteBehavior [ RunTime:0.000000s ]
INFO: [ app_init ] --END-- [ RunTime:0.001000s ]
INFO: [ app_begin ] --START--
INFO: Run Behavior\ReadHtmlCacheBehavior [ RunTime:0.001000s ]
INFO: [ app_begin ] --END-- [ RunTime:0.002000s ]
SQL: SHOW COLUMNS FROM `think_cate` [ RunTime:0.0010s ]
SQL: SELECT * FROM `think_cate` ORDER BY id asc  [ RunTime:0.0000s ]

[ 2017-02-14T10:09:12+08:00 ] 127.0.0.1 /shop/index.php/Admin/Cate/add
INFO: [ app_init ] --START--
INFO: Run Behavior\BuildLiteBehavior [ RunTime:0.000000s ]
INFO: [ app_init ] --END-- [ RunTime:0.001000s ]
INFO: [ app_begin ] --START--
INFO: Run Behavior\ReadHtmlCacheBehavior [ RunTime:0.001000s ]
INFO: [ app_begin ] --END-- [ RunTime:0.001000s ]
SQL: SHOW COLUMNS FROM `think_cate` [ RunTime:0.0010s ]
SQL: SELECT * FROM `think_cate` ORDER BY id asc  [ RunTime:0.0000s ]

[ 2017-02-14T10:09:12+08:00 ] 127.0.0.1 /shop/index.php/Admin/Cate/add
INFO: [ app_init ] --START--
INFO: Run Behavior\BuildLiteBehavior [ RunTime:0.000000s ]
INFO: [ app_init ] --END-- [ RunTime:0.001000s ]
INFO: [ app_begin ] --START--
INFO: Run Behavior\ReadHtmlCacheBehavior [ RunTime:0.000000s ]
INFO: [ app_begin ] --END-- [ RunTime:0.000000s ]
SQL: SHOW COLUMNS FROM `think_cate` [ RunTime:0.0010s ]
SQL: SELECT * FROM `think_cate` ORDER BY id asc  [ RunTime:0.0000s ]

[ 2017-02-14T10:09:12+08:00 ] 127.0.0.1 /shop/index.php/Admin/Cate/add
INFO: [ app_init ] --START--
INFO: Run Behavior\BuildLiteBehavior [ RunTime:0.000000s ]
INFO: [ app_init ] --END-- [ RunTime:0.000000s ]
INFO: [ app_begin ] --START--
INFO: Run Behavior\ReadHtmlCacheBehavior [ RunTime:0.001000s ]
INFO: [ app_begin ] --END-- [ RunTime:0.001000s ]
SQL: SHOW COLUMNS FROM `think_cate` [ RunTime:0.0010s ]
SQL: SELECT * FROM `think_cate` ORDER BY id asc  [ RunTime:0.0010s ]

[ 2017-02-14T10:09:12+08:00 ] 127.0.0.1 /shop/index.php/Admin/Cate/add
INFO: [ app_init ] --START--
INFO: Run Behavior\BuildLiteBehavior [ RunTime:0.000000s ]
INFO: [ app_init ] --END-- [ RunTime:0.001000s ]
INFO: [ app_begin ] --START--
INFO: Run Behavior\ReadHtmlCacheBehavior [ RunTime:0.001000s ]
INFO: [ app_begin ] --END-- [ RunTime:0.001000s ]
SQL: SHOW COLUMNS FROM `think_cate` [ RunTime:0.0010s ]
SQL: SELECT * FROM `think_cate` ORDER BY id asc  [ RunTime:0.0010s ]

[ 2017-02-14T10:09:12+08:00 ] 127.0.0.1 /shop/index.php/Admin/Cate/add
INFO: [ app_init ] --START--
INFO: Run Behavior\BuildLiteBehavior [ RunTime:0.000000s ]
INFO: [ app_init ] --END-- [ RunTime:0.001000s ]
INFO: [ app_begin ] --START--
INFO: Run Behavior\ReadHtmlCacheBehavior [ RunTime:0.001000s ]
INFO: [ app_begin ] --END-- [ RunTime:0.001000s ]
SQL: SHOW COLUMNS FROM `think_cate` [ RunTime:0.0000s ]
SQL: SELECT * FROM `think_cate` ORDER BY id asc  [ RunTime:0.0000s ]

[ 2017-02-14T10:09:12+08:00 ] 127.0.0.1 /shop/index.php/Admin/Cate/add
INFO: [ app_init ] --START--
INFO: Run Behavior\BuildLiteBehavior [ RunTime:0.000000s ]
INFO: [ app_init ] --END-- [ RunTime:0.001000s ]
INFO: [ app_begin ] --START--
INFO: Run Behavior\ReadHtmlCacheBehavior [ RunTime:0.000000s ]
INFO: [ app_begin ] --END-- [ RunTime:0.000000s ]
SQL: SHOW COLUMNS FROM `think_cate` [ RunTime:0.0010s ]
SQL: SELECT * FROM `think_cate` ORDER BY id asc  [ RunTime:0.0000s ]

[ 2017-02-14T10:09:13+08:00 ] 127.0.0.1 /shop/index.php/Admin/Cate/add
INFO: [ app_init ] --START--
INFO: Run Behavior\BuildLiteBehavior [ RunTime:0.000000s ]
INFO: [ app_init ] --END-- [ RunTime:0.000000s ]
INFO: [ app_begin ] --START--
INFO: Run Behavior\ReadHtmlCacheBehavior [ RunTime:0.001001s ]
INFO: [ app_begin ] --END-- [ RunTime:0.001001s ]
SQL: SHOW COLUMNS FROM `think_cate` [ RunTime:0.0010s ]
SQL: SELECT * FROM `think_cate` ORDER BY id asc  [ RunTime:0.0000s ]

[ 2017-02-14T10:09:13+08:00 ] 127.0.0.1 /shop/index.php/Admin/Cate/add
INFO: [ app_init ] --START--
INFO: Run Behavior\BuildLiteBehavior [ RunTime:0.000000s ]
INFO: [ app_init ] --END-- [ RunTime:0.000000s ]
INFO: [ app_begin ] --START--
INFO: Run Behavior\ReadHtmlCacheBehavior [ RunTime:0.001000s ]
INFO: [ app_begin ] --END-- [ RunTime:0.001000s ]
SQL: SHOW COLUMNS FROM `think_cate` [ RunTime:0.0010s ]
SQL: SELECT * FROM `think_cate` ORDER BY id asc  [ RunTime:0.0000s ]

[ 2017-02-14T10:09:13+08:00 ] 127.0.0.1 /shop/index.php/Admin/Cate/add
INFO: [ app_init ] --START--
INFO: Run Behavior\BuildLiteBehavior [ RunTime:0.000000s ]
INFO: [ app_init ] --END-- [ RunTime:0.000000s ]
INFO: [ app_begin ] --START--
INFO: Run Behavior\ReadHtmlCacheBehavior [ RunTime:0.001000s ]
INFO: [ app_begin ] --END-- [ RunTime:0.001000s ]
SQL: SHOW COLUMNS FROM `think_cate` [ RunTime:0.0010s ]
SQL: SELECT * FROM `think_cate` ORDER BY id asc  [ RunTime:0.0000s ]

[ 2017-02-14T10:09:13+08:00 ] 127.0.0.1 /shop/index.php/Admin/Cate/add
INFO: [ app_init ] --START--
INFO: Run Behavior\BuildLiteBehavior [ RunTime:0.000000s ]
INFO: [ app_init ] --END-- [ RunTime:0.000000s ]
INFO: [ app_begin ] --START--
INFO: Run Behavior\ReadHtmlCacheBehavior [ RunTime:0.001000s ]
INFO: [ app_begin ] --END-- [ RunTime:0.001000s ]
SQL: SHOW COLUMNS FROM `think_cate` [ RunTime:0.0010s ]
SQL: SELECT * FROM `think_cate` ORDER BY id asc  [ RunTime:0.0000s ]

[ 2017-02-14T10:09:13+08:00 ] 127.0.0.1 /shop/index.php/Admin/Cate/add
INFO: [ app_init ] --START--
INFO: Run Behavior\BuildLiteBehavior [ RunTime:0.000000s ]
INFO: [ app_init ] --END-- [ RunTime:0.000000s ]
INFO: [ app_begin ] --START--
INFO: Run Behavior\ReadHtmlCacheBehavior [ RunTime:0.000000s ]
INFO: [ app_begin ] --END-- [ RunTime:0.001000s ]
SQL: SHOW COLUMNS FROM `think_cate` [ RunTime:0.0000s ]
SQL: SELECT * FROM `think_cate` ORDER BY id asc  [ RunTime:0.0000s ]

[ 2017-02-14T10:09:14+08:00 ] 127.0.0.1 /shop/index.php/Admin/Cate/add
INFO: [ app_init ] --START--
INFO: Run Behavior\BuildLiteBehavior [ RunTime:0.000000s ]
INFO: [ app_init ] --END-- [ RunTime:0.000000s ]
INFO: [ app_begin ] --START--
INFO: Run Behavior\ReadHtmlCacheBehavior [ RunTime:0.000000s ]
INFO: [ app_begin ] --END-- [ RunTime:0.001000s ]
SQL: SHOW COLUMNS FROM `think_cate` [ RunTime:0.0000s ]
SQL: SELECT * FROM `think_cate` ORDER BY id asc  [ RunTime:0.0000s ]

[ 2017-02-14T10:09:32+08:00 ] 127.0.0.1 /shop/index.php/Admin/Cate/add
INFO: [ app_init ] --START--
INFO: Run Behavior\BuildLiteBehavior [ RunTime:0.000000s ]
INFO: [ app_init ] --END-- [ RunTime:0.001000s ]
INFO: [ app_begin ] --START--
INFO: Run Behavior\ReadHtmlCacheBehavior [ RunTime:0.001000s ]
INFO: [ app_begin ] --END-- [ RunTime:0.001000s ]
SQL: SHOW COLUMNS FROM `think_cate` [ RunTime:0.0010s ]
SQL: SELECT * FROM `think_cate` ORDER BY id asc  [ RunTime:0.0010s ]

[ 2017-02-14T10:09:33+08:00 ] 127.0.0.1 /shop/index.php/Admin/Cate/add
INFO: [ app_init ] --START--
INFO: Run Behavior\BuildLiteBehavior [ RunTime:0.000000s ]
INFO: [ app_init ] --END-- [ RunTime:0.000000s ]
INFO: [ app_begin ] --START--
INFO: Run Behavior\ReadHtmlCacheBehavior [ RunTime:0.000000s ]
INFO: [ app_begin ] --END-- [ RunTime:0.000000s ]
SQL: SHOW COLUMNS FROM `think_cate` [ RunTime:0.0010s ]
SQL: SELECT * FROM `think_cate` ORDER BY id asc  [ RunTime:0.0000s ]

[ 2017-02-14T10:09:33+08:00 ] 127.0.0.1 /shop/index.php/Admin/Cate/add
INFO: [ app_init ] --START--
INFO: Run Behavior\BuildLiteBehavior [ RunTime:0.000000s ]
INFO: [ app_init ] --END-- [ RunTime:0.001000s ]
INFO: [ app_begin ] --START--
INFO: Run Behavior\ReadHtmlCacheBehavior [ RunTime:0.001000s ]
INFO: [ app_begin ] --END-- [ RunTime:0.001000s ]
SQL: SHOW COLUMNS FROM `think_cate` [ RunTime:0.0010s ]
SQL: SELECT * FROM `think_cate` ORDER BY id asc  [ RunTime:0.0010s ]

[ 2017-02-14T10:09:33+08:00 ] 127.0.0.1 /shop/index.php/Admin/Cate/add
INFO: [ app_init ] --START--
INFO: Run Behavior\BuildLiteBehavior [ RunTime:0.000000s ]
INFO: [ app_init ] --END-- [ RunTime:0.002000s ]
INFO: [ app_begin ] --START--
INFO: Run Behavior\ReadHtmlCacheBehavior [ RunTime:0.001000s ]
INFO: [ app_begin ] --END-- [ RunTime:0.001000s ]
SQL: SHOW COLUMNS FROM `think_cate` [ RunTime:0.0010s ]
SQL: SELECT * FROM `think_cate` ORDER BY id asc  [ RunTime:0.0010s ]

[ 2017-02-14T10:09:34+08:00 ] 127.0.0.1 /shop/index.php/Admin/Cate/add
INFO: [ app_init ] --START--
INFO: Run Behavior\BuildLiteBehavior [ RunTime:0.000000s ]
INFO: [ app_init ] --END-- [ RunTime:0.001000s ]
INFO: [ app_begin ] --START--
INFO: Run Behavior\ReadHtmlCacheBehavior [ RunTime:0.000000s ]
INFO: [ app_begin ] --END-- [ RunTime:0.001000s ]
SQL: SHOW COLUMNS FROM `think_cate` [ RunTime:0.0010s ]
SQL: SELECT * FROM `think_cate` ORDER BY id asc  [ RunTime:0.0000s ]

[ 2017-02-14T10:09:49+08:00 ] 127.0.0.1 /shop/index.php/Admin/Cate/add
INFO: [ app_init ] --START--
INFO: Run Behavior\BuildLiteBehavior [ RunTime:0.000000s ]
INFO: [ app_init ] --END-- [ RunTime:0.001000s ]
INFO: [ app_begin ] --START--
INFO: Run Behavior\ReadHtmlCacheBehavior [ RunTime:0.001000s ]
INFO: [ app_begin ] --END-- [ RunTime:0.001000s ]
SQL: SHOW COLUMNS FROM `think_cate` [ RunTime:0.0010s ]
SQL: SELECT * FROM `think_cate` ORDER BY id asc  [ RunTime:0.0010s ]

[ 2017-02-14T10:09:51+08:00 ] 127.0.0.1 /shop/index.php/Admin/Cate/add
INFO: [ app_init ] --START--
INFO: Run Behavior\BuildLiteBehavior [ RunTime:0.000000s ]
INFO: [ app_init ] --END-- [ RunTime:0.001000s ]
INFO: [ app_begin ] --START--
INFO: Run Behavior\ReadHtmlCacheBehavior [ RunTime:0.000000s ]
INFO: [ app_begin ] --END-- [ RunTime:0.001000s ]
SQL: SHOW COLUMNS FROM `think_cate` [ RunTime:0.0010s ]
SQL: SELECT * FROM `think_cate` ORDER BY id asc  [ RunTime:0.0010s ]

[ 2017-02-14T10:10:02+08:00 ] 127.0.0.1 /shop/index.php/Admin/Cate/add
INFO: [ app_init ] --START--
INFO: Run Behavior\BuildLiteBehavior [ RunTime:0.000000s ]
INFO: [ app_init ] --END-- [ RunTime:0.001000s ]
INFO: [ app_begin ] --START--
INFO: Run Behavior\ReadHtmlCacheBehavior [ RunTime:0.001000s ]
INFO: [ app_begin ] --END-- [ RunTime:0.001000s ]
SQL: SHOW COLUMNS FROM `think_cate` [ RunTime:0.0000s ]
SQL: SELECT * FROM `think_cate` ORDER BY id asc  [ RunTime:0.0010s ]

[ 2017-02-14T10:11:36+08:00 ] 127.0.0.1 /shop/index.php/Admin/Cate/add
INFO: [ app_init ] --START--
INFO: Run Behavior\BuildLiteBehavior [ RunTime:0.000000s ]
INFO: [ app_init ] --END-- [ RunTime:0.001000s ]
INFO: [ app_begin ] --START--
INFO: Run Behavior\ReadHtmlCacheBehavior [ RunTime:0.002000s ]
INFO: [ app_begin ] --END-- [ RunTime:0.002000s ]
SQL: SHOW COLUMNS FROM `think_cate` [ RunTime:0.0020s ]
SQL: SELECT * FROM `think_cate` ORDER BY id asc  [ RunTime:0.0010s ]

[ 2017-02-14T10:11:47+08:00 ] 127.0.0.1 /shop/index.php/Admin/Cate/add
INFO: [ app_init ] --START--
INFO: Run Behavior\BuildLiteBehavior [ RunTime:0.000000s ]
INFO: [ app_init ] --END-- [ RunTime:0.001000s ]
INFO: [ app_begin ] --START--
INFO: Run Behavior\ReadHtmlCacheBehavior [ RunTime:0.001001s ]
INFO: [ app_begin ] --END-- [ RunTime:0.001001s ]
SQL: SHOW COLUMNS FROM `think_cate` [ RunTime:0.0010s ]
SQL: SELECT * FROM `think_cate` ORDER BY id asc  [ RunTime:0.0000s ]

[ 2017-02-14T10:25:28+08:00 ] 127.0.0.1 /shop/index.php/Admin/Cate/add
INFO: [ app_init ] --START--
INFO: Run Behavior\BuildLiteBehavior [ RunTime:0.000000s ]
INFO: [ app_init ] --END-- [ RunTime:0.001000s ]
INFO: [ app_begin ] --START--
INFO: Run Behavior\ReadHtmlCacheBehavior [ RunTime:0.001000s ]
INFO: [ app_begin ] --END-- [ RunTime:0.001000s ]
SQL: SHOW COLUMNS FROM `think_cate` [ RunTime:0.0010s ]
SQL: SELECT * FROM `think_cate` ORDER BY id asc  [ RunTime:0.0000s ]

[ 2017-02-14T10:25:39+08:00 ] 127.0.0.1 /shop/index.php/Admin/Cate/add
INFO: [ app_init ] --START--
INFO: Run Behavior\BuildLiteBehavior [ RunTime:0.000000s ]
INFO: [ app_init ] --END-- [ RunTime:0.001000s ]
INFO: [ app_begin ] --START--
INFO: Run Behavior\ReadHtmlCacheBehavior [ RunTime:0.000000s ]
INFO: [ app_begin ] --END-- [ RunTime:0.001000s ]
SQL: SHOW COLUMNS FROM `think_cate` [ RunTime:0.0010s ]
SQL: SELECT * FROM `think_cate` ORDER BY id asc  [ RunTime:0.0000s ]

[ 2017-02-14T10:28:30+08:00 ] 127.0.0.1 /shop/index.php/Admin/Cate/add
INFO: [ app_init ] --START--
INFO: Run Behavior\BuildLiteBehavior [ RunTime:0.001001s ]
INFO: [ app_init ] --END-- [ RunTime:0.001001s ]
INFO: [ app_begin ] --START--
INFO: Run Behavior\ReadHtmlCacheBehavior [ RunTime:0.001000s ]
INFO: [ app_begin ] --END-- [ RunTime:0.001000s ]
SQL: SHOW COLUMNS FROM `think_cate` [ RunTime:0.0010s ]
SQL: SELECT * FROM `think_cate` ORDER BY id asc  [ RunTime:0.0010s ]
INFO: [ view_parse ] --START--
INFO: [ template_filter ] --START--
INFO: Run Behavior\ContentReplaceBehavior [ RunTime:0.000000s ]
INFO: [ template_filter ] --END-- [ RunTime:0.000000s ]
INFO: Run Behavior\ParseTemplateBehavior [ RunTime:0.012001s ]
INFO: [ view_parse ] --END-- [ RunTime:0.013001s ]
INFO: [ view_filter ] --START--
INFO: Run Behavior\WriteHtmlCacheBehavior [ RunTime:0.000000s ]
INFO: [ view_filter ] --END-- [ RunTime:0.000000s ]
INFO: [ app_end ] --START--
INFO: Run Behavior\ShowPageTraceBehavior [ RunTime:0.001000s ]
INFO: [ app_end ] --END-- [ RunTime:0.001000s ]

[ 2017-02-14T10:28:40+08:00 ] 127.0.0.1 /shop/index.php/Admin/Cate/add
INFO: [ app_init ] --START--
INFO: Run Behavior\BuildLiteBehavior [ RunTime:0.000000s ]
INFO: [ app_init ] --END-- [ RunTime:0.002000s ]
INFO: [ app_begin ] --START--
INFO: Run Behavior\ReadHtmlCacheBehavior [ RunTime:0.001000s ]
INFO: [ app_begin ] --END-- [ RunTime:0.001000s ]
SQL: SHOW COLUMNS FROM `think_cate` [ RunTime:0.0010s ]
SQL: SELECT * FROM `think_cate` ORDER BY id asc  [ RunTime:0.0010s ]
INFO: [ view_parse ] --START--
INFO: [ template_filter ] --START--
INFO: Run Behavior\ContentReplaceBehavior [ RunTime:0.000000s ]
INFO: [ template_filter ] --END-- [ RunTime:0.000000s ]
INFO: Run Behavior\ParseTemplateBehavior [ RunTime:0.013000s ]
INFO: [ view_parse ] --END-- [ RunTime:0.013000s ]
INFO: [ view_filter ] --START--
INFO: Run Behavior\WriteHtmlCacheBehavior [ RunTime:0.001001s ]
INFO: [ view_filter ] --END-- [ RunTime:0.001001s ]
INFO: [ app_end ] --START--
INFO: Run Behavior\ShowPageTraceBehavior [ RunTime:0.001000s ]
INFO: [ app_end ] --END-- [ RunTime:0.001000s ]

[ 2017-02-14T10:29:03+08:00 ] 127.0.0.1 /shop/index.php/Admin/Cate/add
INFO: [ app_init ] --START--
INFO: Run Behavior\BuildLiteBehavior [ RunTime:0.000000s ]
INFO: [ app_init ] --END-- [ RunTime:0.000000s ]
INFO: [ app_begin ] --START--
INFO: Run Behavior\ReadHtmlCacheBehavior [ RunTime:0.000000s ]
INFO: [ app_begin ] --END-- [ RunTime:0.000000s ]
SQL: SHOW COLUMNS FROM `think_cate` [ RunTime:0.0010s ]
SQL: SELECT * FROM `think_cate` ORDER BY id asc  [ RunTime:0.0010s ]
INFO: [ view_parse ] --START--
INFO: [ template_filter ] --START--
INFO: Run Behavior\ContentReplaceBehavior [ RunTime:0.000000s ]
INFO: [ template_filter ] --END-- [ RunTime:0.000000s ]
INFO: Run Behavior\ParseTemplateBehavior [ RunTime:0.010001s ]
INFO: [ view_parse ] --END-- [ RunTime:0.010001s ]
INFO: [ view_filter ] --START--
INFO: Run Behavior\WriteHtmlCacheBehavior [ RunTime:0.000000s ]
INFO: [ view_filter ] --END-- [ RunTime:0.000000s ]
INFO: [ app_end ] --START--
INFO: Run Behavior\ShowPageTraceBehavior [ RunTime:0.001000s ]
INFO: [ app_end ] --END-- [ RunTime:0.001000s ]

[ 2017-02-14T10:30:43+08:00 ] 127.0.0.1 /shop/index.php/Admin/Cate/add
INFO: [ app_init ] --START--
INFO: Run Behavior\BuildLiteBehavior [ RunTime:0.000000s ]
INFO: [ app_init ] --END-- [ RunTime:0.000000s ]
INFO: [ app_begin ] --START--
INFO: Run Behavior\ReadHtmlCacheBehavior [ RunTime:0.001000s ]
INFO: [ app_begin ] --END-- [ RunTime:0.001000s ]
SQL: SHOW COLUMNS FROM `think_cate` [ RunTime:0.0010s ]
SQL: SELECT * FROM `think_cate` ORDER BY id asc  [ RunTime:0.0000s ]
INFO: [ view_parse ] --START--
INFO: [ template_filter ] --START--
INFO: Run Behavior\ContentReplaceBehavior [ RunTime:0.000000s ]
INFO: [ template_filter ] --END-- [ RunTime:0.000000s ]
INFO: Run Behavior\ParseTemplateBehavior [ RunTime:0.010000s ]
INFO: [ view_parse ] --END-- [ RunTime:0.010000s ]
INFO: [ view_filter ] --START--
INFO: Run Behavior\WriteHtmlCacheBehavior [ RunTime:0.001000s ]
INFO: [ view_filter ] --END-- [ RunTime:0.001000s ]
INFO: [ app_end ] --START--
INFO: Run Behavior\ShowPageTraceBehavior [ RunTime:0.001000s ]
INFO: [ app_end ] --END-- [ RunTime:0.001000s ]

[ 2017-02-14T10:31:09+08:00 ] 127.0.0.1 /shop/index.php/Admin/Cate/add
INFO: [ app_init ] --START--
INFO: Run Behavior\BuildLiteBehavior [ RunTime:0.001000s ]
INFO: [ app_init ] --END-- [ RunTime:0.001000s ]
INFO: [ app_begin ] --START--
INFO: Run Behavior\ReadHtmlCacheBehavior [ RunTime:0.002000s ]
INFO: [ app_begin ] --END-- [ RunTime:0.003000s ]
SQL: SHOW COLUMNS FROM `think_cate` [ RunTime:0.0010s ]
NOTIC: [8] Undefined index: validate D:\wamp64\www\shop\ThinkPHP\Library\Think\Model.class.php 第 1185 行.
NOTIC: [8] Undefined index: auto D:\wamp64\www\shop\ThinkPHP\Library\Think\Model.class.php 第 1128 行.
SQL: INSERT INTO `think_cate` (`catename`,`pid`) VALUES ('五粮液','5') [ RunTime:0.0000s ]
INFO: [ view_parse ] --START--
INFO: [ template_filter ] --START--
INFO: Run Behavior\ContentReplaceBehavior [ RunTime:0.000000s ]
INFO: [ template_filter ] --END-- [ RunTime:0.001000s ]
INFO: Run Behavior\ParseTemplateBehavior [ RunTime:0.010000s ]
INFO: [ view_parse ] --END-- [ RunTime:0.010000s ]
INFO: [ view_filter ] --START--
INFO: Run Behavior\WriteHtmlCacheBehavior [ RunTime:0.000000s ]
INFO: [ view_filter ] --END-- [ RunTime:0.001000s ]
INFO: [ app_end ] --START--
INFO: Run Behavior\ShowPageTraceBehavior [ RunTime:0.000000s ]
INFO: [ app_end ] --END-- [ RunTime:0.000000s ]

[ 2017-02-14T10:31:10+08:00 ] 127.0.0.1 /shop/index.php/Admin/Cate/lst.html
INFO: [ app_init ] --START--
INFO: Run Behavior\BuildLiteBehavior [ RunTime:0.000000s ]
INFO: [ app_init ] --END-- [ RunTime:0.002000s ]
INFO: [ app_begin ] --START--
INFO: Run Behavior\ReadHtmlCacheBehavior [ RunTime:0.002000s ]
INFO: [ app_begin ] --END-- [ RunTime:0.002000s ]
INFO: [ view_parse ] --START--
INFO: [ template_filter ] --START--
INFO: Run Behavior\ContentReplaceBehavior [ RunTime:0.000000s ]
INFO: [ template_filter ] --END-- [ RunTime:0.000000s ]
NOTIC: [8] Undefined variable: result D:\wamp64\www\shop\Application\Runtime\Cache\Admin\1e31b38d8d9702701609b47afd2fec77.php 第 201 行.
NOTIC: [8] Undefined variable: page D:\wamp64\www\shop\Application\Runtime\Cache\Admin\1e31b38d8d9702701609b47afd2fec77.php 第 218 行.
INFO: Run Behavior\ParseTemplateBehavior [ RunTime:0.016001s ]
INFO: [ view_parse ] --END-- [ RunTime:0.016001s ]
INFO: [ view_filter ] --START--
INFO: Run Behavior\WriteHtmlCacheBehavior [ RunTime:0.000000s ]
INFO: [ view_filter ] --END-- [ RunTime:0.001000s ]
INFO: [ app_end ] --START--
INFO: Run Behavior\ShowPageTraceBehavior [ RunTime:0.001000s ]
INFO: [ app_end ] --END-- [ RunTime:0.001000s ]

[ 2017-02-14T10:31:14+08:00 ] 127.0.0.1 /shop/index.php/Admin/Cate/lst
INFO: [ app_init ] --START--
INFO: Run Behavior\BuildLiteBehavior [ RunTime:0.000000s ]
INFO: [ app_init ] --END-- [ RunTime:0.001000s ]
INFO: [ app_begin ] --START--
INFO: Run Behavior\ReadHtmlCacheBehavior [ RunTime:0.001000s ]
INFO: [ app_begin ] --END-- [ RunTime:0.001000s ]
INFO: [ view_parse ] --START--
INFO: [ template_filter ] --START--
INFO: Run Behavior\ContentReplaceBehavior [ RunTime:0.000000s ]
INFO: [ template_filter ] --END-- [ RunTime:0.001000s ]
NOTIC: [8] Undefined variable: result D:\wamp64\www\shop\Application\Runtime\Cache\Admin\1e31b38d8d9702701609b47afd2fec77.php 第 201 行.
NOTIC: [8] Undefined variable: page D:\wamp64\www\shop\Application\Runtime\Cache\Admin\1e31b38d8d9702701609b47afd2fec77.php 第 218 行.
INFO: Run Behavior\ParseTemplateBehavior [ RunTime:0.023001s ]
INFO: [ view_parse ] --END-- [ RunTime:0.023001s ]
INFO: [ view_filter ] --START--
INFO: Run Behavior\WriteHtmlCacheBehavior [ RunTime:0.000000s ]
INFO: [ view_filter ] --END-- [ RunTime:0.001000s ]
INFO: [ app_end ] --START--
INFO: Run Behavior\ShowPageTraceBehavior [ RunTime:0.001000s ]
INFO: [ app_end ] --END-- [ RunTime:0.001000s ]

[ 2017-02-14T10:31:16+08:00 ] 127.0.0.1 /shop/index.php/Admin/Cate/add
INFO: [ app_init ] --START--
INFO: Run Behavior\BuildLiteBehavior [ RunTime:0.000000s ]
INFO: [ app_init ] --END-- [ RunTime:0.001000s ]
INFO: [ app_begin ] --START--
INFO: Run Behavior\ReadHtmlCacheBehavior [ RunTime:0.001000s ]
INFO: [ app_begin ] --END-- [ RunTime:0.001000s ]
SQL: SHOW COLUMNS FROM `think_cate` [ RunTime:0.0010s ]
SQL: SELECT * FROM `think_cate` ORDER BY id asc  [ RunTime:0.0000s ]
INFO: [ view_parse ] --START--
INFO: [ template_filter ] --START--
INFO: Run Behavior\ContentReplaceBehavior [ RunTime:0.001000s ]
INFO: [ template_filter ] --END-- [ RunTime:0.001000s ]
INFO: Run Behavior\ParseTemplateBehavior [ RunTime:0.009001s ]
INFO: [ view_parse ] --END-- [ RunTime:0.009001s ]
INFO: [ view_filter ] --START--
INFO: Run Behavior\WriteHtmlCacheBehavior [ RunTime:0.000000s ]
INFO: [ view_filter ] --END-- [ RunTime:0.000000s ]
INFO: [ app_end ] --START--
INFO: Run Behavior\ShowPageTraceBehavior [ RunTime:0.000000s ]
INFO: [ app_end ] --END-- [ RunTime:0.000000s ]

[ 2017-02-14T10:32:11+08:00 ] 127.0.0.1 /shop/index.php/Admin/Cate/lst
INFO: [ app_init ] --START--
INFO: Run Behavior\BuildLiteBehavior [ RunTime:0.000000s ]
INFO: [ app_init ] --END-- [ RunTime:0.001000s ]
INFO: [ app_begin ] --START--
INFO: Run Behavior\ReadHtmlCacheBehavior [ RunTime:0.000000s ]
INFO: [ app_begin ] --END-- [ RunTime:0.000000s ]
INFO: [ view_parse ] --START--
INFO: [ template_filter ] --START--
INFO: Run Behavior\ContentReplaceBehavior [ RunTime:0.000000s ]
INFO: [ template_filter ] --END-- [ RunTime:0.000000s ]
NOTIC: [8] Undefined variable: result D:\wamp64\www\shop\Application\Runtime\Cache\Admin\1e31b38d8d9702701609b47afd2fec77.php 第 201 行.
NOTIC: [8] Undefined variable: page D:\wamp64\www\shop\Application\Runtime\Cache\Admin\1e31b38d8d9702701609b47afd2fec77.php 第 218 行.
INFO: Run Behavior\ParseTemplateBehavior [ RunTime:0.011001s ]
INFO: [ view_parse ] --END-- [ RunTime:0.011001s ]
INFO: [ view_filter ] --START--
INFO: Run Behavior\WriteHtmlCacheBehavior [ RunTime:0.001000s ]
INFO: [ view_filter ] --END-- [ RunTime:0.001000s ]
INFO: [ app_end ] --START--
INFO: Run Behavior\ShowPageTraceBehavior [ RunTime:0.001000s ]
INFO: [ app_end ] --END-- [ RunTime:0.001000s ]

[ 2017-02-14T10:32:13+08:00 ] 127.0.0.1 /shop/index.php/Admin/Cate/add
INFO: [ app_init ] --START--
INFO: Run Behavior\BuildLiteBehavior [ RunTime:0.000000s ]
INFO: [ app_init ] --END-- [ RunTime:0.001000s ]
INFO: [ app_begin ] --START--
INFO: Run Behavior\ReadHtmlCacheBehavior [ RunTime:0.000000s ]
INFO: [ app_begin ] --END-- [ RunTime:0.001000s ]
SQL: SHOW COLUMNS FROM `think_cate` [ RunTime:0.0010s ]
SQL: SELECT * FROM `think_cate` ORDER BY id asc  [ RunTime:0.0010s ]
INFO: [ view_parse ] --START--
INFO: [ template_filter ] --START--
INFO: Run Behavior\ContentReplaceBehavior [ RunTime:0.000000s ]
INFO: [ template_filter ] --END-- [ RunTime:0.000000s ]
INFO: Run Behavior\ParseTemplateBehavior [ RunTime:0.017001s ]
INFO: [ view_parse ] --END-- [ RunTime:0.017001s ]
INFO: [ view_filter ] --START--
INFO: Run Behavior\WriteHtmlCacheBehavior [ RunTime:0.001000s ]
INFO: [ view_filter ] --END-- [ RunTime:0.001000s ]
INFO: [ app_end ] --START--
INFO: Run Behavior\ShowPageTraceBehavior [ RunTime:0.001000s ]
INFO: [ app_end ] --END-- [ RunTime:0.001000s ]

[ 2017-02-14T10:32:16+08:00 ] 127.0.0.1 /shop/index.php/Admin/Cate/lst
INFO: [ app_init ] --START--
INFO: Run Behavior\BuildLiteBehavior [ RunTime:0.000000s ]
INFO: [ app_init ] --END-- [ RunTime:0.001000s ]
INFO: [ app_begin ] --START--
INFO: Run Behavior\ReadHtmlCacheBehavior [ RunTime:0.001000s ]
INFO: [ app_begin ] --END-- [ RunTime:0.002000s ]
INFO: [ view_parse ] --START--
INFO: [ template_filter ] --START--
INFO: Run Behavior\ContentReplaceBehavior [ RunTime:0.000000s ]
INFO: [ template_filter ] --END-- [ RunTime:0.000000s ]
NOTIC: [8] Undefined variable: result D:\wamp64\www\shop\Application\Runtime\Cache\Admin\1e31b38d8d9702701609b47afd2fec77.php 第 201 行.
NOTIC: [8] Undefined variable: page D:\wamp64\www\shop\Application\Runtime\Cache\Admin\1e31b38d8d9702701609b47afd2fec77.php 第 218 行.
INFO: Run Behavior\ParseTemplateBehavior [ RunTime:0.027001s ]
INFO: [ view_parse ] --END-- [ RunTime:0.027001s ]
INFO: [ view_filter ] --START--
INFO: Run Behavior\WriteHtmlCacheBehavior [ RunTime:0.000000s ]
INFO: [ view_filter ] --END-- [ RunTime:0.001000s ]
INFO: [ app_end ] --START--
INFO: Run Behavior\ShowPageTraceBehavior [ RunTime:0.001000s ]
INFO: [ app_end ] --END-- [ RunTime:0.001000s ]

[ 2017-02-14T10:35:46+08:00 ] 127.0.0.1 /shop/index.php/Admin/Cate/lst
INFO: [ app_init ] --START--
INFO: Run Behavior\BuildLiteBehavior [ RunTime:0.000000s ]
INFO: [ app_init ] --END-- [ RunTime:0.001000s ]
INFO: [ app_begin ] --START--
INFO: Run Behavior\ReadHtmlCacheBehavior [ RunTime:0.001000s ]
INFO: [ app_begin ] --END-- [ RunTime:0.001000s ]
INFO: [ view_parse ] --START--
INFO: [ template_filter ] --START--
INFO: Run Behavior\ContentReplaceBehavior [ RunTime:0.001000s ]
INFO: [ template_filter ] --END-- [ RunTime:0.001000s ]
NOTIC: [8] Undefined variable: result D:\wamp64\www\shop\Application\Runtime\Cache\Admin\1e31b38d8d9702701609b47afd2fec77.php 第 201 行.
NOTIC: [8] Undefined variable: page D:\wamp64\www\shop\Application\Runtime\Cache\Admin\1e31b38d8d9702701609b47afd2fec77.php 第 218 行.
INFO: Run Behavior\ParseTemplateBehavior [ RunTime:0.015000s ]
INFO: [ view_parse ] --END-- [ RunTime:0.015000s ]
INFO: [ view_filter ] --START--
INFO: Run Behavior\WriteHtmlCacheBehavior [ RunTime:0.000000s ]
INFO: [ view_filter ] --END-- [ RunTime:0.000000s ]
INFO: [ app_end ] --START--
INFO: Run Behavior\ShowPageTraceBehavior [ RunTime:0.000000s ]
INFO: [ app_end ] --END-- [ RunTime:0.000000s ]

[ 2017-02-14T10:36:08+08:00 ] 127.0.0.1 /shop/index.php/Admin/Cate/lst
INFO: [ app_init ] --START--
INFO: Run Behavior\BuildLiteBehavior [ RunTime:0.000000s ]
INFO: [ app_init ] --END-- [ RunTime:0.001000s ]
INFO: [ app_begin ] --START--
INFO: Run Behavior\ReadHtmlCacheBehavior [ RunTime:0.001000s ]
INFO: [ app_begin ] --END-- [ RunTime:0.001000s ]
INFO: [ view_parse ] --START--
INFO: [ template_filter ] --START--
INFO: Run Behavior\ContentReplaceBehavior [ RunTime:0.000000s ]
INFO: [ template_filter ] --END-- [ RunTime:0.000000s ]
NOTIC: [8] Undefined variable: result D:\wamp64\www\shop\Application\Runtime\Cache\Admin\1e31b38d8d9702701609b47afd2fec77.php 第 201 行.
NOTIC: [8] Undefined variable: page D:\wamp64\www\shop\Application\Runtime\Cache\Admin\1e31b38d8d9702701609b47afd2fec77.php 第 218 行.
INFO: Run Behavior\ParseTemplateBehavior [ RunTime:0.011001s ]
INFO: [ view_parse ] --END-- [ RunTime:0.011001s ]
INFO: [ view_filter ] --START--
INFO: Run Behavior\WriteHtmlCacheBehavior [ RunTime:0.000000s ]
INFO: [ view_filter ] --END-- [ RunTime:0.000000s ]
INFO: [ app_end ] --START--
INFO: Run Behavior\ShowPageTraceBehavior [ RunTime:0.001000s ]
INFO: [ app_end ] --END-- [ RunTime:0.001000s ]

[ 2017-02-14T10:36:19+08:00 ] 127.0.0.1 /shop/index.php/Admin/Admin/add
INFO: [ app_init ] --START--
INFO: Run Behavior\BuildLiteBehavior [ RunTime:0.000000s ]
INFO: [ app_init ] --END-- [ RunTime:0.001000s ]
INFO: [ app_begin ] --START--
INFO: Run Behavior\ReadHtmlCacheBehavior [ RunTime:0.001000s ]
INFO: [ app_begin ] --END-- [ RunTime:0.001000s ]
INFO: [ view_parse ] --START--
INFO: [ template_filter ] --START--
INFO: Run Behavior\ContentReplaceBehavior [ RunTime:0.000000s ]
INFO: [ template_filter ] --END-- [ RunTime:0.000000s ]
INFO: Run Behavior\ParseTemplateBehavior [ RunTime:0.028002s ]
INFO: [ view_parse ] --END-- [ RunTime:0.028002s ]
INFO: [ view_filter ] --START--
INFO: Run Behavior\WriteHtmlCacheBehavior [ RunTime:0.001000s ]
INFO: [ view_filter ] --END-- [ RunTime:0.001000s ]
INFO: [ app_end ] --START--
INFO: Run Behavior\ShowPageTraceBehavior [ RunTime:0.001000s ]
INFO: [ app_end ] --END-- [ RunTime:0.001000s ]

[ 2017-02-14T10:36:31+08:00 ] 127.0.0.1 /shop/index.php/Admin/Cate/lst
INFO: [ app_init ] --START--
INFO: Run Behavior\BuildLiteBehavior [ RunTime:0.000000s ]
INFO: [ app_init ] --END-- [ RunTime:0.001000s ]
INFO: [ app_begin ] --START--
INFO: Run Behavior\ReadHtmlCacheBehavior [ RunTime:0.001000s ]
INFO: [ app_begin ] --END-- [ RunTime:0.002000s ]
INFO: [ view_parse ] --START--
INFO: [ template_filter ] --START--
INFO: Run Behavior\ContentReplaceBehavior [ RunTime:0.000000s ]
INFO: [ template_filter ] --END-- [ RunTime:0.000000s ]
NOTIC: [8] Undefined variable: result D:\wamp64\www\shop\Application\Runtime\Cache\Admin\1e31b38d8d9702701609b47afd2fec77.php 第 201 行.
NOTIC: [8] Undefined variable: page D:\wamp64\www\shop\Application\Runtime\Cache\Admin\1e31b38d8d9702701609b47afd2fec77.php 第 218 行.
INFO: Run Behavior\ParseTemplateBehavior [ RunTime:0.012000s ]
INFO: [ view_parse ] --END-- [ RunTime:0.012000s ]
INFO: [ view_filter ] --START--
INFO: Run Behavior\WriteHtmlCacheBehavior [ RunTime:0.000000s ]
INFO: [ view_filter ] --END-- [ RunTime:0.000000s ]
INFO: [ app_end ] --START--
INFO: Run Behavior\ShowPageTraceBehavior [ RunTime:0.000000s ]
INFO: [ app_end ] --END-- [ RunTime:0.000000s ]

[ 2017-02-14T10:36:55+08:00 ] 127.0.0.1 /shop/index.php/Admin/Cate/lst
INFO: [ app_init ] --START--
INFO: Run Behavior\BuildLiteBehavior [ RunTime:0.000000s ]
INFO: [ app_init ] --END-- [ RunTime:0.001000s ]
INFO: [ app_begin ] --START--
INFO: Run Behavior\ReadHtmlCacheBehavior [ RunTime:0.001000s ]
INFO: [ app_begin ] --END-- [ RunTime:0.001000s ]
INFO: [ view_parse ] --START--
INFO: [ template_filter ] --START--
INFO: Run Behavior\ContentReplaceBehavior [ RunTime:0.001000s ]
INFO: [ template_filter ] --END-- [ RunTime:0.001000s ]
NOTIC: [8] Undefined variable: result D:\wamp64\www\shop\Application\Runtime\Cache\Admin\1e31b38d8d9702701609b47afd2fec77.php 第 201 行.
NOTIC: [8] Undefined variable: page D:\wamp64\www\shop\Application\Runtime\Cache\Admin\1e31b38d8d9702701609b47afd2fec77.php 第 218 行.
INFO: Run Behavior\ParseTemplateBehavior [ RunTime:0.011000s ]
INFO: [ view_parse ] --END-- [ RunTime:0.011000s ]
INFO: [ view_filter ] --START--
INFO: Run Behavior\WriteHtmlCacheBehavior [ RunTime:0.000000s ]
INFO: [ view_filter ] --END-- [ RunTime:0.000000s ]
INFO: [ app_end ] --START--
INFO: Run Behavior\ShowPageTraceBehavior [ RunTime:0.000000s ]
INFO: [ app_end ] --END-- [ RunTime:0.001000s ]

[ 2017-02-14T10:36:56+08:00 ] 127.0.0.1 /shop/index.php/Admin/Cate/add
INFO: [ app_init ] --START--
INFO: Run Behavior\BuildLiteBehavior [ RunTime:0.000000s ]
INFO: [ app_init ] --END-- [ RunTime:0.000000s ]
INFO: [ app_begin ] --START--
INFO: Run Behavior\ReadHtmlCacheBehavior [ RunTime:0.001000s ]
INFO: [ app_begin ] --END-- [ RunTime:0.001000s ]
SQL: SHOW COLUMNS FROM `think_cate` [ RunTime:0.0010s ]
SQL: SELECT * FROM `think_cate` ORDER BY id asc  [ RunTime:0.0000s ]
INFO: [ view_parse ] --START--
INFO: [ template_filter ] --START--
INFO: Run Behavior\ContentReplaceBehavior [ RunTime:0.000000s ]
INFO: [ template_filter ] --END-- [ RunTime:0.000000s ]
INFO: Run Behavior\ParseTemplateBehavior [ RunTime:0.013001s ]
INFO: [ view_parse ] --END-- [ RunTime:0.013001s ]
INFO: [ view_filter ] --START--
INFO: Run Behavior\WriteHtmlCacheBehavior [ RunTime:0.001000s ]
INFO: [ view_filter ] --END-- [ RunTime:0.001000s ]
INFO: [ app_end ] --START--
INFO: Run Behavior\ShowPageTraceBehavior [ RunTime:0.000000s ]
INFO: [ app_end ] --END-- [ RunTime:0.002000s ]

[ 2017-02-14T10:37:00+08:00 ] 127.0.0.1 /shop/index.php/Admin/Cate/lst
INFO: [ app_init ] --START--
INFO: Run Behavior\BuildLiteBehavior [ RunTime:0.000000s ]
INFO: [ app_init ] --END-- [ RunTime:0.000000s ]
INFO: [ app_begin ] --START--
INFO: Run Behavior\ReadHtmlCacheBehavior [ RunTime:0.001000s ]
INFO: [ app_begin ] --END-- [ RunTime:0.001000s ]
INFO: [ view_parse ] --START--
INFO: [ template_filter ] --START--
INFO: Run Behavior\ContentReplaceBehavior [ RunTime:0.001000s ]
INFO: [ template_filter ] --END-- [ RunTime:0.001000s ]
NOTIC: [8] Undefined variable: result D:\wamp64\www\shop\Application\Runtime\Cache\Admin\1e31b38d8d9702701609b47afd2fec77.php 第 201 行.
NOTIC: [8] Undefined variable: page D:\wamp64\www\shop\Application\Runtime\Cache\Admin\1e31b38d8d9702701609b47afd2fec77.php 第 218 行.
INFO: Run Behavior\ParseTemplateBehavior [ RunTime:0.016001s ]
INFO: [ view_parse ] --END-- [ RunTime:0.016001s ]
INFO: [ view_filter ] --START--
INFO: Run Behavior\WriteHtmlCacheBehavior [ RunTime:0.000000s ]
INFO: [ view_filter ] --END-- [ RunTime:0.001000s ]
INFO: [ app_end ] --START--
INFO: Run Behavior\ShowPageTraceBehavior [ RunTime:0.001000s ]
INFO: [ app_end ] --END-- [ RunTime:0.001000s ]

[ 2017-02-14T10:37:01+08:00 ] 127.0.0.1 /shop/index.php/Admin/Cate/add
INFO: [ app_init ] --START--
INFO: Run Behavior\BuildLiteBehavior [ RunTime:0.000000s ]
INFO: [ app_init ] --END-- [ RunTime:0.000000s ]
INFO: [ app_begin ] --START--
INFO: Run Behavior\ReadHtmlCacheBehavior [ RunTime:0.001000s ]
INFO: [ app_begin ] --END-- [ RunTime:0.001000s ]
SQL: SHOW COLUMNS FROM `think_cate` [ RunTime:0.0000s ]
SQL: SELECT * FROM `think_cate` ORDER BY id asc  [ RunTime:0.0000s ]
INFO: [ view_parse ] --START--
INFO: [ template_filter ] --START--
INFO: Run Behavior\ContentReplaceBehavior [ RunTime:0.000000s ]
INFO: [ template_filter ] --END-- [ RunTime:0.001000s ]
INFO: Run Behavior\ParseTemplateBehavior [ RunTime:0.010000s ]
INFO: [ view_parse ] --END-- [ RunTime:0.010000s ]
INFO: [ view_filter ] --START--
INFO: Run Behavior\WriteHtmlCacheBehavior [ RunTime:0.000000s ]
INFO: [ view_filter ] --END-- [ RunTime:0.000000s ]
INFO: [ app_end ] --START--
INFO: Run Behavior\ShowPageTraceBehavior [ RunTime:0.000000s ]
INFO: [ app_end ] --END-- [ RunTime:0.000000s ]

[ 2017-02-14T10:37:11+08:00 ] 127.0.0.1 /shop/index.php/Admin/Cate/lst
INFO: [ app_init ] --START--
INFO: Run Behavior\BuildLiteBehavior [ RunTime:0.000000s ]
INFO: [ app_init ] --END-- [ RunTime:0.001000s ]
INFO: [ app_begin ] --START--
INFO: Run Behavior\ReadHtmlCacheBehavior [ RunTime:0.001000s ]
INFO: [ app_begin ] --END-- [ RunTime:0.001000s ]
INFO: [ view_parse ] --START--
INFO: [ template_filter ] --START--
INFO: Run Behavior\ContentReplaceBehavior [ RunTime:0.000000s ]
INFO: [ template_filter ] --END-- [ RunTime:0.001000s ]
NOTIC: [8] Undefined variable: result D:\wamp64\www\shop\Application\Runtime\Cache\Admin\1e31b38d8d9702701609b47afd2fec77.php 第 201 行.
NOTIC: [8] Undefined variable: page D:\wamp64\www\shop\Application\Runtime\Cache\Admin\1e31b38d8d9702701609b47afd2fec77.php 第 218 行.
INFO: Run Behavior\ParseTemplateBehavior [ RunTime:0.018001s ]
INFO: [ view_parse ] --END-- [ RunTime:0.018001s ]
INFO: [ view_filter ] --START--
INFO: Run Behavior\WriteHtmlCacheBehavior [ RunTime:0.000000s ]
INFO: [ view_filter ] --END-- [ RunTime:0.001000s ]
INFO: [ app_end ] --START--
INFO: Run Behavior\ShowPageTraceBehavior [ RunTime:0.001000s ]
INFO: [ app_end ] --END-- [ RunTime:0.001000s ]

[ 2017-02-14T10:37:13+08:00 ] 127.0.0.1 /shop/index.php/Admin/Cate/add
INFO: [ app_init ] --START--
INFO: Run Behavior\BuildLiteBehavior [ RunTime:0.000000s ]
INFO: [ app_init ] --END-- [ RunTime:0.001000s ]
INFO: [ app_begin ] --START--
INFO: Run Behavior\ReadHtmlCacheBehavior [ RunTime:0.001000s ]
INFO: [ app_begin ] --END-- [ RunTime:0.002000s ]
SQL: SHOW COLUMNS FROM `think_cate` [ RunTime:0.0000s ]
SQL: SELECT * FROM `think_cate` ORDER BY id asc  [ RunTime:0.0000s ]
INFO: [ view_parse ] --START--
INFO: [ template_filter ] --START--
INFO: Run Behavior\ContentReplaceBehavior [ RunTime:0.000000s ]
INFO: [ template_filter ] --END-- [ RunTime:0.000000s ]
INFO: Run Behavior\ParseTemplateBehavior [ RunTime:0.012001s ]
INFO: [ view_parse ] --END-- [ RunTime:0.012001s ]
INFO: [ view_filter ] --START--
INFO: Run Behavior\WriteHtmlCacheBehavior [ RunTime:0.001000s ]
INFO: [ view_filter ] --END-- [ RunTime:0.001000s ]
INFO: [ app_end ] --START--
INFO: Run Behavior\ShowPageTraceBehavior [ RunTime:0.001000s ]
INFO: [ app_end ] --END-- [ RunTime:0.001000s ]

[ 2017-02-14T10:37:15+08:00 ] 127.0.0.1 /shop/index.php/Admin/Cate/add
INFO: [ app_init ] --START--
INFO: Run Behavior\BuildLiteBehavior [ RunTime:0.000000s ]
INFO: [ app_init ] --END-- [ RunTime:0.000000s ]
INFO: [ app_begin ] --START--
INFO: Run Behavior\ReadHtmlCacheBehavior [ RunTime:0.001000s ]
INFO: [ app_begin ] --END-- [ RunTime:0.001000s ]
SQL: SHOW COLUMNS FROM `think_cate` [ RunTime:0.0000s ]
SQL: SELECT * FROM `think_cate` ORDER BY id asc  [ RunTime:0.0000s ]
INFO: [ view_parse ] --START--
INFO: [ template_filter ] --START--
INFO: Run Behavior\ContentReplaceBehavior [ RunTime:0.001000s ]
INFO: [ template_filter ] --END-- [ RunTime:0.001000s ]
INFO: Run Behavior\ParseTemplateBehavior [ RunTime:0.009000s ]
INFO: [ view_parse ] --END-- [ RunTime:0.009000s ]
INFO: [ view_filter ] --START--
INFO: Run Behavior\WriteHtmlCacheBehavior [ RunTime:0.000000s ]
INFO: [ view_filter ] --END-- [ RunTime:0.001000s ]
INFO: [ app_end ] --START--
INFO: Run Behavior\ShowPageTraceBehavior [ RunTime:0.000000s ]
INFO: [ app_end ] --END-- [ RunTime:0.000000s ]

[ 2017-02-14T10:37:50+08:00 ] 127.0.0.1 /shop/index.php/Admin/Cate/lst
INFO: [ app_init ] --START--
INFO: Run Behavior\BuildLiteBehavior [ RunTime:0.000000s ]
INFO: [ app_init ] --END-- [ RunTime:0.001000s ]
INFO: [ app_begin ] --START--
INFO: Run Behavior\ReadHtmlCacheBehavior [ RunTime:0.000000s ]
INFO: [ app_begin ] --END-- [ RunTime:0.001000s ]
SQL: SHOW COLUMNS FROM `think_cate` [ RunTime:0.0010s ]
INFO: [ app_end ] --START--
INFO: Run Behavior\ShowPageTraceBehavior [ RunTime:0.001000s ]
INFO: [ app_end ] --END-- [ RunTime:0.001000s ]

[ 2017-02-14T10:38:02+08:00 ] 127.0.0.1 /shop/index.php/Admin/Cate/add
INFO: [ app_init ] --START--
INFO: Run Behavior\BuildLiteBehavior [ RunTime:0.000000s ]
INFO: [ app_init ] --END-- [ RunTime:0.002000s ]
INFO: [ app_begin ] --START--
INFO: Run Behavior\ReadHtmlCacheBehavior [ RunTime:0.001000s ]
INFO: [ app_begin ] --END-- [ RunTime:0.001000s ]
SQL: SHOW COLUMNS FROM `think_cate` [ RunTime:0.0010s ]
SQL: SELECT * FROM `think_cate` ORDER BY id asc  [ RunTime:0.0010s ]
INFO: [ view_parse ] --START--
INFO: [ template_filter ] --START--
INFO: Run Behavior\ContentReplaceBehavior [ RunTime:0.000000s ]
INFO: [ template_filter ] --END-- [ RunTime:0.001000s ]
INFO: Run Behavior\ParseTemplateBehavior [ RunTime:0.016000s ]
INFO: [ view_parse ] --END-- [ RunTime:0.016000s ]
INFO: [ view_filter ] --START--
INFO: Run Behavior\WriteHtmlCacheBehavior [ RunTime:0.001001s ]
INFO: [ view_filter ] --END-- [ RunTime:0.001001s ]
INFO: [ app_end ] --START--
INFO: Run Behavior\ShowPageTraceBehavior [ RunTime:0.001000s ]
INFO: [ app_end ] --END-- [ RunTime:0.001000s ]

[ 2017-02-14T10:38:04+08:00 ] 127.0.0.1 /shop/index.php/Admin/Cate/lst
INFO: [ app_init ] --START--
INFO: Run Behavior\BuildLiteBehavior [ RunTime:0.000000s ]
INFO: [ app_init ] --END-- [ RunTime:0.001000s ]
INFO: [ app_begin ] --START--
INFO: Run Behavior\ReadHtmlCacheBehavior [ RunTime:0.001000s ]
INFO: [ app_begin ] --END-- [ RunTime:0.001000s ]
SQL: SHOW COLUMNS FROM `think_cate` [ RunTime:0.0000s ]
INFO: [ view_parse ] --START--
INFO: [ template_filter ] --START--
INFO: Run Behavior\ContentReplaceBehavior [ RunTime:0.001000s ]
INFO: [ template_filter ] --END-- [ RunTime:0.001000s ]
NOTIC: [8] Undefined variable: result D:\wamp64\www\shop\Application\Runtime\Cache\Admin\1e31b38d8d9702701609b47afd2fec77.php 第 201 行.
NOTIC: [8] Undefined variable: page D:\wamp64\www\shop\Application\Runtime\Cache\Admin\1e31b38d8d9702701609b47afd2fec77.php 第 218 行.
INFO: Run Behavior\ParseTemplateBehavior [ RunTime:0.014001s ]
INFO: [ view_parse ] --END-- [ RunTime:0.014001s ]
INFO: [ view_filter ] --START--
INFO: Run Behavior\WriteHtmlCacheBehavior [ RunTime:0.000000s ]
INFO: [ view_filter ] --END-- [ RunTime:0.000000s ]
INFO: [ app_end ] --START--
INFO: Run Behavior\ShowPageTraceBehavior [ RunTime:0.000000s ]
INFO: [ app_end ] --END-- [ RunTime:0.000000s ]

[ 2017-02-14T10:50:57+08:00 ] 127.0.0.1 /shop/index.php/Admin/Cate/lst
INFO: [ app_init ] --START--
INFO: Run Behavior\BuildLiteBehavior [ RunTime:0.000000s ]
INFO: [ app_init ] --END-- [ RunTime:0.001000s ]
INFO: [ app_begin ] --START--
INFO: Run Behavior\ReadHtmlCacheBehavior [ RunTime:0.001000s ]
INFO: [ app_begin ] --END-- [ RunTime:0.002000s ]
SQL: SHOW COLUMNS FROM `think_cate` [ RunTime:0.0010s ]
SQL: SELECT * FROM `think_cate` ORDER BY id asc  [ RunTime:0.0010s ]
INFO: [ view_parse ] --START--
INFO: [ template_filter ] --START--
INFO: Run Behavior\ContentReplaceBehavior [ RunTime:0.000000s ]
INFO: [ template_filter ] --END-- [ RunTime:0.000000s ]
NOTIC: [8] Undefined variable: result D:\wamp64\www\shop\Application\Runtime\Cache\Admin\1e31b38d8d9702701609b47afd2fec77.php 第 201 行.
NOTIC: [8] Undefined variable: page D:\wamp64\www\shop\Application\Runtime\Cache\Admin\1e31b38d8d9702701609b47afd2fec77.php 第 218 行.
INFO: Run Behavior\ParseTemplateBehavior [ RunTime:0.012000s ]
INFO: [ view_parse ] --END-- [ RunTime:0.012000s ]
INFO: [ view_filter ] --START--
INFO: Run Behavior\WriteHtmlCacheBehavior [ RunTime:0.000000s ]
INFO: [ view_filter ] --END-- [ RunTime:0.000000s ]
INFO: [ app_end ] --START--
INFO: Run Behavior\ShowPageTraceBehavior [ RunTime:0.000000s ]
INFO: [ app_end ] --END-- [ RunTime:0.001000s ]

[ 2017-02-14T10:51:25+08:00 ] 127.0.0.1 /shop/index.php/Admin/Cate/lst
INFO: [ app_init ] --START--
INFO: Run Behavior\BuildLiteBehavior [ RunTime:0.000000s ]
INFO: [ app_init ] --END-- [ RunTime:0.001000s ]
INFO: [ app_begin ] --START--
INFO: Run Behavior\ReadHtmlCacheBehavior [ RunTime:0.001001s ]
INFO: [ app_begin ] --END-- [ RunTime:0.001001s ]
SQL: SHOW COLUMNS FROM `think_cate` [ RunTime:0.0020s ]
SQL: SELECT * FROM `think_cate` ORDER BY id asc  [ RunTime:0.0000s ]
INFO: [ view_parse ] --START--
INFO: [ template_filter ] --START--
INFO: Run Behavior\ContentReplaceBehavior [ RunTime:0.000000s ]
INFO: [ template_filter ] --END-- [ RunTime:0.000000s ]
NOTIC: [8] Undefined variable: user D:\wamp64\www\shop\Application\Runtime\Cache\Admin\1e31b38d8d9702701609b47afd2fec77.php 第 205 行.
NOTIC: [8] Undefined variable: user D:\wamp64\www\shop\Application\Runtime\Cache\Admin\1e31b38d8d9702701609b47afd2fec77.php 第 205 行.
NOTIC: [8] Undefined variable: user D:\wamp64\www\shop\Application\Runtime\Cache\Admin\1e31b38d8d9702701609b47afd2fec77.php 第 209 行.
NOTIC: [8] Undefined variable: user D:\wamp64\www\shop\Application\Runtime\Cache\Admin\1e31b38d8d9702701609b47afd2fec77.php 第 205 行.
NOTIC: [8] Undefined variable: user D:\wamp64\www\shop\Application\Runtime\Cache\Admin\1e31b38d8d9702701609b47afd2fec77.php 第 205 行.
NOTIC: [8] Undefined variable: user D:\wamp64\www\shop\Application\Runtime\Cache\Admin\1e31b38d8d9702701609b47afd2fec77.php 第 209 行.
NOTIC: [8] Undefined variable: user D:\wamp64\www\shop\Application\Runtime\Cache\Admin\1e31b38d8d9702701609b47afd2fec77.php 第 205 行.
NOTIC: [8] Undefined variable: user D:\wamp64\www\shop\Application\Runtime\Cache\Admin\1e31b38d8d9702701609b47afd2fec77.php 第 205 行.
NOTIC: [8] Undefined variable: user D:\wamp64\www\shop\Application\Runtime\Cache\Admin\1e31b38d8d9702701609b47afd2fec77.php 第 209 行.
NOTIC: [8] Undefined variable: user D:\wamp64\www\shop\Application\Runtime\Cache\Admin\1e31b38d8d9702701609b47afd2fec77.php 第 205 行.
NOTIC: [8] Undefined variable: user D:\wamp64\www\shop\Application\Runtime\Cache\Admin\1e31b38d8d9702701609b47afd2fec77.php 第 205 行.
NOTIC: [8] Undefined variable: user D:\wamp64\www\shop\Application\Runtime\Cache\Admin\1e31b38d8d9702701609b47afd2fec77.php 第 209 行.
NOTIC: [8] Undefined variable: user D:\wamp64\www\shop\Application\Runtime\Cache\Admin\1e31b38d8d9702701609b47afd2fec77.php 第 205 行.
NOTIC: [8] Undefined variable: user D:\wamp64\www\shop\Application\Runtime\Cache\Admin\1e31b38d8d9702701609b47afd2fec77.php 第 205 行.
NOTIC: [8] Undefined variable: user D:\wamp64\www\shop\Application\Runtime\Cache\Admin\1e31b38d8d9702701609b47afd2fec77.php 第 209 行.
NOTIC: [8] Undefined variable: user D:\wamp64\www\shop\Application\Runtime\Cache\Admin\1e31b38d8d9702701609b47afd2fec77.php 第 205 行.
NOTIC: [8] Undefined variable: user D:\wamp64\www\shop\Application\Runtime\Cache\Admin\1e31b38d8d9702701609b47afd2fec77.php 第 205 行.
NOTIC: [8] Undefined variable: user D:\wamp64\www\shop\Application\Runtime\Cache\Admin\1e31b38d8d9702701609b47afd2fec77.php 第 209 行.
NOTIC: [8] Undefined variable: user D:\wamp64\www\shop\Application\Runtime\Cache\Admin\1e31b38d8d9702701609b47afd2fec77.php 第 205 行.
NOTIC: [8] Undefined variable: user D:\wamp64\www\shop\Application\Runtime\Cache\Admin\1e31b38d8d9702701609b47afd2fec77.php 第 205 行.
NOTIC: [8] Undefined variable: user D:\wamp64\www\shop\Application\Runtime\Cache\Admin\1e31b38d8d9702701609b47afd2fec77.php 第 209 行.
NOTIC: [8] Undefined variable: page D:\wamp64\www\shop\Application\Runtime\Cache\Admin\1e31b38d8d9702701609b47afd2fec77.php 第 218 行.
INFO: Run Behavior\ParseTemplateBehavior [ RunTime:0.026001s ]
INFO: [ view_parse ] --END-- [ RunTime:0.027001s ]
INFO: [ view_filter ] --START--
INFO: Run Behavior\WriteHtmlCacheBehavior [ RunTime:0.001001s ]
INFO: [ view_filter ] --END-- [ RunTime:0.001001s ]
INFO: [ app_end ] --START--
INFO: Run Behavior\ShowPageTraceBehavior [ RunTime:0.001000s ]
INFO: [ app_end ] --END-- [ RunTime:0.002000s ]

[ 2017-02-14T10:52:17+08:00 ] 127.0.0.1 /shop/index.php/Admin/Cate/lst
INFO: [ app_init ] --START--
INFO: Run Behavior\BuildLiteBehavior [ RunTime:0.000000s ]
INFO: [ app_init ] --END-- [ RunTime:0.002000s ]
INFO: [ app_begin ] --START--
INFO: Run Behavior\ReadHtmlCacheBehavior [ RunTime:0.001000s ]
INFO: [ app_begin ] --END-- [ RunTime:0.001000s ]
SQL: SHOW COLUMNS FROM `think_cate` [ RunTime:0.0010s ]
SQL: SELECT * FROM `think_cate` ORDER BY id asc  [ RunTime:0.0000s ]
INFO: [ view_parse ] --START--
INFO: [ template_filter ] --START--
INFO: Run Behavior\ContentReplaceBehavior [ RunTime:0.000000s ]
INFO: [ template_filter ] --END-- [ RunTime:0.000000s ]
NOTIC: [8] Undefined variable: user D:\wamp64\www\shop\Application\Runtime\Cache\Admin\1e31b38d8d9702701609b47afd2fec77.php 第 205 行.
NOTIC: [8] Undefined variable: user D:\wamp64\www\shop\Application\Runtime\Cache\Admin\1e31b38d8d9702701609b47afd2fec77.php 第 205 行.
NOTIC: [8] Undefined variable: user D:\wamp64\www\shop\Application\Runtime\Cache\Admin\1e31b38d8d9702701609b47afd2fec77.php 第 209 行.
NOTIC: [8] Undefined variable: user D:\wamp64\www\shop\Application\Runtime\Cache\Admin\1e31b38d8d9702701609b47afd2fec77.php 第 205 行.
NOTIC: [8] Undefined variable: user D:\wamp64\www\shop\Application\Runtime\Cache\Admin\1e31b38d8d9702701609b47afd2fec77.php 第 205 行.
NOTIC: [8] Undefined variable: user D:\wamp64\www\shop\Application\Runtime\Cache\Admin\1e31b38d8d9702701609b47afd2fec77.php 第 209 行.
NOTIC: [8] Undefined variable: user D:\wamp64\www\shop\Application\Runtime\Cache\Admin\1e31b38d8d9702701609b47afd2fec77.php 第 205 行.
NOTIC: [8] Undefined variable: user D:\wamp64\www\shop\Application\Runtime\Cache\Admin\1e31b38d8d9702701609b47afd2fec77.php 第 205 行.
NOTIC: [8] Undefined variable: user D:\wamp64\www\shop\Application\Runtime\Cache\Admin\1e31b38d8d9702701609b47afd2fec77.php 第 209 行.
NOTIC: [8] Undefined variable: user D:\wamp64\www\shop\Application\Runtime\Cache\Admin\1e31b38d8d9702701609b47afd2fec77.php 第 205 行.
NOTIC: [8] Undefined variable: user D:\wamp64\www\shop\Application\Runtime\Cache\Admin\1e31b38d8d9702701609b47afd2fec77.php 第 205 行.
NOTIC: [8] Undefined variable: user D:\wamp64\www\shop\Application\Runtime\Cache\Admin\1e31b38d8d9702701609b47afd2fec77.php 第 209 行.
NOTIC: [8] Undefined variable: user D:\wamp64\www\shop\Application\Runtime\Cache\Admin\1e31b38d8d9702701609b47afd2fec77.php 第 205 行.
NOTIC: [8] Undefined variable: user D:\wamp64\www\shop\Application\Runtime\Cache\Admin\1e31b38d8d9702701609b47afd2fec77.php 第 205 行.
NOTIC: [8] Undefined variable: user D:\wamp64\www\shop\Application\Runtime\Cache\Admin\1e31b38d8d9702701609b47afd2fec77.php 第 209 行.
NOTIC: [8] Undefined variable: user D:\wamp64\www\shop\Application\Runtime\Cache\Admin\1e31b38d8d9702701609b47afd2fec77.php 第 205 行.
NOTIC: [8] Undefined variable: user D:\wamp64\www\shop\Application\Runtime\Cache\Admin\1e31b38d8d9702701609b47afd2fec77.php 第 205 行.
NOTIC: [8] Undefined variable: user D:\wamp64\www\shop\Application\Runtime\Cache\Admin\1e31b38d8d9702701609b47afd2fec77.php 第 209 行.
NOTIC: [8] Undefined variable: user D:\wamp64\www\shop\Application\Runtime\Cache\Admin\1e31b38d8d9702701609b47afd2fec77.php 第 205 行.
NOTIC: [8] Undefined variable: user D:\wamp64\www\shop\Application\Runtime\Cache\Admin\1e31b38d8d9702701609b47afd2fec77.php 第 205 行.
NOTIC: [8] Undefined variable: user D:\wamp64\www\shop\Application\Runtime\Cache\Admin\1e31b38d8d9702701609b47afd2fec77.php 第 209 行.
NOTIC: [8] Undefined variable: page D:\wamp64\www\shop\Application\Runtime\Cache\Admin\1e31b38d8d9702701609b47afd2fec77.php 第 218 行.
INFO: Run Behavior\ParseTemplateBehavior [ RunTime:0.014000s ]
INFO: [ view_parse ] --END-- [ RunTime:0.014000s ]
INFO: [ view_filter ] --START--
INFO: Run Behavior\WriteHtmlCacheBehavior [ RunTime:0.000000s ]
INFO: [ view_filter ] --END-- [ RunTime:0.000000s ]
INFO: [ app_end ] --START--
INFO: Run Behavior\ShowPageTraceBehavior [ RunTime:0.000000s ]
INFO: [ app_end ] --END-- [ RunTime:0.001000s ]

[ 2017-02-14T10:56:15+08:00 ] 127.0.0.1 /shop/index.php/Admin/Cate/lst
INFO: [ app_init ] --START--
INFO: Run Behavior\BuildLiteBehavior [ RunTime:0.000000s ]
INFO: [ app_init ] --END-- [ RunTime:0.001000s ]
INFO: [ app_begin ] --START--
INFO: Run Behavior\ReadHtmlCacheBehavior [ RunTime:0.000000s ]
INFO: [ app_begin ] --END-- [ RunTime:0.000000s ]
SQL: SHOW COLUMNS FROM `think_cate` [ RunTime:0.0010s ]
SQL: SELECT * FROM `think_cate` ORDER BY id asc  [ RunTime:0.0010s ]
INFO: [ view_parse ] --START--
INFO: [ template_filter ] --START--
INFO: Run Behavior\ContentReplaceBehavior [ RunTime:0.000000s ]
INFO: [ template_filter ] --END-- [ RunTime:0.000000s ]
NOTIC: [8] Undefined variable: user D:\wamp64\www\shop\Application\Runtime\Cache\Admin\1e31b38d8d9702701609b47afd2fec77.php 第 205 行.
NOTIC: [8] Undefined variable: user D:\wamp64\www\shop\Application\Runtime\Cache\Admin\1e31b38d8d9702701609b47afd2fec77.php 第 205 行.
NOTIC: [8] Undefined variable: user D:\wamp64\www\shop\Application\Runtime\Cache\Admin\1e31b38d8d9702701609b47afd2fec77.php 第 209 行.
NOTIC: [8] Undefined variable: user D:\wamp64\www\shop\Application\Runtime\Cache\Admin\1e31b38d8d9702701609b47afd2fec77.php 第 205 行.
NOTIC: [8] Undefined variable: user D:\wamp64\www\shop\Application\Runtime\Cache\Admin\1e31b38d8d9702701609b47afd2fec77.php 第 205 行.
NOTIC: [8] Undefined variable: user D:\wamp64\www\shop\Application\Runtime\Cache\Admin\1e31b38d8d9702701609b47afd2fec77.php 第 209 行.
NOTIC: [8] Undefined variable: user D:\wamp64\www\shop\Application\Runtime\Cache\Admin\1e31b38d8d9702701609b47afd2fec77.php 第 205 行.
NOTIC: [8] Undefined variable: user D:\wamp64\www\shop\Application\Runtime\Cache\Admin\1e31b38d8d9702701609b47afd2fec77.php 第 205 行.
NOTIC: [8] Undefined variable: user D:\wamp64\www\shop\Application\Runtime\Cache\Admin\1e31b38d8d9702701609b47afd2fec77.php 第 209 行.
NOTIC: [8] Undefined variable: user D:\wamp64\www\shop\Application\Runtime\Cache\Admin\1e31b38d8d9702701609b47afd2fec77.php 第 205 行.
NOTIC: [8] Undefined variable: user D:\wamp64\www\shop\Application\Runtime\Cache\Admin\1e31b38d8d9702701609b47afd2fec77.php 第 205 行.
NOTIC: [8] Undefined variable: user D:\wamp64\www\shop\Application\Runtime\Cache\Admin\1e31b38d8d9702701609b47afd2fec77.php 第 209 行.
NOTIC: [8] Undefined variable: user D:\wamp64\www\shop\Application\Runtime\Cache\Admin\1e31b38d8d9702701609b47afd2fec77.php 第 205 行.
NOTIC: [8] Undefined variable: user D:\wamp64\www\shop\Application\Runtime\Cache\Admin\1e31b38d8d9702701609b47afd2fec77.php 第 205 行.
NOTIC: [8] Undefined variable: user D:\wamp64\www\shop\Application\Runtime\Cache\Admin\1e31b38d8d9702701609b47afd2fec77.php 第 209 行.
NOTIC: [8] Undefined variable: user D:\wamp64\www\shop\Application\Runtime\Cache\Admin\1e31b38d8d9702701609b47afd2fec77.php 第 205 行.
NOTIC: [8] Undefined variable: user D:\wamp64\www\shop\Application\Runtime\Cache\Admin\1e31b38d8d9702701609b47afd2fec77.php 第 205 行.
NOTIC: [8] Undefined variable: user D:\wamp64\www\shop\Application\Runtime\Cache\Admin\1e31b38d8d9702701609b47afd2fec77.php 第 209 行.
NOTIC: [8] Undefined variable: user D:\wamp64\www\shop\Application\Runtime\Cache\Admin\1e31b38d8d9702701609b47afd2fec77.php 第 205 行.
NOTIC: [8] Undefined variable: user D:\wamp64\www\shop\Application\Runtime\Cache\Admin\1e31b38d8d9702701609b47afd2fec77.php 第 205 行.
NOTIC: [8] Undefined variable: user D:\wamp64\www\shop\Application\Runtime\Cache\Admin\1e31b38d8d9702701609b47afd2fec77.php 第 209 行.
NOTIC: [8] Undefined variable: page D:\wamp64\www\shop\Application\Runtime\Cache\Admin\1e31b38d8d9702701609b47afd2fec77.php 第 218 行.
INFO: Run Behavior\ParseTemplateBehavior [ RunTime:0.014001s ]
INFO: [ view_parse ] --END-- [ RunTime:0.014001s ]
INFO: [ view_filter ] --START--
INFO: Run Behavior\WriteHtmlCacheBehavior [ RunTime:0.000000s ]
INFO: [ view_filter ] --END-- [ RunTime:0.001000s ]
INFO: [ app_end ] --START--
INFO: Run Behavior\ShowPageTraceBehavior [ RunTime:0.000000s ]
INFO: [ app_end ] --END-- [ RunTime:0.000000s ]

[ 2017-02-14T10:56:34+08:00 ] 127.0.0.1 /shop/index.php/Admin/Cate/lst
INFO: [ app_init ] --START--
INFO: Run Behavior\BuildLiteBehavior [ RunTime:0.000000s ]
INFO: [ app_init ] --END-- [ RunTime:0.001000s ]
INFO: [ app_begin ] --START--
INFO: Run Behavior\ReadHtmlCacheBehavior [ RunTime:0.001000s ]
INFO: [ app_begin ] --END-- [ RunTime:0.001000s ]
SQL: SHOW COLUMNS FROM `think_cate` [ RunTime:0.0010s ]
SQL: SELECT * FROM `think_cate` ORDER BY id asc  [ RunTime:0.0000s ]
INFO: [ view_parse ] --START--
INFO: [ template_filter ] --START--
INFO: Run Behavior\ContentReplaceBehavior [ RunTime:0.000000s ]
INFO: [ template_filter ] --END-- [ RunTime:0.000000s ]
NOTIC: [8] Undefined variable: user D:\wamp64\www\shop\Application\Runtime\Cache\Admin\1e31b38d8d9702701609b47afd2fec77.php 第 205 行.
NOTIC: [8] Undefined variable: user D:\wamp64\www\shop\Application\Runtime\Cache\Admin\1e31b38d8d9702701609b47afd2fec77.php 第 205 行.
NOTIC: [8] Undefined variable: user D:\wamp64\www\shop\Application\Runtime\Cache\Admin\1e31b38d8d9702701609b47afd2fec77.php 第 209 行.
NOTIC: [8] Undefined variable: user D:\wamp64\www\shop\Application\Runtime\Cache\Admin\1e31b38d8d9702701609b47afd2fec77.php 第 205 行.
NOTIC: [8] Undefined variable: user D:\wamp64\www\shop\Application\Runtime\Cache\Admin\1e31b38d8d9702701609b47afd2fec77.php 第 205 行.
NOTIC: [8] Undefined variable: user D:\wamp64\www\shop\Application\Runtime\Cache\Admin\1e31b38d8d9702701609b47afd2fec77.php 第 209 行.
NOTIC: [8] Undefined variable: user D:\wamp64\www\shop\Application\Runtime\Cache\Admin\1e31b38d8d9702701609b47afd2fec77.php 第 205 行.
NOTIC: [8] Undefined variable: user D:\wamp64\www\shop\Application\Runtime\Cache\Admin\1e31b38d8d9702701609b47afd2fec77.php 第 205 行.
NOTIC: [8] Undefined variable: user D:\wamp64\www\shop\Application\Runtime\Cache\Admin\1e31b38d8d9702701609b47afd2fec77.php 第 209 行.
NOTIC: [8] Undefined variable: user D:\wamp64\www\shop\Application\Runtime\Cache\Admin\1e31b38d8d9702701609b47afd2fec77.php 第 205 行.
NOTIC: [8] Undefined variable: user D:\wamp64\www\shop\Application\Runtime\Cache\Admin\1e31b38d8d9702701609b47afd2fec77.php 第 205 行.
NOTIC: [8] Undefined variable: user D:\wamp64\www\shop\Application\Runtime\Cache\Admin\1e31b38d8d9702701609b47afd2fec77.php 第 209 行.
NOTIC: [8] Undefined variable: user D:\wamp64\www\shop\Application\Runtime\Cache\Admin\1e31b38d8d9702701609b47afd2fec77.php 第 205 行.
NOTIC: [8] Undefined variable: user D:\wamp64\www\shop\Application\Runtime\Cache\Admin\1e31b38d8d9702701609b47afd2fec77.php 第 205 行.
NOTIC: [8] Undefined variable: user D:\wamp64\www\shop\Application\Runtime\Cache\Admin\1e31b38d8d9702701609b47afd2fec77.php 第 209 行.
NOTIC: [8] Undefined variable: user D:\wamp64\www\shop\Application\Runtime\Cache\Admin\1e31b38d8d9702701609b47afd2fec77.php 第 205 行.
NOTIC: [8] Undefined variable: user D:\wamp64\www\shop\Application\Runtime\Cache\Admin\1e31b38d8d9702701609b47afd2fec77.php 第 205 行.
NOTIC: [8] Undefined variable: user D:\wamp64\www\shop\Application\Runtime\Cache\Admin\1e31b38d8d9702701609b47afd2fec77.php 第 209 行.
NOTIC: [8] Undefined variable: user D:\wamp64\www\shop\Application\Runtime\Cache\Admin\1e31b38d8d9702701609b47afd2fec77.php 第 205 行.
NOTIC: [8] Undefined variable: user D:\wamp64\www\shop\Application\Runtime\Cache\Admin\1e31b38d8d9702701609b47afd2fec77.php 第 205 行.
NOTIC: [8] Undefined variable: user D:\wamp64\www\shop\Application\Runtime\Cache\Admin\1e31b38d8d9702701609b47afd2fec77.php 第 209 行.
NOTIC: [8] Undefined variable: page D:\wamp64\www\shop\Application\Runtime\Cache\Admin\1e31b38d8d9702701609b47afd2fec77.php 第 218 行.
INFO: Run Behavior\ParseTemplateBehavior [ RunTime:0.019001s ]
INFO: [ view_parse ] --END-- [ RunTime:0.019001s ]
INFO: [ view_filter ] --START--
INFO: Run Behavior\WriteHtmlCacheBehavior [ RunTime:0.001000s ]
INFO: [ view_filter ] --END-- [ RunTime:0.001000s ]
INFO: [ app_end ] --START--
INFO: Run Behavior\ShowPageTraceBehavior [ RunTime:0.000000s ]
INFO: [ app_end ] --END-- [ RunTime:0.001000s ]

[ 2017-02-14T10:59:19+08:00 ] 127.0.0.1 /shop/index.php/Admin/Cate/lst
INFO: [ app_init ] --START--
INFO: Run Behavior\BuildLiteBehavior [ RunTime:0.000000s ]
INFO: [ app_init ] --END-- [ RunTime:0.001000s ]
INFO: [ app_begin ] --START--
INFO: Run Behavior\ReadHtmlCacheBehavior [ RunTime:0.000000s ]
INFO: [ app_begin ] --END-- [ RunTime:0.001000s ]
SQL: SHOW COLUMNS FROM `think_cate` [ RunTime:0.0010s ]
SQL: SELECT * FROM `think_cate` ORDER BY id asc  [ RunTime:0.0000s ]
INFO: [ view_parse ] --START--
INFO: [ template_filter ] --START--
INFO: Run Behavior\ContentReplaceBehavior [ RunTime:0.000000s ]
INFO: [ template_filter ] --END-- [ RunTime:0.000000s ]
NOTIC: [8] Undefined variable: user D:\wamp64\www\shop\Application\Runtime\Cache\Admin\1e31b38d8d9702701609b47afd2fec77.php 第 205 行.
NOTIC: [8] Undefined variable: user D:\wamp64\www\shop\Application\Runtime\Cache\Admin\1e31b38d8d9702701609b47afd2fec77.php 第 205 行.
NOTIC: [8] Undefined variable: user D:\wamp64\www\shop\Application\Runtime\Cache\Admin\1e31b38d8d9702701609b47afd2fec77.php 第 209 行.
NOTIC: [8] Undefined variable: user D:\wamp64\www\shop\Application\Runtime\Cache\Admin\1e31b38d8d9702701609b47afd2fec77.php 第 205 行.
NOTIC: [8] Undefined variable: user D:\wamp64\www\shop\Application\Runtime\Cache\Admin\1e31b38d8d9702701609b47afd2fec77.php 第 205 行.
NOTIC: [8] Undefined variable: user D:\wamp64\www\shop\Application\Runtime\Cache\Admin\1e31b38d8d9702701609b47afd2fec77.php 第 209 行.
NOTIC: [8] Undefined variable: user D:\wamp64\www\shop\Application\Runtime\Cache\Admin\1e31b38d8d9702701609b47afd2fec77.php 第 205 行.
NOTIC: [8] Undefined variable: user D:\wamp64\www\shop\Application\Runtime\Cache\Admin\1e31b38d8d9702701609b47afd2fec77.php 第 205 行.
NOTIC: [8] Undefined variable: user D:\wamp64\www\shop\Application\Runtime\Cache\Admin\1e31b38d8d9702701609b47afd2fec77.php 第 209 行.
NOTIC: [8] Undefined variable: user D:\wamp64\www\shop\Application\Runtime\Cache\Admin\1e31b38d8d9702701609b47afd2fec77.php 第 205 行.
NOTIC: [8] Undefined variable: user D:\wamp64\www\shop\Application\Runtime\Cache\Admin\1e31b38d8d9702701609b47afd2fec77.php 第 205 行.
NOTIC: [8] Undefined variable: user D:\wamp64\www\shop\Application\Runtime\Cache\Admin\1e31b38d8d9702701609b47afd2fec77.php 第 209 行.
NOTIC: [8] Undefined variable: user D:\wamp64\www\shop\Application\Runtime\Cache\Admin\1e31b38d8d9702701609b47afd2fec77.php 第 205 行.
NOTIC: [8] Undefined variable: user D:\wamp64\www\shop\Application\Runtime\Cache\Admin\1e31b38d8d9702701609b47afd2fec77.php 第 205 行.
NOTIC: [8] Undefined variable: user D:\wamp64\www\shop\Application\Runtime\Cache\Admin\1e31b38d8d9702701609b47afd2fec77.php 第 209 行.
NOTIC: [8] Undefined variable: user D:\wamp64\www\shop\Application\Runtime\Cache\Admin\1e31b38d8d9702701609b47afd2fec77.php 第 205 行.
NOTIC: [8] Undefined variable: user D:\wamp64\www\shop\Application\Runtime\Cache\Admin\1e31b38d8d9702701609b47afd2fec77.php 第 205 行.
NOTIC: [8] Undefined variable: user D:\wamp64\www\shop\Application\Runtime\Cache\Admin\1e31b38d8d9702701609b47afd2fec77.php 第 209 行.
NOTIC: [8] Undefined variable: user D:\wamp64\www\shop\Application\Runtime\Cache\Admin\1e31b38d8d9702701609b47afd2fec77.php 第 205 行.
NOTIC: [8] Undefined variable: user D:\wamp64\www\shop\Application\Runtime\Cache\Admin\1e31b38d8d9702701609b47afd2fec77.php 第 205 行.
NOTIC: [8] Undefined variable: user D:\wamp64\www\shop\Application\Runtime\Cache\Admin\1e31b38d8d9702701609b47afd2fec77.php 第 209 行.
NOTIC: [8] Undefined variable: page D:\wamp64\www\shop\Application\Runtime\Cache\Admin\1e31b38d8d9702701609b47afd2fec77.php 第 218 行.
INFO: Run Behavior\ParseTemplateBehavior [ RunTime:0.011000s ]
INFO: [ view_parse ] --END-- [ RunTime:0.012000s ]
INFO: [ view_filter ] --START--
INFO: Run Behavior\WriteHtmlCacheBehavior [ RunTime:0.000000s ]
INFO: [ view_filter ] --END-- [ RunTime:0.000000s ]
INFO: [ app_end ] --START--
INFO: Run Behavior\ShowPageTraceBehavior [ RunTime:0.000000s ]
INFO: [ app_end ] --END-- [ RunTime:0.000000s ]

[ 2017-02-14T10:59:33+08:00 ] 127.0.0.1 /shop/index.php/Admin/Cate/lst
INFO: [ app_init ] --START--
INFO: Run Behavior\BuildLiteBehavior [ RunTime:0.000000s ]
INFO: [ app_init ] --END-- [ RunTime:0.001000s ]
INFO: [ app_begin ] --START--
INFO: Run Behavior\ReadHtmlCacheBehavior [ RunTime:0.001000s ]
INFO: [ app_begin ] --END-- [ RunTime:0.001000s ]
SQL: SHOW COLUMNS FROM `think_cate` [ RunTime:0.0010s ]
SQL: SELECT * FROM `think_cate` ORDER BY id asc  [ RunTime:0.0010s ]
INFO: [ view_parse ] --START--
INFO: [ template_filter ] --START--
INFO: Run Behavior\ContentReplaceBehavior [ RunTime:0.000000s ]
INFO: [ template_filter ] --END-- [ RunTime:0.000000s ]
NOTIC: [8] Undefined variable: user D:\wamp64\www\shop\Application\Runtime\Cache\Admin\1e31b38d8d9702701609b47afd2fec77.php 第 205 行.
NOTIC: [8] Undefined variable: user D:\wamp64\www\shop\Application\Runtime\Cache\Admin\1e31b38d8d9702701609b47afd2fec77.php 第 205 行.
NOTIC: [8] Undefined variable: user D:\wamp64\www\shop\Application\Runtime\Cache\Admin\1e31b38d8d9702701609b47afd2fec77.php 第 209 行.
NOTIC: [8] Undefined variable: user D:\wamp64\www\shop\Application\Runtime\Cache\Admin\1e31b38d8d9702701609b47afd2fec77.php 第 205 行.
NOTIC: [8] Undefined variable: user D:\wamp64\www\shop\Application\Runtime\Cache\Admin\1e31b38d8d9702701609b47afd2fec77.php 第 205 行.
NOTIC: [8] Undefined variable: user D:\wamp64\www\shop\Application\Runtime\Cache\Admin\1e31b38d8d9702701609b47afd2fec77.php 第 209 行.
NOTIC: [8] Undefined variable: user D:\wamp64\www\shop\Application\Runtime\Cache\Admin\1e31b38d8d9702701609b47afd2fec77.php 第 205 行.
NOTIC: [8] Undefined variable: user D:\wamp64\www\shop\Application\Runtime\Cache\Admin\1e31b38d8d9702701609b47afd2fec77.php 第 205 行.
NOTIC: [8] Undefined variable: user D:\wamp64\www\shop\Application\Runtime\Cache\Admin\1e31b38d8d9702701609b47afd2fec77.php 第 209 行.
NOTIC: [8] Undefined variable: user D:\wamp64\www\shop\Application\Runtime\Cache\Admin\1e31b38d8d9702701609b47afd2fec77.php 第 205 行.
NOTIC: [8] Undefined variable: user D:\wamp64\www\shop\Application\Runtime\Cache\Admin\1e31b38d8d9702701609b47afd2fec77.php 第 205 行.
NOTIC: [8] Undefined variable: user D:\wamp64\www\shop\Application\Runtime\Cache\Admin\1e31b38d8d9702701609b47afd2fec77.php 第 209 行.
NOTIC: [8] Undefined variable: user D:\wamp64\www\shop\Application\Runtime\Cache\Admin\1e31b38d8d9702701609b47afd2fec77.php 第 205 行.
NOTIC: [8] Undefined variable: user D:\wamp64\www\shop\Application\Runtime\Cache\Admin\1e31b38d8d9702701609b47afd2fec77.php 第 205 行.
NOTIC: [8] Undefined variable: user D:\wamp64\www\shop\Application\Runtime\Cache\Admin\1e31b38d8d9702701609b47afd2fec77.php 第 209 行.
NOTIC: [8] Undefined variable: user D:\wamp64\www\shop\Application\Runtime\Cache\Admin\1e31b38d8d9702701609b47afd2fec77.php 第 205 行.
NOTIC: [8] Undefined variable: user D:\wamp64\www\shop\Application\Runtime\Cache\Admin\1e31b38d8d9702701609b47afd2fec77.php 第 205 行.
NOTIC: [8] Undefined variable: user D:\wamp64\www\shop\Application\Runtime\Cache\Admin\1e31b38d8d9702701609b47afd2fec77.php 第 209 行.
NOTIC: [8] Undefined variable: user D:\wamp64\www\shop\Application\Runtime\Cache\Admin\1e31b38d8d9702701609b47afd2fec77.php 第 205 行.
NOTIC: [8] Undefined variable: user D:\wamp64\www\shop\Application\Runtime\Cache\Admin\1e31b38d8d9702701609b47afd2fec77.php 第 205 行.
NOTIC: [8] Undefined variable: user D:\wamp64\www\shop\Application\Runtime\Cache\Admin\1e31b38d8d9702701609b47afd2fec77.php 第 209 行.
NOTIC: [8] Undefined variable: page D:\wamp64\www\shop\Application\Runtime\Cache\Admin\1e31b38d8d9702701609b47afd2fec77.php 第 218 行.
INFO: Run Behavior\ParseTemplateBehavior [ RunTime:0.015001s ]
INFO: [ view_parse ] --END-- [ RunTime:0.015001s ]
INFO: [ view_filter ] --START--
INFO: Run Behavior\WriteHtmlCacheBehavior [ RunTime:0.001000s ]
INFO: [ view_filter ] --END-- [ RunTime:0.001000s ]
INFO: [ app_end ] --START--
INFO: Run Behavior\ShowPageTraceBehavior [ RunTime:0.001000s ]
INFO: [ app_end ] --END-- [ RunTime:0.001000s ]

