[ 2017-02-27T09:12:42+08:00 ] 192.168.3.106 /shop/index.php/Admin/Login/login.html
INFO: [ app_init ] --START--
INFO: Run Behavior\BuildLiteBehavior [ RunTime:0.000000s ]
INFO: [ app_init ] --END-- [ RunTime:0.001000s ]
INFO: [ app_begin ] --START--
INFO: Run Behavior\ReadHtmlCacheBehavior [ RunTime:0.001000s ]
INFO: [ app_begin ] --END-- [ RunTime:0.001000s ]
INFO: [ view_parse ] --START--
INFO: [ template_filter ] --START--
INFO: Run Behavior\ContentReplaceBehavior [ RunTime:0.000000s ]
INFO: [ template_filter ] --END-- [ RunTime:0.000000s ]
INFO: Run Behavior\ParseTemplateBehavior [ RunTime:0.013001s ]
INFO: [ view_parse ] --END-- [ RunTime:0.014001s ]
INFO: [ view_filter ] --START--
INFO: Run Behavior\WriteHtmlCacheBehavior [ RunTime:0.000000s ]
INFO: [ view_filter ] --END-- [ RunTime:0.000000s ]
INFO: [ app_end ] --START--
INFO: Run Behavior\ShowPageTraceBehavior [ RunTime:0.001000s ]
INFO: [ app_end ] --END-- [ RunTime:0.001000s ]

[ 2017-02-27T09:12:43+08:00 ] 192.168.3.106 /shop/index.php/Admin/Login/verify
INFO: [ app_init ] --START--
INFO: Run Behavior\BuildLiteBehavior [ RunTime:0.000000s ]
INFO: [ app_init ] --END-- [ RunTime:0.000000s ]
INFO: [ app_begin ] --START--
INFO: Run Behavior\ReadHtmlCacheBehavior [ RunTime:0.001000s ]
INFO: [ app_begin ] --END-- [ RunTime:0.001000s ]
INFO: [ app_end ] --START--
INFO: Run Behavior\ShowPageTraceBehavior [ RunTime:0.001000s ]
INFO: [ app_end ] --END-- [ RunTime:0.002000s ]

[ 2017-02-27T09:12:43+08:00 ] 192.168.3.106 /shop/index.php/Admin/Login/login.html
INFO: [ app_init ] --START--
INFO: Run Behavior\BuildLiteBehavior [ RunTime:0.000000s ]
INFO: [ app_init ] --END-- [ RunTime:0.000000s ]
INFO: [ app_begin ] --START--
INFO: Run Behavior\ReadHtmlCacheBehavior [ RunTime:0.000000s ]
INFO: [ app_begin ] --END-- [ RunTime:0.000000s ]
INFO: [ view_parse ] --START--
INFO: [ template_filter ] --START--
INFO: Run Behavior\ContentReplaceBehavior [ RunTime:0.000000s ]
INFO: [ template_filter ] --END-- [ RunTime:0.000000s ]
INFO: Run Behavior\ParseTemplateBehavior [ RunTime:0.006000s ]
INFO: [ view_parse ] --END-- [ RunTime:0.006000s ]
INFO: [ view_filter ] --START--
INFO: Run Behavior\WriteHtmlCacheBehavior [ RunTime:0.001000s ]
INFO: [ view_filter ] --END-- [ RunTime:0.001000s ]
INFO: [ app_end ] --START--
INFO: Run Behavior\ShowPageTraceBehavior [ RunTime:0.000000s ]
INFO: [ app_end ] --END-- [ RunTime:0.000000s ]

[ 2017-02-27T09:12:43+08:00 ] 192.168.3.106 /shop/index.php/Admin/Login/verify
INFO: [ app_init ] --START--
INFO: Run Behavior\BuildLiteBehavior [ RunTime:0.000000s ]
INFO: [ app_init ] --END-- [ RunTime:0.000000s ]
INFO: [ app_begin ] --START--
INFO: Run Behavior\ReadHtmlCacheBehavior [ RunTime:0.000000s ]
INFO: [ app_begin ] --END-- [ RunTime:0.000000s ]
INFO: [ app_end ] --START--
INFO: Run Behavior\ShowPageTraceBehavior [ RunTime:0.001000s ]
INFO: [ app_end ] --END-- [ RunTime:0.001000s ]

[ 2017-02-27T09:12:48+08:00 ] 192.168.3.106 /shop/index.php/Admin/Login/verify/0.5526349234771706
INFO: [ app_init ] --START--
INFO: Run Behavior\BuildLiteBehavior [ RunTime:0.000000s ]
INFO: [ app_init ] --END-- [ RunTime:0.001000s ]
INFO: [ app_begin ] --START--
INFO: Run Behavior\ReadHtmlCacheBehavior [ RunTime:0.001000s ]
INFO: [ app_begin ] --END-- [ RunTime:0.001000s ]
INFO: [ app_end ] --START--
INFO: Run Behavior\ShowPageTraceBehavior [ RunTime:0.001000s ]
INFO: [ app_end ] --END-- [ RunTime:0.001000s ]

[ 2017-02-27T09:12:53+08:00 ] 192.168.3.106 /shop/index.php/Admin/Login/login.html
INFO: [ app_init ] --START--
INFO: Run Behavior\BuildLiteBehavior [ RunTime:0.000000s ]
INFO: [ app_init ] --END-- [ RunTime:0.001001s ]
INFO: [ app_begin ] --START--
INFO: Run Behavior\ReadHtmlCacheBehavior [ RunTime:0.000000s ]
INFO: [ app_begin ] --END-- [ RunTime:0.001000s ]
SQL: SHOW COLUMNS FROM `think_user` [ RunTime:0.0190s ]
SQL: SELECT * FROM `think_user` WHERE ( password='21232f297a57a5a743894a0e4a801fc3' and username='admin' )  [ RunTime:0.0010s ]
SQL: SELECT * FROM `think_user` WHERE ( username='admin' ) LIMIT 1   [ RunTime:0.0000s ]
INFO: [ view_parse ] --START--
INFO: [ template_filter ] --START--
INFO: Run Behavior\ContentReplaceBehavior [ RunTime:0.000000s ]
INFO: [ template_filter ] --END-- [ RunTime:0.001000s ]
INFO: Run Behavior\ParseTemplateBehavior [ RunTime:0.011000s ]
INFO: [ view_parse ] --END-- [ RunTime:0.011000s ]
INFO: [ view_filter ] --START--
INFO: Run Behavior\WriteHtmlCacheBehavior [ RunTime:0.001000s ]
INFO: [ view_filter ] --END-- [ RunTime:0.001000s ]
INFO: [ app_end ] --START--
INFO: Run Behavior\ShowPageTraceBehavior [ RunTime:0.001000s ]
INFO: [ app_end ] --END-- [ RunTime:0.001000s ]

[ 2017-02-27T09:12:54+08:00 ] 192.168.3.106 /shop/index.php/Admin/admin/lst.html
INFO: [ app_init ] --START--
INFO: Run Behavior\BuildLiteBehavior [ RunTime:0.000000s ]
INFO: [ app_init ] --END-- [ RunTime:0.001000s ]
INFO: [ app_begin ] --START--
INFO: Run Behavior\ReadHtmlCacheBehavior [ RunTime:0.001000s ]
INFO: [ app_begin ] --END-- [ RunTime:0.001000s ]
SQL: SHOW COLUMNS FROM `think_user` [ RunTime:0.0010s ]
SQL: SELECT COUNT(*) AS tp_count FROM `think_user` LIMIT 1   [ RunTime:0.0010s ]
SQL: SELECT * FROM `think_user` ORDER BY id LIMIT 0,5   [ RunTime:0.0000s ]
INFO: [ view_parse ] --START--
INFO: [ template_filter ] --START--
INFO: Run Behavior\ContentReplaceBehavior [ RunTime:0.001000s ]
INFO: [ template_filter ] --END-- [ RunTime:0.001000s ]
INFO: Run Behavior\ParseTemplateBehavior [ RunTime:0.019001s ]
INFO: [ view_parse ] --END-- [ RunTime:0.019001s ]
INFO: [ view_filter ] --START--
INFO: Run Behavior\WriteHtmlCacheBehavior [ RunTime:0.000000s ]
INFO: [ view_filter ] --END-- [ RunTime:0.000000s ]
INFO: [ app_end ] --START--
INFO: Run Behavior\ShowPageTraceBehavior [ RunTime:0.000000s ]
INFO: [ app_end ] --END-- [ RunTime:0.000000s ]

[ 2017-02-27T09:13:00+08:00 ] 192.168.3.106 /shop/index.php/Admin/goods/lst
INFO: [ app_init ] --START--
INFO: Run Behavior\BuildLiteBehavior [ RunTime:0.000000s ]
INFO: [ app_init ] --END-- [ RunTime:0.001000s ]
INFO: [ app_begin ] --START--
INFO: Run Behavior\ReadHtmlCacheBehavior [ RunTime:0.002000s ]
INFO: [ app_begin ] --END-- [ RunTime:0.002000s ]
INFO: [ view_parse ] --START--
INFO: [ template_filter ] --START--
INFO: Run Behavior\ContentReplaceBehavior [ RunTime:0.001001s ]
INFO: [ template_filter ] --END-- [ RunTime:0.001001s ]
NOTIC: [8] Undefined variable: result D:\wamp64\www\shop\Application\Runtime\Cache\Admin\12cf6a5c74297688873998de0720405d.php 第 206 行.
NOTIC: [8] Undefined variable: page D:\wamp64\www\shop\Application\Runtime\Cache\Admin\12cf6a5c74297688873998de0720405d.php 第 223 行.
INFO: Run Behavior\ParseTemplateBehavior [ RunTime:0.037002s ]
INFO: [ view_parse ] --END-- [ RunTime:0.038002s ]
INFO: [ view_filter ] --START--
INFO: Run Behavior\WriteHtmlCacheBehavior [ RunTime:0.001000s ]
INFO: [ view_filter ] --END-- [ RunTime:0.001000s ]
INFO: [ app_end ] --START--
INFO: Run Behavior\ShowPageTraceBehavior [ RunTime:0.001000s ]
INFO: [ app_end ] --END-- [ RunTime:0.001000s ]

[ 2017-02-27T09:13:04+08:00 ] 192.168.3.106 /shop/index.php/Admin/Goods/add
INFO: [ app_init ] --START--
INFO: Run Behavior\BuildLiteBehavior [ RunTime:0.000000s ]
INFO: [ app_init ] --END-- [ RunTime:0.001000s ]
INFO: [ app_begin ] --START--
INFO: Run Behavior\ReadHtmlCacheBehavior [ RunTime:0.000000s ]
INFO: [ app_begin ] --END-- [ RunTime:0.000000s ]
SQL: SHOW COLUMNS FROM `think_cate` [ RunTime:0.0110s ]
SQL: SELECT * FROM `think_cate` WHERE ( id != -1 ) ORDER BY id asc  [ RunTime:0.0000s ]
INFO: [ view_parse ] --START--
INFO: [ template_filter ] --START--
INFO: Run Behavior\ContentReplaceBehavior [ RunTime:0.000000s ]
INFO: [ template_filter ] --END-- [ RunTime:0.000000s ]
INFO: Run Behavior\ParseTemplateBehavior [ RunTime:0.010001s ]
INFO: [ view_parse ] --END-- [ RunTime:0.010001s ]
INFO: [ view_filter ] --START--
INFO: Run Behavior\WriteHtmlCacheBehavior [ RunTime:0.001000s ]
INFO: [ view_filter ] --END-- [ RunTime:0.001000s ]
INFO: [ app_end ] --START--
INFO: Run Behavior\ShowPageTraceBehavior [ RunTime:0.001000s ]
INFO: [ app_end ] --END-- [ RunTime:0.001000s ]

[ 2017-02-27T09:55:51+08:00 ] 192.168.3.106 /shop/index.php/Admin/Goods/add
INFO: [ app_init ] --START--
INFO: Run Behavior\BuildLiteBehavior [ RunTime:0.000000s ]
INFO: [ app_init ] --END-- [ RunTime:0.001000s ]
INFO: [ app_begin ] --START--
INFO: Run Behavior\ReadHtmlCacheBehavior [ RunTime:0.001000s ]
INFO: [ app_begin ] --END-- [ RunTime:0.001000s ]
SQL: SHOW COLUMNS FROM `think_cate` [ RunTime:0.0010s ]
SQL: SELECT * FROM `think_cate` WHERE ( id != -1 ) ORDER BY id asc  [ RunTime:0.0000s ]
INFO: [ view_parse ] --START--
INFO: [ template_filter ] --START--
INFO: Run Behavior\ContentReplaceBehavior [ RunTime:0.000000s ]
INFO: [ template_filter ] --END-- [ RunTime:0.000000s ]
INFO: Run Behavior\ParseTemplateBehavior [ RunTime:0.013001s ]
INFO: [ view_parse ] --END-- [ RunTime:0.013001s ]
INFO: [ view_filter ] --START--
INFO: Run Behavior\WriteHtmlCacheBehavior [ RunTime:0.000000s ]
INFO: [ view_filter ] --END-- [ RunTime:0.000000s ]
INFO: [ app_end ] --START--
INFO: Run Behavior\ShowPageTraceBehavior [ RunTime:0.001000s ]
INFO: [ app_end ] --END-- [ RunTime:0.001000s ]

[ 2017-02-27T09:56:00+08:00 ] 192.168.3.106 /shop/index.php/Admin/Goods/add
INFO: [ app_init ] --START--
INFO: Run Behavior\BuildLiteBehavior [ RunTime:0.000000s ]
INFO: [ app_init ] --END-- [ RunTime:0.001000s ]
INFO: [ app_begin ] --START--
INFO: Run Behavior\ReadHtmlCacheBehavior [ RunTime:0.001000s ]
INFO: [ app_begin ] --END-- [ RunTime:0.001000s ]
SQL: SHOW COLUMNS FROM `think_goods` [ RunTime:0.1890s ]
NOTIC: [8] Undefined index: validate D:\wamp64\www\shop\ThinkPHP\Library\Think\Model.class.php 第 1185 行.
NOTIC: [2] call_user_func_array() expects parameter 1 to be a valid callback, function 'checkName' not found or invalid function name D:\wamp64\www\shop\ThinkPHP\Library\Think\Model.class.php 第 1280 行.
NOTIC: [8] Undefined index: auto D:\wamp64\www\shop\ThinkPHP\Library\Think\Model.class.php 第 1128 行.
INFO: [ app_end ] --START--
INFO: Run Behavior\ShowPageTraceBehavior [ RunTime:0.002000s ]
INFO: [ app_end ] --END-- [ RunTime:0.002000s ]

[ 2017-02-27T09:57:16+08:00 ] 192.168.3.106 /shop/index.php/Admin/Goods/add
INFO: [ app_init ] --START--
INFO: Run Behavior\BuildLiteBehavior [ RunTime:0.000000s ]
INFO: [ app_init ] --END-- [ RunTime:0.000000s ]
INFO: [ app_begin ] --START--
INFO: Run Behavior\ReadHtmlCacheBehavior [ RunTime:0.001000s ]
INFO: [ app_begin ] --END-- [ RunTime:0.001000s ]
SQL: SHOW COLUMNS FROM `think_goods` [ RunTime:0.0010s ]
NOTIC: [8] Undefined index: validate D:\wamp64\www\shop\ThinkPHP\Library\Think\Model.class.php 第 1185 行.
NOTIC: [2] call_user_func_array() expects parameter 1 to be a valid callback, function 'checkName' not found or invalid function name D:\wamp64\www\shop\ThinkPHP\Library\Think\Model.class.php 第 1280 行.
NOTIC: [8] Undefined index: auto D:\wamp64\www\shop\ThinkPHP\Library\Think\Model.class.php 第 1128 行.
INFO: [ app_end ] --START--
INFO: Run Behavior\ShowPageTraceBehavior [ RunTime:0.000000s ]
INFO: [ app_end ] --END-- [ RunTime:0.000000s ]

[ 2017-02-27T09:59:00+08:00 ] 192.168.3.106 /shop/index.php/Admin/Goods/add
INFO: [ app_init ] --START--
INFO: Run Behavior\BuildLiteBehavior [ RunTime:0.001001s ]
INFO: [ app_init ] --END-- [ RunTime:0.001001s ]
INFO: [ app_begin ] --START--
INFO: Run Behavior\ReadHtmlCacheBehavior [ RunTime:0.001000s ]
INFO: [ app_begin ] --END-- [ RunTime:0.001000s ]
SQL: SHOW COLUMNS FROM `think_goods` [ RunTime:0.0010s ]
NOTIC: [8] Undefined index: validate D:\wamp64\www\shop\ThinkPHP\Library\Think\Model.class.php 第 1185 行.
NOTIC: [2] call_user_func_array() expects parameter 1 to be a valid callback, function 'checkName' not found or invalid function name D:\wamp64\www\shop\ThinkPHP\Library\Think\Model.class.php 第 1280 行.
NOTIC: [8] Undefined index: auto D:\wamp64\www\shop\ThinkPHP\Library\Think\Model.class.php 第 1128 行.
INFO: [ app_end ] --START--
INFO: Run Behavior\ShowPageTraceBehavior [ RunTime:0.001000s ]
INFO: [ app_end ] --END-- [ RunTime:0.001000s ]

[ 2017-02-27T10:10:49+08:00 ] 192.168.3.106 /shop/index.php/Admin/Goods/add
INFO: [ app_init ] --START--
INFO: Run Behavior\BuildLiteBehavior [ RunTime:0.000000s ]
INFO: [ app_init ] --END-- [ RunTime:0.001000s ]
INFO: [ app_begin ] --START--
INFO: Run Behavior\ReadHtmlCacheBehavior [ RunTime:0.000000s ]
INFO: [ app_begin ] --END-- [ RunTime:0.001000s ]
SQL: SHOW COLUMNS FROM `think_goods` [ RunTime:0.0010s ]
NOTIC: [8] Undefined index: validate D:\wamp64\www\shop\ThinkPHP\Library\Think\Model.class.php 第 1185 行.
NOTIC: [2] call_user_func_array() expects parameter 1 to be a valid callback, function 'checkName' not found or invalid function name D:\wamp64\www\shop\ThinkPHP\Library\Think\Model.class.php 第 1281 行.
NOTIC: [8] Undefined index: auto D:\wamp64\www\shop\ThinkPHP\Library\Think\Model.class.php 第 1128 行.
INFO: [ app_end ] --START--
INFO: Run Behavior\ShowPageTraceBehavior [ RunTime:0.001000s ]
INFO: [ app_end ] --END-- [ RunTime:0.001000s ]

[ 2017-02-27T10:17:54+08:00 ] 192.168.3.106 /shop/index.php/Admin/Goods/add
INFO: [ app_init ] --START--
INFO: Run Behavior\BuildLiteBehavior [ RunTime:0.000000s ]
INFO: [ app_init ] --END-- [ RunTime:0.001000s ]
INFO: [ app_begin ] --START--
INFO: Run Behavior\ReadHtmlCacheBehavior [ RunTime:0.001000s ]
INFO: [ app_begin ] --END-- [ RunTime:0.001000s ]
SQL: SHOW COLUMNS FROM `think_goods` [ RunTime:0.0010s ]
NOTIC: [8] Undefined index: validate D:\wamp64\www\shop\ThinkPHP\Library\Think\Model.class.php 第 1185 行.
NOTIC: [2] call_user_func_array() expects parameter 1 to be a valid callback, function 'checkName' not found or invalid function name D:\wamp64\www\shop\ThinkPHP\Library\Think\Model.class.php 第 1281 行.
NOTIC: [8] Undefined index: auto D:\wamp64\www\shop\ThinkPHP\Library\Think\Model.class.php 第 1128 行.
INFO: [ app_end ] --START--
INFO: Run Behavior\ShowPageTraceBehavior [ RunTime:0.001000s ]
INFO: [ app_end ] --END-- [ RunTime:0.001000s ]

[ 2017-02-27T10:18:19+08:00 ] 192.168.3.106 /shop/index.php/Admin/Goods/add
INFO: [ app_init ] --START--
INFO: Run Behavior\BuildLiteBehavior [ RunTime:0.000000s ]
INFO: [ app_init ] --END-- [ RunTime:0.001000s ]
INFO: [ app_begin ] --START--
INFO: Run Behavior\ReadHtmlCacheBehavior [ RunTime:0.001000s ]
INFO: [ app_begin ] --END-- [ RunTime:0.001000s ]
SQL: SHOW COLUMNS FROM `think_goods` [ RunTime:0.0010s ]
NOTIC: [8] Undefined index: validate D:\wamp64\www\shop\ThinkPHP\Library\Think\Model.class.php 第 1185 行.
NOTIC: [2] call_user_func_array() expects parameter 1 to be a valid callback, function 'checkName' not found or invalid function name D:\wamp64\www\shop\ThinkPHP\Library\Think\Model.class.php 第 1281 行.
NOTIC: [8] Undefined index: auto D:\wamp64\www\shop\ThinkPHP\Library\Think\Model.class.php 第 1128 行.
INFO: [ app_end ] --START--
INFO: Run Behavior\ShowPageTraceBehavior [ RunTime:0.001000s ]
INFO: [ app_end ] --END-- [ RunTime:0.001000s ]

[ 2017-02-27T10:18:26+08:00 ] 192.168.3.106 /shop/index.php/Admin/Goods/add
INFO: [ app_init ] --START--
INFO: Run Behavior\BuildLiteBehavior [ RunTime:0.000000s ]
INFO: [ app_init ] --END-- [ RunTime:0.001000s ]
INFO: [ app_begin ] --START--
INFO: Run Behavior\ReadHtmlCacheBehavior [ RunTime:0.001000s ]
INFO: [ app_begin ] --END-- [ RunTime:0.001000s ]
SQL: SHOW COLUMNS FROM `think_goods` [ RunTime:0.0010s ]
NOTIC: [8] Undefined index: validate D:\wamp64\www\shop\ThinkPHP\Library\Think\Model.class.php 第 1185 行.
NOTIC: [2] call_user_func_array() expects parameter 1 to be a valid callback, function 'checkName' not found or invalid function name D:\wamp64\www\shop\ThinkPHP\Library\Think\Model.class.php 第 1281 行.
NOTIC: [8] Undefined index: auto D:\wamp64\www\shop\ThinkPHP\Library\Think\Model.class.php 第 1128 行.
INFO: [ app_end ] --START--
INFO: Run Behavior\ShowPageTraceBehavior [ RunTime:0.001000s ]
INFO: [ app_end ] --END-- [ RunTime:0.001000s ]

[ 2017-02-27T10:49:30+08:00 ] 192.168.3.106 /shop/index.php/Admin/Goods/add
INFO: [ app_init ] --START--
INFO: Run Behavior\BuildLiteBehavior [ RunTime:0.000000s ]
INFO: [ app_init ] --END-- [ RunTime:0.002000s ]
INFO: [ app_begin ] --START--
INFO: Run Behavior\ReadHtmlCacheBehavior [ RunTime:0.001000s ]
INFO: [ app_begin ] --END-- [ RunTime:0.001000s ]
SQL: SHOW COLUMNS FROM `think_goods` [ RunTime:0.0020s ]
NOTIC: [8] Undefined index: validate D:\wamp64\www\shop\ThinkPHP\Library\Think\Model.class.php 第 1185 行.
NOTIC: [2] call_user_func_array() expects parameter 1 to be a valid callback, function 'checkName' not found or invalid function name D:\wamp64\www\shop\ThinkPHP\Library\Think\Model.class.php 第 1281 行.
NOTIC: [8] Undefined index: auto D:\wamp64\www\shop\ThinkPHP\Library\Think\Model.class.php 第 1128 行.
INFO: [ app_end ] --START--
INFO: Run Behavior\ShowPageTraceBehavior [ RunTime:0.001000s ]
INFO: [ app_end ] --END-- [ RunTime:0.002000s ]

[ 2017-02-27T10:49:47+08:00 ] 192.168.3.106 /shop/index.php/Admin/Goods/add
INFO: [ app_init ] --START--
INFO: Run Behavior\BuildLiteBehavior [ RunTime:0.000000s ]
INFO: [ app_init ] --END-- [ RunTime:0.001000s ]
INFO: [ app_begin ] --START--
INFO: Run Behavior\ReadHtmlCacheBehavior [ RunTime:0.001000s ]
INFO: [ app_begin ] --END-- [ RunTime:0.001000s ]
SQL: SHOW COLUMNS FROM `think_goods` [ RunTime:0.0010s ]
NOTIC: [8] Undefined index: validate D:\wamp64\www\shop\ThinkPHP\Library\Think\Model.class.php 第 1185 行.
NOTIC: [8] Undefined offset: 6 D:\wamp64\www\shop\ThinkPHP\Library\Think\Model.class.php 第 1270 行.
NOTIC: [2] call_user_func_array() expects parameter 1 to be a valid callback, function 'checkName' not found or invalid function name D:\wamp64\www\shop\ThinkPHP\Library\Think\Model.class.php 第 1281 行.
NOTIC: [8] Undefined index: auto D:\wamp64\www\shop\ThinkPHP\Library\Think\Model.class.php 第 1128 行.
INFO: [ app_end ] --START--
INFO: Run Behavior\ShowPageTraceBehavior [ RunTime:0.001001s ]
INFO: [ app_end ] --END-- [ RunTime:0.001001s ]

[ 2017-02-27T10:49:53+08:00 ] 192.168.3.106 /shop/index.php/Admin/Goods/add
INFO: [ app_init ] --START--
INFO: Run Behavior\BuildLiteBehavior [ RunTime:0.000000s ]
INFO: [ app_init ] --END-- [ RunTime:0.002000s ]
INFO: [ app_begin ] --START--
INFO: Run Behavior\ReadHtmlCacheBehavior [ RunTime:0.002000s ]
INFO: [ app_begin ] --END-- [ RunTime:0.002000s ]
SQL: SHOW COLUMNS FROM `think_goods` [ RunTime:0.0020s ]
NOTIC: [8] Undefined index: validate D:\wamp64\www\shop\ThinkPHP\Library\Think\Model.class.php 第 1185 行.
NOTIC: [2] call_user_func_array() expects parameter 1 to be a valid callback, function 'checkName' not found or invalid function name D:\wamp64\www\shop\ThinkPHP\Library\Think\Model.class.php 第 1281 行.
NOTIC: [8] Undefined index: auto D:\wamp64\www\shop\ThinkPHP\Library\Think\Model.class.php 第 1128 行.
INFO: [ app_end ] --START--
INFO: Run Behavior\ShowPageTraceBehavior [ RunTime:0.002000s ]
INFO: [ app_end ] --END-- [ RunTime:0.002000s ]

[ 2017-02-27T10:50:21+08:00 ] 192.168.3.106 /shop/index.php/Admin/Goods/add
INFO: [ app_init ] --START--
INFO: Run Behavior\BuildLiteBehavior [ RunTime:0.000000s ]
INFO: [ app_init ] --END-- [ RunTime:0.001000s ]
INFO: [ app_begin ] --START--
INFO: Run Behavior\ReadHtmlCacheBehavior [ RunTime:0.001000s ]
INFO: [ app_begin ] --END-- [ RunTime:0.001000s ]
SQL: SHOW COLUMNS FROM `think_goods` [ RunTime:0.0010s ]
NOTIC: [8] Undefined index: validate D:\wamp64\www\shop\ThinkPHP\Library\Think\Model.class.php 第 1185 行.
NOTIC: [2] call_user_func_array() expects parameter 1 to be a valid callback, function 'checkName' not found or invalid function name D:\wamp64\www\shop\ThinkPHP\Library\Think\Model.class.php 第 1281 行.
NOTIC: [8] Undefined index: auto D:\wamp64\www\shop\ThinkPHP\Library\Think\Model.class.php 第 1128 行.
INFO: [ app_end ] --START--
INFO: Run Behavior\ShowPageTraceBehavior [ RunTime:0.001000s ]
INFO: [ app_end ] --END-- [ RunTime:0.002000s ]

[ 2017-02-27T16:22:53+08:00 ] 192.168.3.106 /shop/index.php/Admin/Goods/add
INFO: [ app_init ] --START--
INFO: Run Behavior\BuildLiteBehavior [ RunTime:0.000000s ]
INFO: [ app_init ] --END-- [ RunTime:0.001000s ]
INFO: [ app_begin ] --START--
INFO: Run Behavior\ReadHtmlCacheBehavior [ RunTime:0.001000s ]
INFO: [ app_begin ] --END-- [ RunTime:0.002000s ]
SQL: SHOW COLUMNS FROM `think_goods` [ RunTime:0.0020s ]
NOTIC: [8] Undefined index: validate D:\wamp64\www\shop\ThinkPHP\Library\Think\Model.class.php 第 1185 行.
NOTIC: [2] call_user_func_array() expects parameter 1 to be a valid callback, function 'checkName' not found or invalid function name D:\wamp64\www\shop\ThinkPHP\Library\Think\Model.class.php 第 1281 行.
NOTIC: [8] Undefined index: auto D:\wamp64\www\shop\ThinkPHP\Library\Think\Model.class.php 第 1128 行.
INFO: [ app_end ] --START--
INFO: Run Behavior\ShowPageTraceBehavior [ RunTime:0.001001s ]
INFO: [ app_end ] --END-- [ RunTime:0.002001s ]

[ 2017-02-27T16:26:29+08:00 ] 192.168.3.106 /shop/index.php/Admin/Goods/add
INFO: [ app_init ] --START--
INFO: Run Behavior\BuildLiteBehavior [ RunTime:0.000000s ]
INFO: [ app_init ] --END-- [ RunTime:0.001001s ]
INFO: [ app_begin ] --START--
INFO: Run Behavior\ReadHtmlCacheBehavior [ RunTime:0.001000s ]
INFO: [ app_begin ] --END-- [ RunTime:0.001000s ]
SQL: SHOW COLUMNS FROM `think_goods` [ RunTime:0.0010s ]
NOTIC: [8] Undefined index: validate D:\wamp64\www\shop\ThinkPHP\Library\Think\Model.class.php 第 1185 行.
NOTIC: [2] call_user_func_array() expects parameter 1 to be a valid callback, function 'checkName' not found or invalid function name D:\wamp64\www\shop\ThinkPHP\Library\Think\Model.class.php 第 1281 行.
NOTIC: [8] Undefined index: auto D:\wamp64\www\shop\ThinkPHP\Library\Think\Model.class.php 第 1128 行.
INFO: [ app_end ] --START--
INFO: Run Behavior\ShowPageTraceBehavior [ RunTime:0.001000s ]
INFO: [ app_end ] --END-- [ RunTime:0.001000s ]

[ 2017-02-27T16:27:49+08:00 ] 192.168.3.106 /shop/index.php/Admin/Goods/add
INFO: [ app_init ] --START--
INFO: Run Behavior\BuildLiteBehavior [ RunTime:0.000000s ]
INFO: [ app_init ] --END-- [ RunTime:0.000000s ]
INFO: [ app_begin ] --START--
INFO: Run Behavior\ReadHtmlCacheBehavior [ RunTime:0.001000s ]
INFO: [ app_begin ] --END-- [ RunTime:0.002000s ]
SQL: SHOW COLUMNS FROM `think_goods` [ RunTime:0.0020s ]
NOTIC: [8] Undefined index: validate D:\wamp64\www\shop\ThinkPHP\Library\Think\Model.class.php 第 1185 行.
NOTIC: [2] call_user_func_array() expects parameter 1 to be a valid callback, function 'checkName' not found or invalid function name D:\wamp64\www\shop\ThinkPHP\Library\Think\Model.class.php 第 1281 行.
NOTIC: [8] Undefined index: auto D:\wamp64\www\shop\ThinkPHP\Library\Think\Model.class.php 第 1128 行.
INFO: [ app_end ] --START--
INFO: Run Behavior\ShowPageTraceBehavior [ RunTime:0.001000s ]
INFO: [ app_end ] --END-- [ RunTime:0.001000s ]

[ 2017-02-27T16:27:52+08:00 ] 192.168.3.106 /shop/index.php/Admin/Goods/add
INFO: [ app_init ] --START--
INFO: Run Behavior\BuildLiteBehavior [ RunTime:0.000000s ]
INFO: [ app_init ] --END-- [ RunTime:0.002000s ]
INFO: [ app_begin ] --START--
INFO: Run Behavior\ReadHtmlCacheBehavior [ RunTime:0.002000s ]
INFO: [ app_begin ] --END-- [ RunTime:0.004000s ]
SQL: SHOW COLUMNS FROM `think_goods` [ RunTime:0.0020s ]
NOTIC: [8] Undefined index: validate D:\wamp64\www\shop\ThinkPHP\Library\Think\Model.class.php 第 1185 行.
NOTIC: [2] call_user_func_array() expects parameter 1 to be a valid callback, function 'checkName' not found or invalid function name D:\wamp64\www\shop\ThinkPHP\Library\Think\Model.class.php 第 1281 行.
NOTIC: [8] Undefined index: auto D:\wamp64\www\shop\ThinkPHP\Library\Think\Model.class.php 第 1128 行.
INFO: [ app_end ] --START--
INFO: Run Behavior\ShowPageTraceBehavior [ RunTime:0.001000s ]
INFO: [ app_end ] --END-- [ RunTime:0.001000s ]

[ 2017-02-27T16:28:06+08:00 ] 192.168.3.106 /shop/index.php/Admin/Goods/add
INFO: [ app_init ] --START--
INFO: Run Behavior\BuildLiteBehavior [ RunTime:0.001000s ]
INFO: [ app_init ] --END-- [ RunTime:0.001000s ]
INFO: [ app_begin ] --START--
INFO: Run Behavior\ReadHtmlCacheBehavior [ RunTime:0.000000s ]
INFO: [ app_begin ] --END-- [ RunTime:0.001000s ]
SQL: SHOW COLUMNS FROM `think_goods` [ RunTime:0.0010s ]
NOTIC: [8] Undefined index: validate D:\wamp64\www\shop\ThinkPHP\Library\Think\Model.class.php 第 1185 行.
NOTIC: [2] call_user_func_array() expects parameter 1 to be a valid callback, function 'checkName' not found or invalid function name D:\wamp64\www\shop\ThinkPHP\Library\Think\Model.class.php 第 1281 行.
NOTIC: [8] Undefined index: auto D:\wamp64\www\shop\ThinkPHP\Library\Think\Model.class.php 第 1128 行.
INFO: [ app_end ] --START--
INFO: Run Behavior\ShowPageTraceBehavior [ RunTime:0.001000s ]
INFO: [ app_end ] --END-- [ RunTime:0.001000s ]

[ 2017-02-27T16:36:44+08:00 ] 192.168.3.106 /shop/index.php/Admin/Goods/add
INFO: [ app_init ] --START--
INFO: Run Behavior\BuildLiteBehavior [ RunTime:0.000000s ]
INFO: [ app_init ] --END-- [ RunTime:0.000000s ]
INFO: [ app_begin ] --START--
INFO: Run Behavior\ReadHtmlCacheBehavior [ RunTime:0.001000s ]
INFO: [ app_begin ] --END-- [ RunTime:0.001000s ]
SQL: SHOW COLUMNS FROM `think_goods` [ RunTime:0.0010s ]
NOTIC: [8] Undefined index: validate D:\wamp64\www\shop\ThinkPHP\Library\Think\Model.class.php 第 1185 行.
NOTIC: [2] call_user_func_array() expects parameter 1 to be a valid callback, function 'checkName' not found or invalid function name D:\wamp64\www\shop\ThinkPHP\Library\Think\Model.class.php 第 1281 行.
NOTIC: [8] Undefined index: auto D:\wamp64\www\shop\ThinkPHP\Library\Think\Model.class.php 第 1128 行.
INFO: [ app_end ] --START--
INFO: Run Behavior\ShowPageTraceBehavior [ RunTime:0.001000s ]
INFO: [ app_end ] --END-- [ RunTime:0.001000s ]

[ 2017-02-27T16:37:20+08:00 ] 192.168.3.106 /shop/index.php/Admin/Goods/add
INFO: [ app_init ] --START--
INFO: Run Behavior\BuildLiteBehavior [ RunTime:0.000000s ]
INFO: [ app_init ] --END-- [ RunTime:0.001000s ]
INFO: [ app_begin ] --START--
INFO: Run Behavior\ReadHtmlCacheBehavior [ RunTime:0.001000s ]
INFO: [ app_begin ] --END-- [ RunTime:0.002000s ]
SQL: SHOW COLUMNS FROM `think_goods` [ RunTime:0.0010s ]
NOTIC: [8] Undefined index: validate D:\wamp64\www\shop\ThinkPHP\Library\Think\Model.class.php 第 1185 行.
NOTIC: [2] call_user_func_array() expects parameter 1 to be a valid callback, function 'checkName' not found or invalid function name D:\wamp64\www\shop\ThinkPHP\Library\Think\Model.class.php 第 1281 行.
NOTIC: [8] Undefined index: auto D:\wamp64\www\shop\ThinkPHP\Library\Think\Model.class.php 第 1128 行.
INFO: [ app_end ] --START--
INFO: Run Behavior\ShowPageTraceBehavior [ RunTime:0.001000s ]
INFO: [ app_end ] --END-- [ RunTime:0.002000s ]

[ 2017-02-27T16:38:11+08:00 ] 192.168.3.106 /shop/index.php/Admin/Goods/add
INFO: [ app_init ] --START--
INFO: Run Behavior\BuildLiteBehavior [ RunTime:0.000000s ]
INFO: [ app_init ] --END-- [ RunTime:0.001000s ]
INFO: [ app_begin ] --START--
INFO: Run Behavior\ReadHtmlCacheBehavior [ RunTime:0.001000s ]
INFO: [ app_begin ] --END-- [ RunTime:0.002001s ]
SQL: SHOW COLUMNS FROM `think_goods` [ RunTime:0.0010s ]
NOTIC: [8] Undefined index: validate D:\wamp64\www\shop\ThinkPHP\Library\Think\Model.class.php 第 1185 行.
NOTIC: [2] call_user_func_array() expects parameter 1 to be a valid callback, function 'checkName' not found or invalid function name D:\wamp64\www\shop\ThinkPHP\Library\Think\Model.class.php 第 1281 行.
NOTIC: [8] Undefined index: auto D:\wamp64\www\shop\ThinkPHP\Library\Think\Model.class.php 第 1128 行.
INFO: [ app_end ] --START--
INFO: Run Behavior\ShowPageTraceBehavior [ RunTime:0.001000s ]
INFO: [ app_end ] --END-- [ RunTime:0.001000s ]

[ 2017-02-27T16:40:32+08:00 ] 192.168.3.106 /shop/index.php/Admin/Goods/add
INFO: [ app_init ] --START--
INFO: Run Behavior\BuildLiteBehavior [ RunTime:0.000000s ]
INFO: [ app_init ] --END-- [ RunTime:0.001000s ]
INFO: [ app_begin ] --START--
INFO: Run Behavior\ReadHtmlCacheBehavior [ RunTime:0.001000s ]
INFO: [ app_begin ] --END-- [ RunTime:0.001000s ]
SQL: SHOW COLUMNS FROM `think_goods` [ RunTime:0.0010s ]
NOTIC: [8] Undefined index: validate D:\wamp64\www\shop\ThinkPHP\Library\Think\Model.class.php 第 1185 行.
NOTIC: [2] call_user_func_array() expects parameter 1 to be a valid callback, function 'checkName' not found or invalid function name D:\wamp64\www\shop\ThinkPHP\Library\Think\Model.class.php 第 1281 行.
NOTIC: [8] Undefined index: auto D:\wamp64\www\shop\ThinkPHP\Library\Think\Model.class.php 第 1128 行.
INFO: [ app_end ] --START--
INFO: Run Behavior\ShowPageTraceBehavior [ RunTime:0.001000s ]
INFO: [ app_end ] --END-- [ RunTime:0.001000s ]

[ 2017-02-27T16:41:19+08:00 ] 192.168.3.106 /shop/index.php/Admin/Goods/add
INFO: [ app_init ] --START--
INFO: Run Behavior\BuildLiteBehavior [ RunTime:0.000000s ]
INFO: [ app_init ] --END-- [ RunTime:0.002000s ]
INFO: [ app_begin ] --START--
INFO: Run Behavior\ReadHtmlCacheBehavior [ RunTime:0.001001s ]
INFO: [ app_begin ] --END-- [ RunTime:0.003001s ]
SQL: SHOW COLUMNS FROM `think_goods` [ RunTime:0.0010s ]
NOTIC: [8] Undefined index: validate D:\wamp64\www\shop\ThinkPHP\Library\Think\Model.class.php 第 1185 行.
NOTIC: [2] call_user_func_array() expects parameter 1 to be a valid callback, function 'checkName' not found or invalid function name D:\wamp64\www\shop\ThinkPHP\Library\Think\Model.class.php 第 1281 行.
NOTIC: [8] Undefined index: auto D:\wamp64\www\shop\ThinkPHP\Library\Think\Model.class.php 第 1128 行.
INFO: [ app_end ] --START--
INFO: Run Behavior\ShowPageTraceBehavior [ RunTime:0.001000s ]
INFO: [ app_end ] --END-- [ RunTime:0.002000s ]

[ 2017-02-27T16:41:44+08:00 ] 192.168.3.106 /shop/index.php/Admin/Goods/add
INFO: [ app_init ] --START--
INFO: Run Behavior\BuildLiteBehavior [ RunTime:0.000000s ]
INFO: [ app_init ] --END-- [ RunTime:0.001000s ]
INFO: [ app_begin ] --START--
INFO: Run Behavior\ReadHtmlCacheBehavior [ RunTime:0.001000s ]
INFO: [ app_begin ] --END-- [ RunTime:0.001000s ]
SQL: SHOW COLUMNS FROM `think_goods` [ RunTime:0.0010s ]
NOTIC: [8] Undefined index: validate D:\wamp64\www\shop\ThinkPHP\Library\Think\Model.class.php 第 1185 行.
NOTIC: [2] call_user_func_array() expects parameter 1 to be a valid callback, function 'checkName' not found or invalid function name D:\wamp64\www\shop\ThinkPHP\Library\Think\Model.class.php 第 1281 行.
NOTIC: [8] Undefined index: auto D:\wamp64\www\shop\ThinkPHP\Library\Think\Model.class.php 第 1128 行.
INFO: [ app_end ] --START--
INFO: Run Behavior\ShowPageTraceBehavior [ RunTime:0.001000s ]
INFO: [ app_end ] --END-- [ RunTime:0.001000s ]

[ 2017-02-27T16:41:45+08:00 ] 192.168.3.106 /shop/index.php/Admin/Goods/add
INFO: [ app_init ] --START--
INFO: Run Behavior\BuildLiteBehavior [ RunTime:0.000000s ]
INFO: [ app_init ] --END-- [ RunTime:0.001000s ]
INFO: [ app_begin ] --START--
INFO: Run Behavior\ReadHtmlCacheBehavior [ RunTime:0.000000s ]
INFO: [ app_begin ] --END-- [ RunTime:0.000000s ]
SQL: SHOW COLUMNS FROM `think_cate` [ RunTime:0.0010s ]
SQL: SELECT * FROM `think_cate` WHERE ( id != -1 ) ORDER BY id asc  [ RunTime:0.0010s ]
INFO: [ view_parse ] --START--
INFO: [ template_filter ] --START--
INFO: Run Behavior\ContentReplaceBehavior [ RunTime:0.000000s ]
INFO: [ template_filter ] --END-- [ RunTime:0.000000s ]
INFO: Run Behavior\ParseTemplateBehavior [ RunTime:0.015000s ]
INFO: [ view_parse ] --END-- [ RunTime:0.016000s ]
INFO: [ view_filter ] --START--
INFO: Run Behavior\WriteHtmlCacheBehavior [ RunTime:0.000000s ]
INFO: [ view_filter ] --END-- [ RunTime:0.000000s ]
INFO: [ app_end ] --START--
INFO: Run Behavior\ShowPageTraceBehavior [ RunTime:0.001000s ]
INFO: [ app_end ] --END-- [ RunTime:0.001000s ]

[ 2017-02-27T16:41:47+08:00 ] 192.168.3.106 /shop/index.php/Admin/Goods/add
INFO: [ app_init ] --START--
INFO: Run Behavior\BuildLiteBehavior [ RunTime:0.001001s ]
INFO: [ app_init ] --END-- [ RunTime:0.001001s ]
INFO: [ app_begin ] --START--
INFO: Run Behavior\ReadHtmlCacheBehavior [ RunTime:0.001000s ]
INFO: [ app_begin ] --END-- [ RunTime:0.001000s ]
SQL: SHOW COLUMNS FROM `think_cate` [ RunTime:0.0010s ]
SQL: SELECT * FROM `think_cate` WHERE ( id != -1 ) ORDER BY id asc  [ RunTime:0.0000s ]
INFO: [ view_parse ] --START--
INFO: [ template_filter ] --START--
INFO: Run Behavior\ContentReplaceBehavior [ RunTime:0.000000s ]
INFO: [ template_filter ] --END-- [ RunTime:0.000000s ]
INFO: Run Behavior\ParseTemplateBehavior [ RunTime:0.012001s ]
INFO: [ view_parse ] --END-- [ RunTime:0.012001s ]
INFO: [ view_filter ] --START--
INFO: Run Behavior\WriteHtmlCacheBehavior [ RunTime:0.001000s ]
INFO: [ view_filter ] --END-- [ RunTime:0.001000s ]
INFO: [ app_end ] --START--
INFO: Run Behavior\ShowPageTraceBehavior [ RunTime:0.000000s ]
INFO: [ app_end ] --END-- [ RunTime:0.001000s ]

[ 2017-02-27T16:41:56+08:00 ] 192.168.3.106 /shop/index.php/Admin/Goods/add
INFO: [ app_init ] --START--
INFO: Run Behavior\BuildLiteBehavior [ RunTime:0.000000s ]
INFO: [ app_init ] --END-- [ RunTime:0.001000s ]
INFO: [ app_begin ] --START--
INFO: Run Behavior\ReadHtmlCacheBehavior [ RunTime:0.001000s ]
INFO: [ app_begin ] --END-- [ RunTime:0.003000s ]
SQL: SHOW COLUMNS FROM `think_goods` [ RunTime:0.0010s ]
NOTIC: [8] Undefined index: validate D:\wamp64\www\shop\ThinkPHP\Library\Think\Model.class.php 第 1185 行.
NOTIC: [2] call_user_func_array() expects parameter 1 to be a valid callback, function 'checkName' not found or invalid function name D:\wamp64\www\shop\ThinkPHP\Library\Think\Model.class.php 第 1281 行.
NOTIC: [8] Undefined index: auto D:\wamp64\www\shop\ThinkPHP\Library\Think\Model.class.php 第 1128 行.
INFO: [ app_end ] --START--
INFO: Run Behavior\ShowPageTraceBehavior [ RunTime:0.001000s ]
INFO: [ app_end ] --END-- [ RunTime:0.001000s ]

[ 2017-02-27T16:43:16+08:00 ] 192.168.3.106 /shop/index.php/Admin/Goods/add
INFO: [ app_init ] --START--
INFO: Run Behavior\BuildLiteBehavior [ RunTime:0.000000s ]
INFO: [ app_init ] --END-- [ RunTime:0.000000s ]
INFO: [ app_begin ] --START--
INFO: Run Behavior\ReadHtmlCacheBehavior [ RunTime:0.000000s ]
INFO: [ app_begin ] --END-- [ RunTime:0.001000s ]
SQL: SHOW COLUMNS FROM `think_goods` [ RunTime:0.0010s ]
NOTIC: [8] Undefined index: validate D:\wamp64\www\shop\ThinkPHP\Library\Think\Model.class.php 第 1185 行.
NOTIC: [2] call_user_func_array() expects parameter 1 to be a valid callback, function 'checkName' not found or invalid function name D:\wamp64\www\shop\ThinkPHP\Library\Think\Model.class.php 第 1281 行.
NOTIC: [8] Undefined index: auto D:\wamp64\www\shop\ThinkPHP\Library\Think\Model.class.php 第 1128 行.
INFO: [ app_end ] --START--
INFO: Run Behavior\ShowPageTraceBehavior [ RunTime:0.001000s ]
INFO: [ app_end ] --END-- [ RunTime:0.001000s ]

[ 2017-02-27T16:43:18+08:00 ] 192.168.3.106 /shop/index.php/Admin/Goods/add
INFO: [ app_init ] --START--
INFO: Run Behavior\BuildLiteBehavior [ RunTime:0.000000s ]
INFO: [ app_init ] --END-- [ RunTime:0.001000s ]
INFO: [ app_begin ] --START--
INFO: Run Behavior\ReadHtmlCacheBehavior [ RunTime:0.001001s ]
INFO: [ app_begin ] --END-- [ RunTime:0.001001s ]
SQL: SHOW COLUMNS FROM `think_goods` [ RunTime:0.0010s ]
NOTIC: [8] Undefined index: validate D:\wamp64\www\shop\ThinkPHP\Library\Think\Model.class.php 第 1185 行.
NOTIC: [2] call_user_func_array() expects parameter 1 to be a valid callback, function 'checkName' not found or invalid function name D:\wamp64\www\shop\ThinkPHP\Library\Think\Model.class.php 第 1281 行.
NOTIC: [8] Undefined index: auto D:\wamp64\www\shop\ThinkPHP\Library\Think\Model.class.php 第 1128 行.
INFO: [ app_end ] --START--
INFO: Run Behavior\ShowPageTraceBehavior [ RunTime:0.001001s ]
INFO: [ app_end ] --END-- [ RunTime:0.001001s ]

[ 2017-02-27T16:47:49+08:00 ] 192.168.3.106 /shop/index.php/Admin/Goods/add
INFO: [ app_init ] --START--
INFO: Run Behavior\BuildLiteBehavior [ RunTime:0.000000s ]
INFO: [ app_init ] --END-- [ RunTime:0.000000s ]
INFO: [ app_begin ] --START--
INFO: Run Behavior\ReadHtmlCacheBehavior [ RunTime:0.001000s ]
INFO: [ app_begin ] --END-- [ RunTime:0.001000s ]
NOTIC: [2] call_user_func_array() expects parameter 1 to be a valid callback, function 'checkName' not found or invalid function name D:\wamp64\www\shop\Application\Admin\Model\GoodsModel.class.php 第 16 行.
NOTIC: [8] Undefined index: validate D:\wamp64\www\shop\ThinkPHP\Library\Think\Model.class.php 第 1185 行.
NOTIC: [2] call_user_func_array() expects parameter 1 to be a valid callback, function 'checkName' not found or invalid function name D:\wamp64\www\shop\ThinkPHP\Library\Think\Model.class.php 第 1281 行.
NOTIC: [2] in_array() expects parameter 2 to be array, boolean given D:\wamp64\www\shop\ThinkPHP\Library\Think\Model.class.php 第 1055 行.
NOTIC: [2] in_array() expects parameter 2 to be array, boolean given D:\wamp64\www\shop\ThinkPHP\Library\Think\Model.class.php 第 1055 行.
NOTIC: [2] in_array() expects parameter 2 to be array, boolean given D:\wamp64\www\shop\ThinkPHP\Library\Think\Model.class.php 第 1055 行.
NOTIC: [2] in_array() expects parameter 2 to be array, boolean given D:\wamp64\www\shop\ThinkPHP\Library\Think\Model.class.php 第 1055 行.
NOTIC: [2] in_array() expects parameter 2 to be array, boolean given D:\wamp64\www\shop\ThinkPHP\Library\Think\Model.class.php 第 1055 行.
NOTIC: [2] in_array() expects parameter 2 to be array, boolean given D:\wamp64\www\shop\ThinkPHP\Library\Think\Model.class.php 第 1055 行.
NOTIC: [2] in_array() expects parameter 2 to be array, boolean given D:\wamp64\www\shop\ThinkPHP\Library\Think\Model.class.php 第 1055 行.
NOTIC: [2] in_array() expects parameter 2 to be array, boolean given D:\wamp64\www\shop\ThinkPHP\Library\Think\Model.class.php 第 1055 行.
NOTIC: [8] Undefined index: auto D:\wamp64\www\shop\ThinkPHP\Library\Think\Model.class.php 第 1128 行.
INFO: [ app_end ] --START--
INFO: Run Behavior\ShowPageTraceBehavior [ RunTime:0.001000s ]
INFO: [ app_end ] --END-- [ RunTime:0.001000s ]

[ 2017-02-27T16:47:52+08:00 ] 192.168.3.106 /shop/index.php/Admin/Goods/add
INFO: [ app_init ] --START--
INFO: Run Behavior\BuildLiteBehavior [ RunTime:0.000000s ]
INFO: [ app_init ] --END-- [ RunTime:0.001000s ]
INFO: [ app_begin ] --START--
INFO: Run Behavior\ReadHtmlCacheBehavior [ RunTime:0.001000s ]
INFO: [ app_begin ] --END-- [ RunTime:0.001000s ]
NOTIC: [2] call_user_func_array() expects parameter 1 to be a valid callback, function 'checkName' not found or invalid function name D:\wamp64\www\shop\Application\Admin\Model\GoodsModel.class.php 第 16 行.
NOTIC: [8] Undefined index: validate D:\wamp64\www\shop\ThinkPHP\Library\Think\Model.class.php 第 1185 行.
NOTIC: [2] call_user_func_array() expects parameter 1 to be a valid callback, function 'checkName' not found or invalid function name D:\wamp64\www\shop\ThinkPHP\Library\Think\Model.class.php 第 1281 行.
NOTIC: [2] in_array() expects parameter 2 to be array, boolean given D:\wamp64\www\shop\ThinkPHP\Library\Think\Model.class.php 第 1055 行.
NOTIC: [2] in_array() expects parameter 2 to be array, boolean given D:\wamp64\www\shop\ThinkPHP\Library\Think\Model.class.php 第 1055 行.
NOTIC: [2] in_array() expects parameter 2 to be array, boolean given D:\wamp64\www\shop\ThinkPHP\Library\Think\Model.class.php 第 1055 行.
NOTIC: [2] in_array() expects parameter 2 to be array, boolean given D:\wamp64\www\shop\ThinkPHP\Library\Think\Model.class.php 第 1055 行.
NOTIC: [2] in_array() expects parameter 2 to be array, boolean given D:\wamp64\www\shop\ThinkPHP\Library\Think\Model.class.php 第 1055 行.
NOTIC: [2] in_array() expects parameter 2 to be array, boolean given D:\wamp64\www\shop\ThinkPHP\Library\Think\Model.class.php 第 1055 行.
NOTIC: [2] in_array() expects parameter 2 to be array, boolean given D:\wamp64\www\shop\ThinkPHP\Library\Think\Model.class.php 第 1055 行.
NOTIC: [2] in_array() expects parameter 2 to be array, boolean given D:\wamp64\www\shop\ThinkPHP\Library\Think\Model.class.php 第 1055 行.
NOTIC: [8] Undefined index: auto D:\wamp64\www\shop\ThinkPHP\Library\Think\Model.class.php 第 1128 行.
INFO: [ app_end ] --START--
INFO: Run Behavior\ShowPageTraceBehavior [ RunTime:0.001000s ]
INFO: [ app_end ] --END-- [ RunTime:0.001000s ]

[ 2017-02-27T16:47:56+08:00 ] 192.168.3.106 /shop/index.php/Admin/Goods/add
INFO: [ app_init ] --START--
INFO: Run Behavior\BuildLiteBehavior [ RunTime:0.000000s ]
INFO: [ app_init ] --END-- [ RunTime:0.001000s ]
INFO: [ app_begin ] --START--
INFO: Run Behavior\ReadHtmlCacheBehavior [ RunTime:0.001000s ]
INFO: [ app_begin ] --END-- [ RunTime:0.001000s ]
NOTIC: [2] call_user_func_array() expects parameter 1 to be a valid callback, function 'checkName' not found or invalid function name D:\wamp64\www\shop\Application\Admin\Model\GoodsModel.class.php 第 16 行.
NOTIC: [8] Undefined index: validate D:\wamp64\www\shop\ThinkPHP\Library\Think\Model.class.php 第 1185 行.
NOTIC: [2] call_user_func_array() expects parameter 1 to be a valid callback, function 'checkName' not found or invalid function name D:\wamp64\www\shop\ThinkPHP\Library\Think\Model.class.php 第 1281 行.
NOTIC: [2] in_array() expects parameter 2 to be array, boolean given D:\wamp64\www\shop\ThinkPHP\Library\Think\Model.class.php 第 1055 行.
NOTIC: [2] in_array() expects parameter 2 to be array, boolean given D:\wamp64\www\shop\ThinkPHP\Library\Think\Model.class.php 第 1055 行.
NOTIC: [2] in_array() expects parameter 2 to be array, boolean given D:\wamp64\www\shop\ThinkPHP\Library\Think\Model.class.php 第 1055 行.
NOTIC: [2] in_array() expects parameter 2 to be array, boolean given D:\wamp64\www\shop\ThinkPHP\Library\Think\Model.class.php 第 1055 行.
NOTIC: [2] in_array() expects parameter 2 to be array, boolean given D:\wamp64\www\shop\ThinkPHP\Library\Think\Model.class.php 第 1055 行.
NOTIC: [2] in_array() expects parameter 2 to be array, boolean given D:\wamp64\www\shop\ThinkPHP\Library\Think\Model.class.php 第 1055 行.
NOTIC: [2] in_array() expects parameter 2 to be array, boolean given D:\wamp64\www\shop\ThinkPHP\Library\Think\Model.class.php 第 1055 行.
NOTIC: [2] in_array() expects parameter 2 to be array, boolean given D:\wamp64\www\shop\ThinkPHP\Library\Think\Model.class.php 第 1055 行.
NOTIC: [8] Undefined index: auto D:\wamp64\www\shop\ThinkPHP\Library\Think\Model.class.php 第 1128 行.
INFO: [ app_end ] --START--
INFO: Run Behavior\ShowPageTraceBehavior [ RunTime:0.001000s ]
INFO: [ app_end ] --END-- [ RunTime:0.001000s ]

[ 2017-02-27T16:48:10+08:00 ] 192.168.3.106 /shop/index.php/Admin/Goods/add
INFO: [ app_init ] --START--
INFO: Run Behavior\BuildLiteBehavior [ RunTime:0.000000s ]
INFO: [ app_init ] --END-- [ RunTime:0.001001s ]
INFO: [ app_begin ] --START--
INFO: Run Behavior\ReadHtmlCacheBehavior [ RunTime:0.001000s ]
INFO: [ app_begin ] --END-- [ RunTime:0.001000s ]
NOTIC: [2] call_user_func_array() expects parameter 1 to be a valid callback, function 'checkName' not found or invalid function name D:\wamp64\www\shop\Application\Admin\Model\GoodsModel.class.php 第 17 行.
NOTIC: [8] Undefined index: validate D:\wamp64\www\shop\ThinkPHP\Library\Think\Model.class.php 第 1185 行.
NOTIC: [2] call_user_func_array() expects parameter 1 to be a valid callback, function 'checkName' not found or invalid function name D:\wamp64\www\shop\ThinkPHP\Library\Think\Model.class.php 第 1281 行.
NOTIC: [2] in_array() expects parameter 2 to be array, boolean given D:\wamp64\www\shop\ThinkPHP\Library\Think\Model.class.php 第 1055 行.
NOTIC: [2] in_array() expects parameter 2 to be array, boolean given D:\wamp64\www\shop\ThinkPHP\Library\Think\Model.class.php 第 1055 行.
NOTIC: [2] in_array() expects parameter 2 to be array, boolean given D:\wamp64\www\shop\ThinkPHP\Library\Think\Model.class.php 第 1055 行.
NOTIC: [2] in_array() expects parameter 2 to be array, boolean given D:\wamp64\www\shop\ThinkPHP\Library\Think\Model.class.php 第 1055 行.
NOTIC: [2] in_array() expects parameter 2 to be array, boolean given D:\wamp64\www\shop\ThinkPHP\Library\Think\Model.class.php 第 1055 行.
NOTIC: [2] in_array() expects parameter 2 to be array, boolean given D:\wamp64\www\shop\ThinkPHP\Library\Think\Model.class.php 第 1055 行.
NOTIC: [2] in_array() expects parameter 2 to be array, boolean given D:\wamp64\www\shop\ThinkPHP\Library\Think\Model.class.php 第 1055 行.
NOTIC: [2] in_array() expects parameter 2 to be array, boolean given D:\wamp64\www\shop\ThinkPHP\Library\Think\Model.class.php 第 1055 行.
NOTIC: [8] Undefined index: auto D:\wamp64\www\shop\ThinkPHP\Library\Think\Model.class.php 第 1128 行.
INFO: [ app_end ] --START--
INFO: Run Behavior\ShowPageTraceBehavior [ RunTime:0.001000s ]
INFO: [ app_end ] --END-- [ RunTime:0.001000s ]

[ 2017-02-27T16:48:34+08:00 ] 192.168.3.106 /shop/index.php/Admin/Goods/add
INFO: [ app_init ] --START--
INFO: Run Behavior\BuildLiteBehavior [ RunTime:0.000000s ]
INFO: [ app_init ] --END-- [ RunTime:0.000000s ]
INFO: [ app_begin ] --START--
INFO: Run Behavior\ReadHtmlCacheBehavior [ RunTime:0.001000s ]
INFO: [ app_begin ] --END-- [ RunTime:0.001000s ]
NOTIC: [2048] Declaration of Admin\Model\GoodsModel::check() should be compatible with Think\Model::check($value, $rule, $type = 'regex') D:\wamp64\www\shop\Application\Admin\Model\GoodsModel.class.php 第 14 行.
NOTIC: [2] call_user_func_array() expects parameter 1 to be a valid callback, function 'check' not found or invalid function name D:\wamp64\www\shop\Application\Admin\Model\GoodsModel.class.php 第 19 行.
NOTIC: [8] Undefined index: validate D:\wamp64\www\shop\ThinkPHP\Library\Think\Model.class.php 第 1185 行.
NOTIC: [2] call_user_func_array() expects parameter 1 to be a valid callback, function 'checkName' not found or invalid function name D:\wamp64\www\shop\ThinkPHP\Library\Think\Model.class.php 第 1281 行.
NOTIC: [2] in_array() expects parameter 2 to be array, boolean given D:\wamp64\www\shop\ThinkPHP\Library\Think\Model.class.php 第 1055 行.
NOTIC: [2] in_array() expects parameter 2 to be array, boolean given D:\wamp64\www\shop\ThinkPHP\Library\Think\Model.class.php 第 1055 行.
NOTIC: [2] in_array() expects parameter 2 to be array, boolean given D:\wamp64\www\shop\ThinkPHP\Library\Think\Model.class.php 第 1055 行.
NOTIC: [2] in_array() expects parameter 2 to be array, boolean given D:\wamp64\www\shop\ThinkPHP\Library\Think\Model.class.php 第 1055 行.
NOTIC: [2] in_array() expects parameter 2 to be array, boolean given D:\wamp64\www\shop\ThinkPHP\Library\Think\Model.class.php 第 1055 行.
NOTIC: [2] in_array() expects parameter 2 to be array, boolean given D:\wamp64\www\shop\ThinkPHP\Library\Think\Model.class.php 第 1055 行.
NOTIC: [2] in_array() expects parameter 2 to be array, boolean given D:\wamp64\www\shop\ThinkPHP\Library\Think\Model.class.php 第 1055 行.
NOTIC: [2] in_array() expects parameter 2 to be array, boolean given D:\wamp64\www\shop\ThinkPHP\Library\Think\Model.class.php 第 1055 行.
NOTIC: [8] Undefined index: auto D:\wamp64\www\shop\ThinkPHP\Library\Think\Model.class.php 第 1128 行.
INFO: [ app_end ] --START--
INFO: Run Behavior\ShowPageTraceBehavior [ RunTime:0.001000s ]
INFO: [ app_end ] --END-- [ RunTime:0.001000s ]

[ 2017-02-27T16:49:12+08:00 ] 192.168.3.106 /shop/index.php/Admin/Goods/add
INFO: [ app_init ] --START--
INFO: Run Behavior\BuildLiteBehavior [ RunTime:0.000000s ]
INFO: [ app_init ] --END-- [ RunTime:0.000000s ]
INFO: [ app_begin ] --START--
INFO: Run Behavior\ReadHtmlCacheBehavior [ RunTime:0.000000s ]
INFO: [ app_begin ] --END-- [ RunTime:0.000000s ]
NOTIC: [2048] Declaration of Admin\Model\GoodsModel::check() should be compatible with Think\Model::check($value, $rule, $type = 'regex') D:\wamp64\www\shop\Application\Admin\Model\GoodsModel.class.php 第 14 行.
NOTIC: [2] call_user_func_array() expects parameter 1 to be a valid callback, function 'check' not found or invalid function name D:\wamp64\www\shop\Application\Admin\Model\GoodsModel.class.php 第 19 行.
NOTIC: [8] Undefined index: validate D:\wamp64\www\shop\ThinkPHP\Library\Think\Model.class.php 第 1185 行.
NOTIC: [2] call_user_func_array() expects parameter 1 to be a valid callback, function 'checkName' not found or invalid function name D:\wamp64\www\shop\ThinkPHP\Library\Think\Model.class.php 第 1281 行.
NOTIC: [2] in_array() expects parameter 2 to be array, boolean given D:\wamp64\www\shop\ThinkPHP\Library\Think\Model.class.php 第 1055 行.
NOTIC: [2] in_array() expects parameter 2 to be array, boolean given D:\wamp64\www\shop\ThinkPHP\Library\Think\Model.class.php 第 1055 行.
NOTIC: [2] in_array() expects parameter 2 to be array, boolean given D:\wamp64\www\shop\ThinkPHP\Library\Think\Model.class.php 第 1055 行.
NOTIC: [2] in_array() expects parameter 2 to be array, boolean given D:\wamp64\www\shop\ThinkPHP\Library\Think\Model.class.php 第 1055 行.
NOTIC: [2] in_array() expects parameter 2 to be array, boolean given D:\wamp64\www\shop\ThinkPHP\Library\Think\Model.class.php 第 1055 行.
NOTIC: [2] in_array() expects parameter 2 to be array, boolean given D:\wamp64\www\shop\ThinkPHP\Library\Think\Model.class.php 第 1055 行.
NOTIC: [2] in_array() expects parameter 2 to be array, boolean given D:\wamp64\www\shop\ThinkPHP\Library\Think\Model.class.php 第 1055 行.
NOTIC: [2] in_array() expects parameter 2 to be array, boolean given D:\wamp64\www\shop\ThinkPHP\Library\Think\Model.class.php 第 1055 行.
NOTIC: [8] Undefined index: auto D:\wamp64\www\shop\ThinkPHP\Library\Think\Model.class.php 第 1128 行.
INFO: [ app_end ] --START--
INFO: Run Behavior\ShowPageTraceBehavior [ RunTime:0.000000s ]
INFO: [ app_end ] --END-- [ RunTime:0.000000s ]

[ 2017-02-27T16:49:52+08:00 ] 192.168.3.106 /shop/index.php/Admin/Goods/add
INFO: [ app_init ] --START--
INFO: Run Behavior\BuildLiteBehavior [ RunTime:0.000000s ]
INFO: [ app_init ] --END-- [ RunTime:0.001001s ]
INFO: [ app_begin ] --START--
INFO: Run Behavior\ReadHtmlCacheBehavior [ RunTime:0.001000s ]
INFO: [ app_begin ] --END-- [ RunTime:0.001000s ]
NOTIC: [2048] Declaration of Admin\Model\GoodsModel::check() should be compatible with Think\Model::check($value, $rule, $type = 'regex') D:\wamp64\www\shop\Application\Admin\Model\GoodsModel.class.php 第 14 行.
NOTIC: [2] call_user_func_array() expects parameter 1 to be a valid callback, function 'check' not found or invalid function name D:\wamp64\www\shop\Application\Admin\Model\GoodsModel.class.php 第 19 行.
NOTIC: [8] Undefined index: validate D:\wamp64\www\shop\ThinkPHP\Library\Think\Model.class.php 第 1185 行.
NOTIC: [2] call_user_func_array() expects parameter 1 to be a valid callback, function 'checkName' not found or invalid function name D:\wamp64\www\shop\ThinkPHP\Library\Think\Model.class.php 第 1281 行.
NOTIC: [2] in_array() expects parameter 2 to be array, boolean given D:\wamp64\www\shop\ThinkPHP\Library\Think\Model.class.php 第 1055 行.
NOTIC: [2] in_array() expects parameter 2 to be array, boolean given D:\wamp64\www\shop\ThinkPHP\Library\Think\Model.class.php 第 1055 行.
NOTIC: [2] in_array() expects parameter 2 to be array, boolean given D:\wamp64\www\shop\ThinkPHP\Library\Think\Model.class.php 第 1055 行.
NOTIC: [2] in_array() expects parameter 2 to be array, boolean given D:\wamp64\www\shop\ThinkPHP\Library\Think\Model.class.php 第 1055 行.
NOTIC: [2] in_array() expects parameter 2 to be array, boolean given D:\wamp64\www\shop\ThinkPHP\Library\Think\Model.class.php 第 1055 行.
NOTIC: [2] in_array() expects parameter 2 to be array, boolean given D:\wamp64\www\shop\ThinkPHP\Library\Think\Model.class.php 第 1055 行.
NOTIC: [2] in_array() expects parameter 2 to be array, boolean given D:\wamp64\www\shop\ThinkPHP\Library\Think\Model.class.php 第 1055 行.
NOTIC: [2] in_array() expects parameter 2 to be array, boolean given D:\wamp64\www\shop\ThinkPHP\Library\Think\Model.class.php 第 1055 行.
NOTIC: [8] Undefined index: auto D:\wamp64\www\shop\ThinkPHP\Library\Think\Model.class.php 第 1128 行.
INFO: [ app_end ] --START--
INFO: Run Behavior\ShowPageTraceBehavior [ RunTime:0.001000s ]
INFO: [ app_end ] --END-- [ RunTime:0.001000s ]

[ 2017-02-27T16:49:55+08:00 ] 192.168.3.106 /shop/index.php/Admin/Goods/add
INFO: [ app_init ] --START--
INFO: Run Behavior\BuildLiteBehavior [ RunTime:0.000000s ]
INFO: [ app_init ] --END-- [ RunTime:0.001000s ]
INFO: [ app_begin ] --START--
INFO: Run Behavior\ReadHtmlCacheBehavior [ RunTime:0.001000s ]
INFO: [ app_begin ] --END-- [ RunTime:0.001000s ]
NOTIC: [2048] Declaration of Admin\Model\GoodsModel::check() should be compatible with Think\Model::check($value, $rule, $type = 'regex') D:\wamp64\www\shop\Application\Admin\Model\GoodsModel.class.php 第 14 行.
NOTIC: [2] call_user_func_array() expects parameter 1 to be a valid callback, function 'check' not found or invalid function name D:\wamp64\www\shop\Application\Admin\Model\GoodsModel.class.php 第 19 行.
NOTIC: [8] Undefined index: validate D:\wamp64\www\shop\ThinkPHP\Library\Think\Model.class.php 第 1185 行.
NOTIC: [2] call_user_func_array() expects parameter 1 to be a valid callback, function 'checkName' not found or invalid function name D:\wamp64\www\shop\ThinkPHP\Library\Think\Model.class.php 第 1281 行.
NOTIC: [2] in_array() expects parameter 2 to be array, boolean given D:\wamp64\www\shop\ThinkPHP\Library\Think\Model.class.php 第 1055 行.
NOTIC: [2] in_array() expects parameter 2 to be array, boolean given D:\wamp64\www\shop\ThinkPHP\Library\Think\Model.class.php 第 1055 行.
NOTIC: [2] in_array() expects parameter 2 to be array, boolean given D:\wamp64\www\shop\ThinkPHP\Library\Think\Model.class.php 第 1055 行.
NOTIC: [2] in_array() expects parameter 2 to be array, boolean given D:\wamp64\www\shop\ThinkPHP\Library\Think\Model.class.php 第 1055 行.
NOTIC: [2] in_array() expects parameter 2 to be array, boolean given D:\wamp64\www\shop\ThinkPHP\Library\Think\Model.class.php 第 1055 行.
NOTIC: [2] in_array() expects parameter 2 to be array, boolean given D:\wamp64\www\shop\ThinkPHP\Library\Think\Model.class.php 第 1055 行.
NOTIC: [2] in_array() expects parameter 2 to be array, boolean given D:\wamp64\www\shop\ThinkPHP\Library\Think\Model.class.php 第 1055 行.
NOTIC: [2] in_array() expects parameter 2 to be array, boolean given D:\wamp64\www\shop\ThinkPHP\Library\Think\Model.class.php 第 1055 行.
NOTIC: [8] Undefined index: auto D:\wamp64\www\shop\ThinkPHP\Library\Think\Model.class.php 第 1128 行.
INFO: [ app_end ] --START--
INFO: Run Behavior\ShowPageTraceBehavior [ RunTime:0.001001s ]
INFO: [ app_end ] --END-- [ RunTime:0.001001s ]

[ 2017-02-27T16:50:10+08:00 ] 192.168.3.106 /shop/index.php/Admin/Goods/add
INFO: [ app_init ] --START--
INFO: Run Behavior\BuildLiteBehavior [ RunTime:0.001000s ]
INFO: [ app_init ] --END-- [ RunTime:0.001000s ]
INFO: [ app_begin ] --START--
INFO: Run Behavior\ReadHtmlCacheBehavior [ RunTime:0.001000s ]
INFO: [ app_begin ] --END-- [ RunTime:0.001000s ]
NOTIC: [2048] Declaration of Admin\Model\GoodsModel::check() should be compatible with Think\Model::check($value, $rule, $type = 'regex') D:\wamp64\www\shop\Application\Admin\Model\GoodsModel.class.php 第 14 行.
NOTIC: [2] call_user_func_array() expects parameter 1 to be a valid callback, function 'check' not found or invalid function name D:\wamp64\www\shop\Application\Admin\Model\GoodsModel.class.php 第 19 行.
NOTIC: [8] Undefined index: validate D:\wamp64\www\shop\ThinkPHP\Library\Think\Model.class.php 第 1185 行.
NOTIC: [2] call_user_func_array() expects parameter 1 to be a valid callback, function 'checkName' not found or invalid function name D:\wamp64\www\shop\ThinkPHP\Library\Think\Model.class.php 第 1281 行.
NOTIC: [2] in_array() expects parameter 2 to be array, boolean given D:\wamp64\www\shop\ThinkPHP\Library\Think\Model.class.php 第 1055 行.
NOTIC: [2] in_array() expects parameter 2 to be array, boolean given D:\wamp64\www\shop\ThinkPHP\Library\Think\Model.class.php 第 1055 行.
NOTIC: [2] in_array() expects parameter 2 to be array, boolean given D:\wamp64\www\shop\ThinkPHP\Library\Think\Model.class.php 第 1055 行.
NOTIC: [2] in_array() expects parameter 2 to be array, boolean given D:\wamp64\www\shop\ThinkPHP\Library\Think\Model.class.php 第 1055 行.
NOTIC: [2] in_array() expects parameter 2 to be array, boolean given D:\wamp64\www\shop\ThinkPHP\Library\Think\Model.class.php 第 1055 行.
NOTIC: [2] in_array() expects parameter 2 to be array, boolean given D:\wamp64\www\shop\ThinkPHP\Library\Think\Model.class.php 第 1055 行.
NOTIC: [2] in_array() expects parameter 2 to be array, boolean given D:\wamp64\www\shop\ThinkPHP\Library\Think\Model.class.php 第 1055 行.
NOTIC: [2] in_array() expects parameter 2 to be array, boolean given D:\wamp64\www\shop\ThinkPHP\Library\Think\Model.class.php 第 1055 行.
NOTIC: [8] Undefined index: auto D:\wamp64\www\shop\ThinkPHP\Library\Think\Model.class.php 第 1128 行.
INFO: [ app_end ] --START--
INFO: Run Behavior\ShowPageTraceBehavior [ RunTime:0.001001s ]
INFO: [ app_end ] --END-- [ RunTime:0.001001s ]

[ 2017-02-27T16:50:13+08:00 ] 192.168.3.106 /shop/index.php/Admin/Goods/add
INFO: [ app_init ] --START--
INFO: Run Behavior\BuildLiteBehavior [ RunTime:0.000000s ]
INFO: [ app_init ] --END-- [ RunTime:0.001000s ]
INFO: [ app_begin ] --START--
INFO: Run Behavior\ReadHtmlCacheBehavior [ RunTime:0.001000s ]
INFO: [ app_begin ] --END-- [ RunTime:0.001000s ]
NOTIC: [2048] Declaration of Admin\Model\GoodsModel::check() should be compatible with Think\Model::check($value, $rule, $type = 'regex') D:\wamp64\www\shop\Application\Admin\Model\GoodsModel.class.php 第 14 行.
NOTIC: [2] call_user_func_array() expects parameter 1 to be a valid callback, function 'check' not found or invalid function name D:\wamp64\www\shop\Application\Admin\Model\GoodsModel.class.php 第 19 行.
NOTIC: [8] Undefined index: validate D:\wamp64\www\shop\ThinkPHP\Library\Think\Model.class.php 第 1185 行.
NOTIC: [2] call_user_func_array() expects parameter 1 to be a valid callback, function 'checkName' not found or invalid function name D:\wamp64\www\shop\ThinkPHP\Library\Think\Model.class.php 第 1281 行.
NOTIC: [2] in_array() expects parameter 2 to be array, boolean given D:\wamp64\www\shop\ThinkPHP\Library\Think\Model.class.php 第 1055 行.
NOTIC: [2] in_array() expects parameter 2 to be array, boolean given D:\wamp64\www\shop\ThinkPHP\Library\Think\Model.class.php 第 1055 行.
NOTIC: [2] in_array() expects parameter 2 to be array, boolean given D:\wamp64\www\shop\ThinkPHP\Library\Think\Model.class.php 第 1055 行.
NOTIC: [2] in_array() expects parameter 2 to be array, boolean given D:\wamp64\www\shop\ThinkPHP\Library\Think\Model.class.php 第 1055 行.
NOTIC: [2] in_array() expects parameter 2 to be array, boolean given D:\wamp64\www\shop\ThinkPHP\Library\Think\Model.class.php 第 1055 行.
NOTIC: [2] in_array() expects parameter 2 to be array, boolean given D:\wamp64\www\shop\ThinkPHP\Library\Think\Model.class.php 第 1055 行.
NOTIC: [2] in_array() expects parameter 2 to be array, boolean given D:\wamp64\www\shop\ThinkPHP\Library\Think\Model.class.php 第 1055 行.
NOTIC: [2] in_array() expects parameter 2 to be array, boolean given D:\wamp64\www\shop\ThinkPHP\Library\Think\Model.class.php 第 1055 行.
NOTIC: [8] Undefined index: auto D:\wamp64\www\shop\ThinkPHP\Library\Think\Model.class.php 第 1128 行.
INFO: [ app_end ] --START--
INFO: Run Behavior\ShowPageTraceBehavior [ RunTime:0.001000s ]
INFO: [ app_end ] --END-- [ RunTime:0.001000s ]

[ 2017-02-27T16:50:19+08:00 ] 192.168.3.106 /shop/index.php/Admin/Goods/add
INFO: [ app_init ] --START--
INFO: Run Behavior\BuildLiteBehavior [ RunTime:0.000000s ]
INFO: [ app_init ] --END-- [ RunTime:0.001000s ]
INFO: [ app_begin ] --START--
INFO: Run Behavior\ReadHtmlCacheBehavior [ RunTime:0.001000s ]
INFO: [ app_begin ] --END-- [ RunTime:0.001000s ]
NOTIC: [2048] Declaration of Admin\Model\GoodsModel::check() should be compatible with Think\Model::check($value, $rule, $type = 'regex') D:\wamp64\www\shop\Application\Admin\Model\GoodsModel.class.php 第 14 行.
NOTIC: [2] call_user_func_array() expects parameter 1 to be a valid callback, function 'check' not found or invalid function name D:\wamp64\www\shop\Application\Admin\Model\GoodsModel.class.php 第 19 行.
NOTIC: [8] Undefined index: validate D:\wamp64\www\shop\ThinkPHP\Library\Think\Model.class.php 第 1185 行.
NOTIC: [2] call_user_func_array() expects parameter 1 to be a valid callback, function 'checkName' not found or invalid function name D:\wamp64\www\shop\ThinkPHP\Library\Think\Model.class.php 第 1281 行.
NOTIC: [2] in_array() expects parameter 2 to be array, boolean given D:\wamp64\www\shop\ThinkPHP\Library\Think\Model.class.php 第 1055 行.
NOTIC: [2] in_array() expects parameter 2 to be array, boolean given D:\wamp64\www\shop\ThinkPHP\Library\Think\Model.class.php 第 1055 行.
NOTIC: [2] in_array() expects parameter 2 to be array, boolean given D:\wamp64\www\shop\ThinkPHP\Library\Think\Model.class.php 第 1055 行.
NOTIC: [2] in_array() expects parameter 2 to be array, boolean given D:\wamp64\www\shop\ThinkPHP\Library\Think\Model.class.php 第 1055 行.
NOTIC: [2] in_array() expects parameter 2 to be array, boolean given D:\wamp64\www\shop\ThinkPHP\Library\Think\Model.class.php 第 1055 行.
NOTIC: [2] in_array() expects parameter 2 to be array, boolean given D:\wamp64\www\shop\ThinkPHP\Library\Think\Model.class.php 第 1055 行.
NOTIC: [2] in_array() expects parameter 2 to be array, boolean given D:\wamp64\www\shop\ThinkPHP\Library\Think\Model.class.php 第 1055 行.
NOTIC: [2] in_array() expects parameter 2 to be array, boolean given D:\wamp64\www\shop\ThinkPHP\Library\Think\Model.class.php 第 1055 行.
NOTIC: [8] Undefined index: auto D:\wamp64\www\shop\ThinkPHP\Library\Think\Model.class.php 第 1128 行.
INFO: [ app_end ] --START--
INFO: Run Behavior\ShowPageTraceBehavior [ RunTime:0.001000s ]
INFO: [ app_end ] --END-- [ RunTime:0.001000s ]

[ 2017-02-27T16:51:05+08:00 ] 192.168.3.106 /shop/index.php/Admin/Goods/add
INFO: [ app_init ] --START--
INFO: Run Behavior\BuildLiteBehavior [ RunTime:0.000000s ]
INFO: [ app_init ] --END-- [ RunTime:0.001000s ]
INFO: [ app_begin ] --START--
INFO: Run Behavior\ReadHtmlCacheBehavior [ RunTime:0.001000s ]
INFO: [ app_begin ] --END-- [ RunTime:0.001000s ]
NOTIC: [2048] Declaration of Admin\Model\GoodsModel::check() should be compatible with Think\Model::check($value, $rule, $type = 'regex') D:\wamp64\www\shop\Application\Admin\Model\GoodsModel.class.php 第 14 行.
NOTIC: [2] call_user_func() expects parameter 1 to be a valid callback, function 'check' not found or invalid function name D:\wamp64\www\shop\Application\Admin\Model\GoodsModel.class.php 第 19 行.
NOTIC: [8] Undefined index: validate D:\wamp64\www\shop\ThinkPHP\Library\Think\Model.class.php 第 1185 行.
NOTIC: [2] call_user_func_array() expects parameter 1 to be a valid callback, function 'checkName' not found or invalid function name D:\wamp64\www\shop\ThinkPHP\Library\Think\Model.class.php 第 1281 行.
NOTIC: [2] in_array() expects parameter 2 to be array, boolean given D:\wamp64\www\shop\ThinkPHP\Library\Think\Model.class.php 第 1055 行.
NOTIC: [2] in_array() expects parameter 2 to be array, boolean given D:\wamp64\www\shop\ThinkPHP\Library\Think\Model.class.php 第 1055 行.
NOTIC: [2] in_array() expects parameter 2 to be array, boolean given D:\wamp64\www\shop\ThinkPHP\Library\Think\Model.class.php 第 1055 行.
NOTIC: [2] in_array() expects parameter 2 to be array, boolean given D:\wamp64\www\shop\ThinkPHP\Library\Think\Model.class.php 第 1055 行.
NOTIC: [2] in_array() expects parameter 2 to be array, boolean given D:\wamp64\www\shop\ThinkPHP\Library\Think\Model.class.php 第 1055 行.
NOTIC: [2] in_array() expects parameter 2 to be array, boolean given D:\wamp64\www\shop\ThinkPHP\Library\Think\Model.class.php 第 1055 行.
NOTIC: [2] in_array() expects parameter 2 to be array, boolean given D:\wamp64\www\shop\ThinkPHP\Library\Think\Model.class.php 第 1055 行.
NOTIC: [2] in_array() expects parameter 2 to be array, boolean given D:\wamp64\www\shop\ThinkPHP\Library\Think\Model.class.php 第 1055 行.
NOTIC: [8] Undefined index: auto D:\wamp64\www\shop\ThinkPHP\Library\Think\Model.class.php 第 1128 行.
INFO: [ app_end ] --START--
INFO: Run Behavior\ShowPageTraceBehavior [ RunTime:0.001000s ]
INFO: [ app_end ] --END-- [ RunTime:0.002000s ]

[ 2017-02-27T16:51:08+08:00 ] 192.168.3.106 /shop/index.php/Admin/Goods/add
INFO: [ app_init ] --START--
INFO: Run Behavior\BuildLiteBehavior [ RunTime:0.000000s ]
INFO: [ app_init ] --END-- [ RunTime:0.001000s ]
INFO: [ app_begin ] --START--
INFO: Run Behavior\ReadHtmlCacheBehavior [ RunTime:0.001000s ]
INFO: [ app_begin ] --END-- [ RunTime:0.001000s ]
NOTIC: [2048] Declaration of Admin\Model\GoodsModel::check() should be compatible with Think\Model::check($value, $rule, $type = 'regex') D:\wamp64\www\shop\Application\Admin\Model\GoodsModel.class.php 第 14 行.
NOTIC: [2] call_user_func() expects parameter 1 to be a valid callback, function 'check' not found or invalid function name D:\wamp64\www\shop\Application\Admin\Model\GoodsModel.class.php 第 19 行.
NOTIC: [8] Undefined index: validate D:\wamp64\www\shop\ThinkPHP\Library\Think\Model.class.php 第 1185 行.
NOTIC: [2] call_user_func_array() expects parameter 1 to be a valid callback, function 'checkName' not found or invalid function name D:\wamp64\www\shop\ThinkPHP\Library\Think\Model.class.php 第 1281 行.
NOTIC: [2] in_array() expects parameter 2 to be array, boolean given D:\wamp64\www\shop\ThinkPHP\Library\Think\Model.class.php 第 1055 行.
NOTIC: [2] in_array() expects parameter 2 to be array, boolean given D:\wamp64\www\shop\ThinkPHP\Library\Think\Model.class.php 第 1055 行.
NOTIC: [2] in_array() expects parameter 2 to be array, boolean given D:\wamp64\www\shop\ThinkPHP\Library\Think\Model.class.php 第 1055 行.
NOTIC: [2] in_array() expects parameter 2 to be array, boolean given D:\wamp64\www\shop\ThinkPHP\Library\Think\Model.class.php 第 1055 行.
NOTIC: [2] in_array() expects parameter 2 to be array, boolean given D:\wamp64\www\shop\ThinkPHP\Library\Think\Model.class.php 第 1055 行.
NOTIC: [2] in_array() expects parameter 2 to be array, boolean given D:\wamp64\www\shop\ThinkPHP\Library\Think\Model.class.php 第 1055 行.
NOTIC: [2] in_array() expects parameter 2 to be array, boolean given D:\wamp64\www\shop\ThinkPHP\Library\Think\Model.class.php 第 1055 行.
NOTIC: [2] in_array() expects parameter 2 to be array, boolean given D:\wamp64\www\shop\ThinkPHP\Library\Think\Model.class.php 第 1055 行.
NOTIC: [8] Undefined index: auto D:\wamp64\www\shop\ThinkPHP\Library\Think\Model.class.php 第 1128 行.
INFO: [ app_end ] --START--
INFO: Run Behavior\ShowPageTraceBehavior [ RunTime:0.001000s ]
INFO: [ app_end ] --END-- [ RunTime:0.001000s ]

[ 2017-02-27T16:56:37+08:00 ] 192.168.3.106 /shop/index.php/Admin/Goods/add
INFO: [ app_init ] --START--
INFO: Run Behavior\BuildLiteBehavior [ RunTime:0.000000s ]
INFO: [ app_init ] --END-- [ RunTime:0.001000s ]
INFO: [ app_begin ] --START--
INFO: Run Behavior\ReadHtmlCacheBehavior [ RunTime:0.000000s ]
INFO: [ app_begin ] --END-- [ RunTime:0.002000s ]
NOTIC: [2] call_user_func() expects parameter 1 to be a valid callback, function 'check' not found or invalid function name D:\wamp64\www\shop\Application\Admin\Model\GoodsModel.class.php 第 19 行.
NOTIC: [8] Undefined index: validate D:\wamp64\www\shop\ThinkPHP\Library\Think\Model.class.php 第 1185 行.
NOTIC: [2] preg_match(): Delimiter must not be alphanumeric or backslash D:\wamp64\www\shop\ThinkPHP\Library\Think\Model.class.php 第 1117 行.
INFO: [ app_end ] --START--
INFO: Run Behavior\ShowPageTraceBehavior [ RunTime:0.001000s ]
INFO: [ app_end ] --END-- [ RunTime:0.001000s ]

[ 2017-02-27T16:56:46+08:00 ] 192.168.3.106 /shop/index.php/Admin/Goods/add
INFO: [ app_init ] --START--
INFO: Run Behavior\BuildLiteBehavior [ RunTime:0.000000s ]
INFO: [ app_init ] --END-- [ RunTime:0.001000s ]
INFO: [ app_begin ] --START--
INFO: Run Behavior\ReadHtmlCacheBehavior [ RunTime:0.001000s ]
INFO: [ app_begin ] --END-- [ RunTime:0.001000s ]
NOTIC: [8] Undefined index: validate D:\wamp64\www\shop\ThinkPHP\Library\Think\Model.class.php 第 1185 行.
NOTIC: [2] preg_match(): Delimiter must not be alphanumeric or backslash D:\wamp64\www\shop\ThinkPHP\Library\Think\Model.class.php 第 1117 行.
INFO: [ app_end ] --START--
INFO: Run Behavior\ShowPageTraceBehavior [ RunTime:0.001000s ]
INFO: [ app_end ] --END-- [ RunTime:0.002000s ]

[ 2017-02-27T16:57:03+08:00 ] 192.168.3.106 /shop/index.php/Admin/Goods/add
INFO: [ app_init ] --START--
INFO: Run Behavior\BuildLiteBehavior [ RunTime:0.000000s ]
INFO: [ app_init ] --END-- [ RunTime:0.001000s ]
INFO: [ app_begin ] --START--
INFO: Run Behavior\ReadHtmlCacheBehavior [ RunTime:0.000000s ]
INFO: [ app_begin ] --END-- [ RunTime:0.001000s ]
NOTIC: [8] Undefined index: validate D:\wamp64\www\shop\ThinkPHP\Library\Think\Model.class.php 第 1185 行.
NOTIC: [2] preg_match(): Delimiter must not be alphanumeric or backslash D:\wamp64\www\shop\ThinkPHP\Library\Think\Model.class.php 第 1117 行.
INFO: [ app_end ] --START--
INFO: Run Behavior\ShowPageTraceBehavior [ RunTime:0.001000s ]
INFO: [ app_end ] --END-- [ RunTime:0.001000s ]

[ 2017-02-27T16:58:56+08:00 ] 192.168.3.106 /shop/index.php/Admin/Goods/add
INFO: [ app_init ] --START--
INFO: Run Behavior\BuildLiteBehavior [ RunTime:0.000000s ]
INFO: [ app_init ] --END-- [ RunTime:0.001000s ]
INFO: [ app_begin ] --START--
INFO: Run Behavior\ReadHtmlCacheBehavior [ RunTime:0.001001s ]
INFO: [ app_begin ] --END-- [ RunTime:0.001001s ]
NOTIC: [8] Undefined index: validate D:\wamp64\www\shop\ThinkPHP\Library\Think\Model.class.php 第 1185 行.
NOTIC: [2] call_user_func_array() expects parameter 1 to be a valid callback, function 'checkPwd' not found or invalid function name D:\wamp64\www\shop\ThinkPHP\Library\Think\Model.class.php 第 1281 行.
NOTIC: [2] in_array() expects parameter 2 to be array, boolean given D:\wamp64\www\shop\ThinkPHP\Library\Think\Model.class.php 第 1055 行.
NOTIC: [2] in_array() expects parameter 2 to be array, boolean given D:\wamp64\www\shop\ThinkPHP\Library\Think\Model.class.php 第 1055 行.
NOTIC: [2] in_array() expects parameter 2 to be array, boolean given D:\wamp64\www\shop\ThinkPHP\Library\Think\Model.class.php 第 1055 行.
NOTIC: [2] in_array() expects parameter 2 to be array, boolean given D:\wamp64\www\shop\ThinkPHP\Library\Think\Model.class.php 第 1055 行.
NOTIC: [2] in_array() expects parameter 2 to be array, boolean given D:\wamp64\www\shop\ThinkPHP\Library\Think\Model.class.php 第 1055 行.
NOTIC: [2] in_array() expects parameter 2 to be array, boolean given D:\wamp64\www\shop\ThinkPHP\Library\Think\Model.class.php 第 1055 行.
NOTIC: [2] in_array() expects parameter 2 to be array, boolean given D:\wamp64\www\shop\ThinkPHP\Library\Think\Model.class.php 第 1055 行.
NOTIC: [2] in_array() expects parameter 2 to be array, boolean given D:\wamp64\www\shop\ThinkPHP\Library\Think\Model.class.php 第 1055 行.
NOTIC: [8] Undefined index: auto D:\wamp64\www\shop\ThinkPHP\Library\Think\Model.class.php 第 1128 行.
INFO: [ app_end ] --START--
INFO: Run Behavior\ShowPageTraceBehavior [ RunTime:0.001000s ]
INFO: [ app_end ] --END-- [ RunTime:0.001000s ]

